[2024-07-27T13:45:14.325+0000] {processor.py:161} INFO - Started process (PID=46) to work on /home/airflow/.local/lib/python3.12/site-packages/airflow/example_dags/example_xcom.py
[2024-07-27T13:45:14.326+0000] {processor.py:830} INFO - Processing file /home/airflow/.local/lib/python3.12/site-packages/airflow/example_dags/example_xcom.py for tasks to queue
[2024-07-27T13:45:14.329+0000] {logging_mixin.py:188} INFO - [2024-07-27T13:45:14.328+0000] {dagbag.py:545} INFO - Filling up the DagBag from /home/airflow/.local/lib/python3.12/site-packages/airflow/example_dags/example_xcom.py
[2024-07-27T13:45:14.339+0000] {processor.py:840} INFO - DAG(s) 'example_xcom' retrieved from /home/airflow/.local/lib/python3.12/site-packages/airflow/example_dags/example_xcom.py
[2024-07-27T13:45:14.355+0000] {logging_mixin.py:188} INFO - [2024-07-27T13:45:14.355+0000] {dag.py:3096} INFO - Sync 1 DAGs
[2024-07-27T13:45:14.385+0000] {logging_mixin.py:188} INFO - [2024-07-27T13:45:14.385+0000] {dag.py:3954} INFO - Setting next_dagrun for example_xcom to 2021-01-01 00:00:00+00:00, run_after=2021-01-01 00:00:00+00:00
[2024-07-27T13:45:14.407+0000] {processor.py:183} INFO - Processing /home/airflow/.local/lib/python3.12/site-packages/airflow/example_dags/example_xcom.py took 0.088 seconds
[2024-07-27T13:45:44.883+0000] {processor.py:161} INFO - Started process (PID=104) to work on /home/airflow/.local/lib/python3.12/site-packages/airflow/example_dags/example_xcom.py
[2024-07-27T13:45:44.886+0000] {processor.py:830} INFO - Processing file /home/airflow/.local/lib/python3.12/site-packages/airflow/example_dags/example_xcom.py for tasks to queue
[2024-07-27T13:45:44.887+0000] {logging_mixin.py:188} INFO - [2024-07-27T13:45:44.887+0000] {dagbag.py:545} INFO - Filling up the DagBag from /home/airflow/.local/lib/python3.12/site-packages/airflow/example_dags/example_xcom.py
[2024-07-27T13:45:44.891+0000] {processor.py:840} INFO - DAG(s) 'example_xcom' retrieved from /home/airflow/.local/lib/python3.12/site-packages/airflow/example_dags/example_xcom.py
[2024-07-27T13:45:45.093+0000] {logging_mixin.py:188} INFO - [2024-07-27T13:45:45.092+0000] {dag.py:3096} INFO - Sync 1 DAGs
[2024-07-27T13:45:45.127+0000] {logging_mixin.py:188} INFO - [2024-07-27T13:45:45.126+0000] {dag.py:3954} INFO - Setting next_dagrun for example_xcom to 2021-01-01 00:00:00+00:00, run_after=2021-01-01 00:00:00+00:00
[2024-07-27T13:45:45.173+0000] {processor.py:183} INFO - Processing /home/airflow/.local/lib/python3.12/site-packages/airflow/example_dags/example_xcom.py took 0.294 seconds
[2024-07-27T13:46:15.484+0000] {processor.py:161} INFO - Started process (PID=162) to work on /home/airflow/.local/lib/python3.12/site-packages/airflow/example_dags/example_xcom.py
[2024-07-27T13:46:15.485+0000] {processor.py:830} INFO - Processing file /home/airflow/.local/lib/python3.12/site-packages/airflow/example_dags/example_xcom.py for tasks to queue
[2024-07-27T13:46:15.486+0000] {logging_mixin.py:188} INFO - [2024-07-27T13:46:15.486+0000] {dagbag.py:545} INFO - Filling up the DagBag from /home/airflow/.local/lib/python3.12/site-packages/airflow/example_dags/example_xcom.py
[2024-07-27T13:46:15.491+0000] {processor.py:840} INFO - DAG(s) 'example_xcom' retrieved from /home/airflow/.local/lib/python3.12/site-packages/airflow/example_dags/example_xcom.py
[2024-07-27T13:46:15.500+0000] {logging_mixin.py:188} INFO - [2024-07-27T13:46:15.500+0000] {dag.py:3096} INFO - Sync 1 DAGs
[2024-07-27T13:46:15.509+0000] {logging_mixin.py:188} INFO - [2024-07-27T13:46:15.509+0000] {dag.py:3954} INFO - Setting next_dagrun for example_xcom to 2021-01-01 00:00:00+00:00, run_after=2021-01-01 00:00:00+00:00
[2024-07-27T13:46:15.518+0000] {processor.py:183} INFO - Processing /home/airflow/.local/lib/python3.12/site-packages/airflow/example_dags/example_xcom.py took 0.038 seconds
[2024-07-27T13:46:45.675+0000] {processor.py:161} INFO - Started process (PID=220) to work on /home/airflow/.local/lib/python3.12/site-packages/airflow/example_dags/example_xcom.py
[2024-07-27T13:46:45.675+0000] {processor.py:830} INFO - Processing file /home/airflow/.local/lib/python3.12/site-packages/airflow/example_dags/example_xcom.py for tasks to queue
[2024-07-27T13:46:45.676+0000] {logging_mixin.py:188} INFO - [2024-07-27T13:46:45.676+0000] {dagbag.py:545} INFO - Filling up the DagBag from /home/airflow/.local/lib/python3.12/site-packages/airflow/example_dags/example_xcom.py
[2024-07-27T13:46:45.679+0000] {processor.py:840} INFO - DAG(s) 'example_xcom' retrieved from /home/airflow/.local/lib/python3.12/site-packages/airflow/example_dags/example_xcom.py
[2024-07-27T13:46:45.687+0000] {logging_mixin.py:188} INFO - [2024-07-27T13:46:45.687+0000] {dag.py:3096} INFO - Sync 1 DAGs
[2024-07-27T13:46:45.695+0000] {logging_mixin.py:188} INFO - [2024-07-27T13:46:45.695+0000] {dag.py:3954} INFO - Setting next_dagrun for example_xcom to 2021-01-01 00:00:00+00:00, run_after=2021-01-01 00:00:00+00:00
[2024-07-27T13:46:45.702+0000] {processor.py:183} INFO - Processing /home/airflow/.local/lib/python3.12/site-packages/airflow/example_dags/example_xcom.py took 0.030 seconds
