[2024-07-27T13:45:13.389+0000] {processor.py:161} INFO - Started process (PID=36) to work on /home/airflow/.local/lib/python3.12/site-packages/airflow/example_dags/example_dag_decorator.py
[2024-07-27T13:45:13.390+0000] {processor.py:830} INFO - Processing file /home/airflow/.local/lib/python3.12/site-packages/airflow/example_dags/example_dag_decorator.py for tasks to queue
[2024-07-27T13:45:13.391+0000] {logging_mixin.py:188} INFO - [2024-07-27T13:45:13.391+0000] {dagbag.py:545} INFO - Filling up the DagBag from /home/airflow/.local/lib/python3.12/site-packages/airflow/example_dags/example_dag_decorator.py
[2024-07-27T13:45:13.885+0000] {processor.py:840} INFO - DAG(s) 'example_dag_decorator' retrieved from /home/airflow/.local/lib/python3.12/site-packages/airflow/example_dags/example_dag_decorator.py
[2024-07-27T13:45:13.910+0000] {logging_mixin.py:188} INFO - [2024-07-27T13:45:13.910+0000] {dag.py:3096} INFO - Sync 1 DAGs
[2024-07-27T13:45:13.918+0000] {logging_mixin.py:188} INFO - [2024-07-27T13:45:13.918+0000] {dag.py:3954} INFO - Setting next_dagrun for example_dag_decorator to None, run_after=None
[2024-07-27T13:45:13.929+0000] {processor.py:183} INFO - Processing /home/airflow/.local/lib/python3.12/site-packages/airflow/example_dags/example_dag_decorator.py took 0.543 seconds
[2024-07-27T13:45:44.066+0000] {processor.py:161} INFO - Started process (PID=95) to work on /home/airflow/.local/lib/python3.12/site-packages/airflow/example_dags/example_dag_decorator.py
[2024-07-27T13:45:44.067+0000] {processor.py:830} INFO - Processing file /home/airflow/.local/lib/python3.12/site-packages/airflow/example_dags/example_dag_decorator.py for tasks to queue
[2024-07-27T13:45:44.069+0000] {logging_mixin.py:188} INFO - [2024-07-27T13:45:44.068+0000] {dagbag.py:545} INFO - Filling up the DagBag from /home/airflow/.local/lib/python3.12/site-packages/airflow/example_dags/example_dag_decorator.py
[2024-07-27T13:45:44.154+0000] {processor.py:840} INFO - DAG(s) 'example_dag_decorator' retrieved from /home/airflow/.local/lib/python3.12/site-packages/airflow/example_dags/example_dag_decorator.py
[2024-07-27T13:45:44.254+0000] {logging_mixin.py:188} INFO - [2024-07-27T13:45:44.254+0000] {dag.py:3096} INFO - Sync 1 DAGs
[2024-07-27T13:45:44.265+0000] {logging_mixin.py:188} INFO - [2024-07-27T13:45:44.265+0000] {dag.py:3954} INFO - Setting next_dagrun for example_dag_decorator to None, run_after=None
[2024-07-27T13:45:44.281+0000] {processor.py:183} INFO - Processing /home/airflow/.local/lib/python3.12/site-packages/airflow/example_dags/example_dag_decorator.py took 0.219 seconds
[2024-07-27T13:46:15.191+0000] {processor.py:161} INFO - Started process (PID=153) to work on /home/airflow/.local/lib/python3.12/site-packages/airflow/example_dags/example_dag_decorator.py
[2024-07-27T13:46:15.193+0000] {processor.py:830} INFO - Processing file /home/airflow/.local/lib/python3.12/site-packages/airflow/example_dags/example_dag_decorator.py for tasks to queue
[2024-07-27T13:46:15.196+0000] {logging_mixin.py:188} INFO - [2024-07-27T13:46:15.196+0000] {dagbag.py:545} INFO - Filling up the DagBag from /home/airflow/.local/lib/python3.12/site-packages/airflow/example_dags/example_dag_decorator.py
[2024-07-27T13:46:15.278+0000] {processor.py:840} INFO - DAG(s) 'example_dag_decorator' retrieved from /home/airflow/.local/lib/python3.12/site-packages/airflow/example_dags/example_dag_decorator.py
[2024-07-27T13:46:15.348+0000] {logging_mixin.py:188} INFO - [2024-07-27T13:46:15.348+0000] {dag.py:3096} INFO - Sync 1 DAGs
[2024-07-27T13:46:15.354+0000] {logging_mixin.py:188} INFO - [2024-07-27T13:46:15.354+0000] {dag.py:3954} INFO - Setting next_dagrun for example_dag_decorator to None, run_after=None
[2024-07-27T13:46:15.365+0000] {processor.py:183} INFO - Processing /home/airflow/.local/lib/python3.12/site-packages/airflow/example_dags/example_dag_decorator.py took 0.189 seconds
[2024-07-27T13:46:45.415+0000] {processor.py:161} INFO - Started process (PID=211) to work on /home/airflow/.local/lib/python3.12/site-packages/airflow/example_dags/example_dag_decorator.py
[2024-07-27T13:46:45.417+0000] {processor.py:830} INFO - Processing file /home/airflow/.local/lib/python3.12/site-packages/airflow/example_dags/example_dag_decorator.py for tasks to queue
[2024-07-27T13:46:45.420+0000] {logging_mixin.py:188} INFO - [2024-07-27T13:46:45.419+0000] {dagbag.py:545} INFO - Filling up the DagBag from /home/airflow/.local/lib/python3.12/site-packages/airflow/example_dags/example_dag_decorator.py
[2024-07-27T13:46:45.491+0000] {processor.py:840} INFO - DAG(s) 'example_dag_decorator' retrieved from /home/airflow/.local/lib/python3.12/site-packages/airflow/example_dags/example_dag_decorator.py
[2024-07-27T13:46:45.555+0000] {logging_mixin.py:188} INFO - [2024-07-27T13:46:45.555+0000] {dag.py:3096} INFO - Sync 1 DAGs
[2024-07-27T13:46:45.559+0000] {logging_mixin.py:188} INFO - [2024-07-27T13:46:45.559+0000] {dag.py:3954} INFO - Setting next_dagrun for example_dag_decorator to None, run_after=None
[2024-07-27T13:46:45.568+0000] {processor.py:183} INFO - Processing /home/airflow/.local/lib/python3.12/site-packages/airflow/example_dags/example_dag_decorator.py took 0.161 seconds
