[2024-07-27T13:45:13.387+0000] {processor.py:161} INFO - Started process (PID=35) to work on /home/airflow/.local/lib/python3.12/site-packages/airflow/example_dags/example_bash_operator.py
[2024-07-27T13:45:13.388+0000] {processor.py:830} INFO - Processing file /home/airflow/.local/lib/python3.12/site-packages/airflow/example_dags/example_bash_operator.py for tasks to queue
[2024-07-27T13:45:13.389+0000] {logging_mixin.py:188} INFO - [2024-07-27T13:45:13.389+0000] {dagbag.py:545} INFO - Filling up the DagBag from /home/airflow/.local/lib/python3.12/site-packages/airflow/example_dags/example_bash_operator.py
[2024-07-27T13:45:13.398+0000] {processor.py:840} INFO - DAG(s) 'example_bash_operator' retrieved from /home/airflow/.local/lib/python3.12/site-packages/airflow/example_dags/example_bash_operator.py
[2024-07-27T13:45:13.416+0000] {logging_mixin.py:188} INFO - [2024-07-27T13:45:13.416+0000] {dag.py:3096} INFO - Sync 1 DAGs
[2024-07-27T13:45:13.437+0000] {logging_mixin.py:188} INFO - [2024-07-27T13:45:13.437+0000] {dag.py:3954} INFO - Setting next_dagrun for example_bash_operator to 2024-07-26 00:00:00+00:00, run_after=2024-07-27 00:00:00+00:00
[2024-07-27T13:45:13.454+0000] {processor.py:183} INFO - Processing /home/airflow/.local/lib/python3.12/site-packages/airflow/example_dags/example_bash_operator.py took 0.071 seconds
[2024-07-27T13:45:43.879+0000] {processor.py:161} INFO - Started process (PID=93) to work on /home/airflow/.local/lib/python3.12/site-packages/airflow/example_dags/example_bash_operator.py
[2024-07-27T13:45:43.879+0000] {processor.py:830} INFO - Processing file /home/airflow/.local/lib/python3.12/site-packages/airflow/example_dags/example_bash_operator.py for tasks to queue
[2024-07-27T13:45:43.880+0000] {logging_mixin.py:188} INFO - [2024-07-27T13:45:43.880+0000] {dagbag.py:545} INFO - Filling up the DagBag from /home/airflow/.local/lib/python3.12/site-packages/airflow/example_dags/example_bash_operator.py
[2024-07-27T13:45:43.885+0000] {processor.py:840} INFO - DAG(s) 'example_bash_operator' retrieved from /home/airflow/.local/lib/python3.12/site-packages/airflow/example_dags/example_bash_operator.py
[2024-07-27T13:45:43.927+0000] {logging_mixin.py:188} INFO - [2024-07-27T13:45:43.927+0000] {dag.py:3096} INFO - Sync 1 DAGs
[2024-07-27T13:45:43.934+0000] {logging_mixin.py:188} INFO - [2024-07-27T13:45:43.934+0000] {dag.py:3954} INFO - Setting next_dagrun for example_bash_operator to 2024-07-26 00:00:00+00:00, run_after=2024-07-27 00:00:00+00:00
[2024-07-27T13:45:43.941+0000] {processor.py:183} INFO - Processing /home/airflow/.local/lib/python3.12/site-packages/airflow/example_dags/example_bash_operator.py took 0.066 seconds
[2024-07-27T13:46:14.070+0000] {processor.py:161} INFO - Started process (PID=151) to work on /home/airflow/.local/lib/python3.12/site-packages/airflow/example_dags/example_bash_operator.py
[2024-07-27T13:46:14.072+0000] {processor.py:830} INFO - Processing file /home/airflow/.local/lib/python3.12/site-packages/airflow/example_dags/example_bash_operator.py for tasks to queue
[2024-07-27T13:46:14.073+0000] {logging_mixin.py:188} INFO - [2024-07-27T13:46:14.073+0000] {dagbag.py:545} INFO - Filling up the DagBag from /home/airflow/.local/lib/python3.12/site-packages/airflow/example_dags/example_bash_operator.py
[2024-07-27T13:46:14.078+0000] {processor.py:840} INFO - DAG(s) 'example_bash_operator' retrieved from /home/airflow/.local/lib/python3.12/site-packages/airflow/example_dags/example_bash_operator.py
[2024-07-27T13:46:14.090+0000] {logging_mixin.py:188} INFO - [2024-07-27T13:46:14.090+0000] {dag.py:3096} INFO - Sync 1 DAGs
[2024-07-27T13:46:14.102+0000] {logging_mixin.py:188} INFO - [2024-07-27T13:46:14.102+0000] {dag.py:3954} INFO - Setting next_dagrun for example_bash_operator to 2024-07-26 00:00:00+00:00, run_after=2024-07-27 00:00:00+00:00
[2024-07-27T13:46:14.112+0000] {processor.py:183} INFO - Processing /home/airflow/.local/lib/python3.12/site-packages/airflow/example_dags/example_bash_operator.py took 0.044 seconds
[2024-07-27T13:46:44.338+0000] {processor.py:161} INFO - Started process (PID=209) to work on /home/airflow/.local/lib/python3.12/site-packages/airflow/example_dags/example_bash_operator.py
[2024-07-27T13:46:44.339+0000] {processor.py:830} INFO - Processing file /home/airflow/.local/lib/python3.12/site-packages/airflow/example_dags/example_bash_operator.py for tasks to queue
[2024-07-27T13:46:44.339+0000] {logging_mixin.py:188} INFO - [2024-07-27T13:46:44.339+0000] {dagbag.py:545} INFO - Filling up the DagBag from /home/airflow/.local/lib/python3.12/site-packages/airflow/example_dags/example_bash_operator.py
[2024-07-27T13:46:44.344+0000] {processor.py:840} INFO - DAG(s) 'example_bash_operator' retrieved from /home/airflow/.local/lib/python3.12/site-packages/airflow/example_dags/example_bash_operator.py
[2024-07-27T13:46:44.355+0000] {logging_mixin.py:188} INFO - [2024-07-27T13:46:44.355+0000] {dag.py:3096} INFO - Sync 1 DAGs
[2024-07-27T13:46:44.363+0000] {logging_mixin.py:188} INFO - [2024-07-27T13:46:44.363+0000] {dag.py:3954} INFO - Setting next_dagrun for example_bash_operator to 2024-07-26 00:00:00+00:00, run_after=2024-07-27 00:00:00+00:00
[2024-07-27T13:46:44.369+0000] {processor.py:183} INFO - Processing /home/airflow/.local/lib/python3.12/site-packages/airflow/example_dags/example_bash_operator.py took 0.034 seconds
