[2024-07-27T13:45:14.246+0000] {processor.py:161} INFO - Started process (PID=44) to work on /home/airflow/.local/lib/python3.12/site-packages/airflow/example_dags/example_xcomargs.py
[2024-07-27T13:45:14.247+0000] {processor.py:830} INFO - Processing file /home/airflow/.local/lib/python3.12/site-packages/airflow/example_dags/example_xcomargs.py for tasks to queue
[2024-07-27T13:45:14.249+0000] {logging_mixin.py:188} INFO - [2024-07-27T13:45:14.249+0000] {dagbag.py:545} INFO - Filling up the DagBag from /home/airflow/.local/lib/python3.12/site-packages/airflow/example_dags/example_xcomargs.py
[2024-07-27T13:45:14.260+0000] {processor.py:840} INFO - DAG(s) 'example_xcom_args', 'example_xcom_args_with_operators' retrieved from /home/airflow/.local/lib/python3.12/site-packages/airflow/example_dags/example_xcomargs.py
[2024-07-27T13:45:14.279+0000] {logging_mixin.py:188} INFO - [2024-07-27T13:45:14.279+0000] {dag.py:3096} INFO - Sync 2 DAGs
[2024-07-27T13:45:14.291+0000] {logging_mixin.py:188} INFO - [2024-07-27T13:45:14.291+0000] {dag.py:3954} INFO - Setting next_dagrun for example_xcom_args to None, run_after=None
[2024-07-27T13:45:14.294+0000] {logging_mixin.py:188} INFO - [2024-07-27T13:45:14.294+0000] {dag.py:3954} INFO - Setting next_dagrun for example_xcom_args_with_operators to None, run_after=None
[2024-07-27T13:45:14.304+0000] {processor.py:183} INFO - Processing /home/airflow/.local/lib/python3.12/site-packages/airflow/example_dags/example_xcomargs.py took 0.068 seconds
[2024-07-27T13:45:44.633+0000] {processor.py:161} INFO - Started process (PID=102) to work on /home/airflow/.local/lib/python3.12/site-packages/airflow/example_dags/example_xcomargs.py
[2024-07-27T13:45:44.636+0000] {processor.py:830} INFO - Processing file /home/airflow/.local/lib/python3.12/site-packages/airflow/example_dags/example_xcomargs.py for tasks to queue
[2024-07-27T13:45:44.640+0000] {logging_mixin.py:188} INFO - [2024-07-27T13:45:44.639+0000] {dagbag.py:545} INFO - Filling up the DagBag from /home/airflow/.local/lib/python3.12/site-packages/airflow/example_dags/example_xcomargs.py
[2024-07-27T13:45:44.658+0000] {processor.py:840} INFO - DAG(s) 'example_xcom_args_with_operators', 'example_xcom_args' retrieved from /home/airflow/.local/lib/python3.12/site-packages/airflow/example_dags/example_xcomargs.py
[2024-07-27T13:45:44.831+0000] {logging_mixin.py:188} INFO - [2024-07-27T13:45:44.831+0000] {dag.py:3096} INFO - Sync 2 DAGs
[2024-07-27T13:45:44.840+0000] {logging_mixin.py:188} INFO - [2024-07-27T13:45:44.840+0000] {dag.py:3954} INFO - Setting next_dagrun for example_xcom_args to None, run_after=None
[2024-07-27T13:45:44.842+0000] {logging_mixin.py:188} INFO - [2024-07-27T13:45:44.841+0000] {dag.py:3954} INFO - Setting next_dagrun for example_xcom_args_with_operators to None, run_after=None
[2024-07-27T13:45:44.856+0000] {processor.py:183} INFO - Processing /home/airflow/.local/lib/python3.12/site-packages/airflow/example_dags/example_xcomargs.py took 0.229 seconds
[2024-07-27T13:46:15.436+0000] {processor.py:161} INFO - Started process (PID=160) to work on /home/airflow/.local/lib/python3.12/site-packages/airflow/example_dags/example_xcomargs.py
[2024-07-27T13:46:15.437+0000] {processor.py:830} INFO - Processing file /home/airflow/.local/lib/python3.12/site-packages/airflow/example_dags/example_xcomargs.py for tasks to queue
[2024-07-27T13:46:15.438+0000] {logging_mixin.py:188} INFO - [2024-07-27T13:46:15.437+0000] {dagbag.py:545} INFO - Filling up the DagBag from /home/airflow/.local/lib/python3.12/site-packages/airflow/example_dags/example_xcomargs.py
[2024-07-27T13:46:15.441+0000] {processor.py:840} INFO - DAG(s) 'example_xcom_args_with_operators', 'example_xcom_args' retrieved from /home/airflow/.local/lib/python3.12/site-packages/airflow/example_dags/example_xcomargs.py
[2024-07-27T13:46:15.452+0000] {logging_mixin.py:188} INFO - [2024-07-27T13:46:15.452+0000] {dag.py:3096} INFO - Sync 2 DAGs
[2024-07-27T13:46:15.458+0000] {logging_mixin.py:188} INFO - [2024-07-27T13:46:15.458+0000] {dag.py:3954} INFO - Setting next_dagrun for example_xcom_args to None, run_after=None
[2024-07-27T13:46:15.460+0000] {logging_mixin.py:188} INFO - [2024-07-27T13:46:15.460+0000] {dag.py:3954} INFO - Setting next_dagrun for example_xcom_args_with_operators to None, run_after=None
[2024-07-27T13:46:15.468+0000] {processor.py:183} INFO - Processing /home/airflow/.local/lib/python3.12/site-packages/airflow/example_dags/example_xcomargs.py took 0.035 seconds
[2024-07-27T13:46:45.637+0000] {processor.py:161} INFO - Started process (PID=218) to work on /home/airflow/.local/lib/python3.12/site-packages/airflow/example_dags/example_xcomargs.py
[2024-07-27T13:46:45.637+0000] {processor.py:830} INFO - Processing file /home/airflow/.local/lib/python3.12/site-packages/airflow/example_dags/example_xcomargs.py for tasks to queue
[2024-07-27T13:46:45.638+0000] {logging_mixin.py:188} INFO - [2024-07-27T13:46:45.638+0000] {dagbag.py:545} INFO - Filling up the DagBag from /home/airflow/.local/lib/python3.12/site-packages/airflow/example_dags/example_xcomargs.py
[2024-07-27T13:46:45.642+0000] {processor.py:840} INFO - DAG(s) 'example_xcom_args', 'example_xcom_args_with_operators' retrieved from /home/airflow/.local/lib/python3.12/site-packages/airflow/example_dags/example_xcomargs.py
[2024-07-27T13:46:45.651+0000] {logging_mixin.py:188} INFO - [2024-07-27T13:46:45.651+0000] {dag.py:3096} INFO - Sync 2 DAGs
[2024-07-27T13:46:45.657+0000] {logging_mixin.py:188} INFO - [2024-07-27T13:46:45.656+0000] {dag.py:3954} INFO - Setting next_dagrun for example_xcom_args to None, run_after=None
[2024-07-27T13:46:45.658+0000] {logging_mixin.py:188} INFO - [2024-07-27T13:46:45.658+0000] {dag.py:3954} INFO - Setting next_dagrun for example_xcom_args_with_operators to None, run_after=None
[2024-07-27T13:46:45.664+0000] {processor.py:183} INFO - Processing /home/airflow/.local/lib/python3.12/site-packages/airflow/example_dags/example_xcomargs.py took 0.030 seconds
