[2024-07-27T13:45:13.261+0000] {processor.py:161} INFO - Started process (PID=32) to work on /home/airflow/.local/lib/python3.12/site-packages/airflow/example_dags/example_branch_labels.py
[2024-07-27T13:45:13.262+0000] {processor.py:830} INFO - Processing file /home/airflow/.local/lib/python3.12/site-packages/airflow/example_dags/example_branch_labels.py for tasks to queue
[2024-07-27T13:45:13.263+0000] {logging_mixin.py:188} INFO - [2024-07-27T13:45:13.263+0000] {dagbag.py:545} INFO - Filling up the DagBag from /home/airflow/.local/lib/python3.12/site-packages/airflow/example_dags/example_branch_labels.py
[2024-07-27T13:45:13.270+0000] {processor.py:840} INFO - DAG(s) 'example_branch_labels' retrieved from /home/airflow/.local/lib/python3.12/site-packages/airflow/example_dags/example_branch_labels.py
[2024-07-27T13:45:13.280+0000] {logging_mixin.py:188} INFO - [2024-07-27T13:45:13.280+0000] {dag.py:3096} INFO - Sync 1 DAGs
[2024-07-27T13:45:13.293+0000] {logging_mixin.py:188} INFO - [2024-07-27T13:45:13.293+0000] {dag.py:3954} INFO - Setting next_dagrun for example_branch_labels to 2024-07-26 00:00:00+00:00, run_after=2024-07-27 00:00:00+00:00
[2024-07-27T13:45:13.317+0000] {processor.py:183} INFO - Processing /home/airflow/.local/lib/python3.12/site-packages/airflow/example_dags/example_branch_labels.py took 0.061 seconds
[2024-07-27T13:45:43.711+0000] {processor.py:161} INFO - Started process (PID=90) to work on /home/airflow/.local/lib/python3.12/site-packages/airflow/example_dags/example_branch_labels.py
[2024-07-27T13:45:43.712+0000] {processor.py:830} INFO - Processing file /home/airflow/.local/lib/python3.12/site-packages/airflow/example_dags/example_branch_labels.py for tasks to queue
[2024-07-27T13:45:43.713+0000] {logging_mixin.py:188} INFO - [2024-07-27T13:45:43.713+0000] {dagbag.py:545} INFO - Filling up the DagBag from /home/airflow/.local/lib/python3.12/site-packages/airflow/example_dags/example_branch_labels.py
[2024-07-27T13:45:43.718+0000] {processor.py:840} INFO - DAG(s) 'example_branch_labels' retrieved from /home/airflow/.local/lib/python3.12/site-packages/airflow/example_dags/example_branch_labels.py
[2024-07-27T13:45:43.764+0000] {logging_mixin.py:188} INFO - [2024-07-27T13:45:43.764+0000] {dag.py:3096} INFO - Sync 1 DAGs
[2024-07-27T13:45:43.772+0000] {logging_mixin.py:188} INFO - [2024-07-27T13:45:43.772+0000] {dag.py:3954} INFO - Setting next_dagrun for example_branch_labels to 2024-07-26 00:00:00+00:00, run_after=2024-07-27 00:00:00+00:00
[2024-07-27T13:45:43.778+0000] {processor.py:183} INFO - Processing /home/airflow/.local/lib/python3.12/site-packages/airflow/example_dags/example_branch_labels.py took 0.070 seconds
[2024-07-27T13:46:13.947+0000] {processor.py:161} INFO - Started process (PID=148) to work on /home/airflow/.local/lib/python3.12/site-packages/airflow/example_dags/example_branch_labels.py
[2024-07-27T13:46:13.947+0000] {processor.py:830} INFO - Processing file /home/airflow/.local/lib/python3.12/site-packages/airflow/example_dags/example_branch_labels.py for tasks to queue
[2024-07-27T13:46:13.949+0000] {logging_mixin.py:188} INFO - [2024-07-27T13:46:13.949+0000] {dagbag.py:545} INFO - Filling up the DagBag from /home/airflow/.local/lib/python3.12/site-packages/airflow/example_dags/example_branch_labels.py
[2024-07-27T13:46:13.959+0000] {processor.py:840} INFO - DAG(s) 'example_branch_labels' retrieved from /home/airflow/.local/lib/python3.12/site-packages/airflow/example_dags/example_branch_labels.py
[2024-07-27T13:46:13.973+0000] {logging_mixin.py:188} INFO - [2024-07-27T13:46:13.972+0000] {dag.py:3096} INFO - Sync 1 DAGs
[2024-07-27T13:46:13.982+0000] {logging_mixin.py:188} INFO - [2024-07-27T13:46:13.982+0000] {dag.py:3954} INFO - Setting next_dagrun for example_branch_labels to 2024-07-26 00:00:00+00:00, run_after=2024-07-27 00:00:00+00:00
[2024-07-27T13:46:13.989+0000] {processor.py:183} INFO - Processing /home/airflow/.local/lib/python3.12/site-packages/airflow/example_dags/example_branch_labels.py took 0.045 seconds
[2024-07-27T13:46:44.252+0000] {processor.py:161} INFO - Started process (PID=206) to work on /home/airflow/.local/lib/python3.12/site-packages/airflow/example_dags/example_branch_labels.py
[2024-07-27T13:46:44.253+0000] {processor.py:830} INFO - Processing file /home/airflow/.local/lib/python3.12/site-packages/airflow/example_dags/example_branch_labels.py for tasks to queue
[2024-07-27T13:46:44.254+0000] {logging_mixin.py:188} INFO - [2024-07-27T13:46:44.254+0000] {dagbag.py:545} INFO - Filling up the DagBag from /home/airflow/.local/lib/python3.12/site-packages/airflow/example_dags/example_branch_labels.py
[2024-07-27T13:46:44.258+0000] {processor.py:840} INFO - DAG(s) 'example_branch_labels' retrieved from /home/airflow/.local/lib/python3.12/site-packages/airflow/example_dags/example_branch_labels.py
[2024-07-27T13:46:44.268+0000] {logging_mixin.py:188} INFO - [2024-07-27T13:46:44.268+0000] {dag.py:3096} INFO - Sync 1 DAGs
[2024-07-27T13:46:44.277+0000] {logging_mixin.py:188} INFO - [2024-07-27T13:46:44.277+0000] {dag.py:3954} INFO - Setting next_dagrun for example_branch_labels to 2024-07-26 00:00:00+00:00, run_after=2024-07-27 00:00:00+00:00
[2024-07-27T13:46:44.285+0000] {processor.py:183} INFO - Processing /home/airflow/.local/lib/python3.12/site-packages/airflow/example_dags/example_branch_labels.py took 0.036 seconds
