[2024-07-27T13:45:13.272+0000] {processor.py:161} INFO - Started process (PID=33) to work on /home/airflow/.local/lib/python3.12/site-packages/airflow/example_dags/example_short_circuit_operator.py
[2024-07-27T13:45:13.273+0000] {processor.py:830} INFO - Processing file /home/airflow/.local/lib/python3.12/site-packages/airflow/example_dags/example_short_circuit_operator.py for tasks to queue
[2024-07-27T13:45:13.275+0000] {logging_mixin.py:188} INFO - [2024-07-27T13:45:13.275+0000] {dagbag.py:545} INFO - Filling up the DagBag from /home/airflow/.local/lib/python3.12/site-packages/airflow/example_dags/example_short_circuit_operator.py
[2024-07-27T13:45:13.281+0000] {processor.py:840} INFO - DAG(s) 'example_short_circuit_operator' retrieved from /home/airflow/.local/lib/python3.12/site-packages/airflow/example_dags/example_short_circuit_operator.py
[2024-07-27T13:45:13.288+0000] {logging_mixin.py:188} INFO - [2024-07-27T13:45:13.288+0000] {dag.py:3096} INFO - Sync 1 DAGs
[2024-07-27T13:45:13.309+0000] {logging_mixin.py:188} INFO - [2024-07-27T13:45:13.309+0000] {dag.py:3954} INFO - Setting next_dagrun for example_short_circuit_operator to 2024-07-26 00:00:00+00:00, run_after=2024-07-27 00:00:00+00:00
[2024-07-27T13:45:13.327+0000] {processor.py:183} INFO - Processing /home/airflow/.local/lib/python3.12/site-packages/airflow/example_dags/example_short_circuit_operator.py took 0.058 seconds
[2024-07-27T13:45:43.793+0000] {processor.py:161} INFO - Started process (PID=91) to work on /home/airflow/.local/lib/python3.12/site-packages/airflow/example_dags/example_short_circuit_operator.py
[2024-07-27T13:45:43.796+0000] {processor.py:830} INFO - Processing file /home/airflow/.local/lib/python3.12/site-packages/airflow/example_dags/example_short_circuit_operator.py for tasks to queue
[2024-07-27T13:45:43.799+0000] {logging_mixin.py:188} INFO - [2024-07-27T13:45:43.799+0000] {dagbag.py:545} INFO - Filling up the DagBag from /home/airflow/.local/lib/python3.12/site-packages/airflow/example_dags/example_short_circuit_operator.py
[2024-07-27T13:45:43.804+0000] {processor.py:840} INFO - DAG(s) 'example_short_circuit_operator' retrieved from /home/airflow/.local/lib/python3.12/site-packages/airflow/example_dags/example_short_circuit_operator.py
[2024-07-27T13:45:43.853+0000] {logging_mixin.py:188} INFO - [2024-07-27T13:45:43.853+0000] {dag.py:3096} INFO - Sync 1 DAGs
[2024-07-27T13:45:43.861+0000] {logging_mixin.py:188} INFO - [2024-07-27T13:45:43.861+0000] {dag.py:3954} INFO - Setting next_dagrun for example_short_circuit_operator to 2024-07-26 00:00:00+00:00, run_after=2024-07-27 00:00:00+00:00
[2024-07-27T13:45:43.870+0000] {processor.py:183} INFO - Processing /home/airflow/.local/lib/python3.12/site-packages/airflow/example_dags/example_short_circuit_operator.py took 0.081 seconds
[2024-07-27T13:46:14.008+0000] {processor.py:161} INFO - Started process (PID=149) to work on /home/airflow/.local/lib/python3.12/site-packages/airflow/example_dags/example_short_circuit_operator.py
[2024-07-27T13:46:14.009+0000] {processor.py:830} INFO - Processing file /home/airflow/.local/lib/python3.12/site-packages/airflow/example_dags/example_short_circuit_operator.py for tasks to queue
[2024-07-27T13:46:14.012+0000] {logging_mixin.py:188} INFO - [2024-07-27T13:46:14.011+0000] {dagbag.py:545} INFO - Filling up the DagBag from /home/airflow/.local/lib/python3.12/site-packages/airflow/example_dags/example_short_circuit_operator.py
[2024-07-27T13:46:14.016+0000] {processor.py:840} INFO - DAG(s) 'example_short_circuit_operator' retrieved from /home/airflow/.local/lib/python3.12/site-packages/airflow/example_dags/example_short_circuit_operator.py
[2024-07-27T13:46:14.033+0000] {logging_mixin.py:188} INFO - [2024-07-27T13:46:14.033+0000] {dag.py:3096} INFO - Sync 1 DAGs
[2024-07-27T13:46:14.051+0000] {logging_mixin.py:188} INFO - [2024-07-27T13:46:14.051+0000] {dag.py:3954} INFO - Setting next_dagrun for example_short_circuit_operator to 2024-07-26 00:00:00+00:00, run_after=2024-07-27 00:00:00+00:00
[2024-07-27T13:46:14.063+0000] {processor.py:183} INFO - Processing /home/airflow/.local/lib/python3.12/site-packages/airflow/example_dags/example_short_circuit_operator.py took 0.058 seconds
[2024-07-27T13:46:44.302+0000] {processor.py:161} INFO - Started process (PID=207) to work on /home/airflow/.local/lib/python3.12/site-packages/airflow/example_dags/example_short_circuit_operator.py
[2024-07-27T13:46:44.303+0000] {processor.py:830} INFO - Processing file /home/airflow/.local/lib/python3.12/site-packages/airflow/example_dags/example_short_circuit_operator.py for tasks to queue
[2024-07-27T13:46:44.304+0000] {logging_mixin.py:188} INFO - [2024-07-27T13:46:44.303+0000] {dagbag.py:545} INFO - Filling up the DagBag from /home/airflow/.local/lib/python3.12/site-packages/airflow/example_dags/example_short_circuit_operator.py
[2024-07-27T13:46:44.307+0000] {processor.py:840} INFO - DAG(s) 'example_short_circuit_operator' retrieved from /home/airflow/.local/lib/python3.12/site-packages/airflow/example_dags/example_short_circuit_operator.py
[2024-07-27T13:46:44.317+0000] {logging_mixin.py:188} INFO - [2024-07-27T13:46:44.317+0000] {dag.py:3096} INFO - Sync 1 DAGs
[2024-07-27T13:46:44.325+0000] {logging_mixin.py:188} INFO - [2024-07-27T13:46:44.325+0000] {dag.py:3954} INFO - Setting next_dagrun for example_short_circuit_operator to 2024-07-26 00:00:00+00:00, run_after=2024-07-27 00:00:00+00:00
[2024-07-27T13:46:44.331+0000] {processor.py:183} INFO - Processing /home/airflow/.local/lib/python3.12/site-packages/airflow/example_dags/example_short_circuit_operator.py took 0.033 seconds
