[2024-07-27T13:45:14.972+0000] {processor.py:161} INFO - Started process (PID=58) to work on /home/airflow/.local/lib/python3.12/site-packages/airflow/example_dags/example_subdag_operator.py
[2024-07-27T13:45:14.974+0000] {processor.py:830} INFO - Processing file /home/airflow/.local/lib/python3.12/site-packages/airflow/example_dags/example_subdag_operator.py for tasks to queue
[2024-07-27T13:45:14.977+0000] {logging_mixin.py:188} INFO - [2024-07-27T13:45:14.977+0000] {dagbag.py:545} INFO - Filling up the DagBag from /home/airflow/.local/lib/python3.12/site-packages/airflow/example_dags/example_subdag_operator.py
[2024-07-27T13:45:15.007+0000] {processor.py:840} INFO - DAG(s) 'example_subdag_operator.section-1', 'example_subdag_operator.section-2', 'example_subdag_operator' retrieved from /home/airflow/.local/lib/python3.12/site-packages/airflow/example_dags/example_subdag_operator.py
[2024-07-27T13:45:15.012+0000] {logging_mixin.py:188} INFO - [2024-07-27T13:45:15.012+0000] {dag.py:3096} INFO - Sync 3 DAGs
[2024-07-27T13:45:15.060+0000] {logging_mixin.py:188} INFO - [2024-07-27T13:45:15.060+0000] {dag.py:3954} INFO - Setting next_dagrun for example_subdag_operator to 2022-01-01 00:00:00+00:00, run_after=2022-01-01 00:00:00+00:00
[2024-07-27T13:45:15.067+0000] {logging_mixin.py:188} INFO - [2024-07-27T13:45:15.066+0000] {dag.py:3954} INFO - Setting next_dagrun for example_subdag_operator.section-1 to None, run_after=None
[2024-07-27T13:45:15.080+0000] {logging_mixin.py:188} INFO - [2024-07-27T13:45:15.079+0000] {dag.py:3954} INFO - Setting next_dagrun for example_subdag_operator.section-2 to None, run_after=None
[2024-07-27T13:45:15.090+0000] {logging_mixin.py:188} INFO - [2024-07-27T13:45:15.089+0000] {dag.py:3096} INFO - Sync 2 DAGs
[2024-07-27T13:45:15.094+0000] {logging_mixin.py:188} INFO - [2024-07-27T13:45:15.094+0000] {dag.py:3954} INFO - Setting next_dagrun for example_subdag_operator.section-1 to None, run_after=None
[2024-07-27T13:45:15.094+0000] {logging_mixin.py:188} INFO - [2024-07-27T13:45:15.094+0000] {dag.py:3954} INFO - Setting next_dagrun for example_subdag_operator.section-2 to None, run_after=None
[2024-07-27T13:45:15.103+0000] {processor.py:183} INFO - Processing /home/airflow/.local/lib/python3.12/site-packages/airflow/example_dags/example_subdag_operator.py took 0.142 seconds
[2024-07-27T13:45:45.929+0000] {processor.py:161} INFO - Started process (PID=116) to work on /home/airflow/.local/lib/python3.12/site-packages/airflow/example_dags/example_subdag_operator.py
[2024-07-27T13:45:45.930+0000] {processor.py:830} INFO - Processing file /home/airflow/.local/lib/python3.12/site-packages/airflow/example_dags/example_subdag_operator.py for tasks to queue
[2024-07-27T13:45:45.931+0000] {logging_mixin.py:188} INFO - [2024-07-27T13:45:45.931+0000] {dagbag.py:545} INFO - Filling up the DagBag from /home/airflow/.local/lib/python3.12/site-packages/airflow/example_dags/example_subdag_operator.py
[2024-07-27T13:45:45.943+0000] {processor.py:840} INFO - DAG(s) 'example_subdag_operator.section-1', 'example_subdag_operator.section-2', 'example_subdag_operator' retrieved from /home/airflow/.local/lib/python3.12/site-packages/airflow/example_dags/example_subdag_operator.py
[2024-07-27T13:45:45.994+0000] {logging_mixin.py:188} INFO - [2024-07-27T13:45:45.994+0000] {dag.py:3096} INFO - Sync 3 DAGs
[2024-07-27T13:45:46.020+0000] {logging_mixin.py:188} INFO - [2024-07-27T13:45:46.019+0000] {dag.py:3954} INFO - Setting next_dagrun for example_subdag_operator to 2022-01-01 00:00:00+00:00, run_after=2022-01-01 00:00:00+00:00
[2024-07-27T13:45:46.024+0000] {logging_mixin.py:188} INFO - [2024-07-27T13:45:46.023+0000] {dag.py:3954} INFO - Setting next_dagrun for example_subdag_operator.section-1 to None, run_after=None
[2024-07-27T13:45:46.025+0000] {logging_mixin.py:188} INFO - [2024-07-27T13:45:46.025+0000] {dag.py:3954} INFO - Setting next_dagrun for example_subdag_operator.section-2 to None, run_after=None
[2024-07-27T13:45:46.030+0000] {logging_mixin.py:188} INFO - [2024-07-27T13:45:46.030+0000] {dag.py:3096} INFO - Sync 2 DAGs
[2024-07-27T13:45:46.033+0000] {logging_mixin.py:188} INFO - [2024-07-27T13:45:46.033+0000] {dag.py:3954} INFO - Setting next_dagrun for example_subdag_operator.section-1 to None, run_after=None
[2024-07-27T13:45:46.033+0000] {logging_mixin.py:188} INFO - [2024-07-27T13:45:46.033+0000] {dag.py:3954} INFO - Setting next_dagrun for example_subdag_operator.section-2 to None, run_after=None
[2024-07-27T13:45:46.040+0000] {processor.py:183} INFO - Processing /home/airflow/.local/lib/python3.12/site-packages/airflow/example_dags/example_subdag_operator.py took 0.113 seconds
[2024-07-27T13:46:16.820+0000] {processor.py:161} INFO - Started process (PID=174) to work on /home/airflow/.local/lib/python3.12/site-packages/airflow/example_dags/example_subdag_operator.py
[2024-07-27T13:46:16.821+0000] {processor.py:830} INFO - Processing file /home/airflow/.local/lib/python3.12/site-packages/airflow/example_dags/example_subdag_operator.py for tasks to queue
[2024-07-27T13:46:16.822+0000] {logging_mixin.py:188} INFO - [2024-07-27T13:46:16.821+0000] {dagbag.py:545} INFO - Filling up the DagBag from /home/airflow/.local/lib/python3.12/site-packages/airflow/example_dags/example_subdag_operator.py
[2024-07-27T13:46:16.832+0000] {processor.py:840} INFO - DAG(s) 'example_subdag_operator.section-1', 'example_subdag_operator.section-2', 'example_subdag_operator' retrieved from /home/airflow/.local/lib/python3.12/site-packages/airflow/example_dags/example_subdag_operator.py
[2024-07-27T13:46:16.839+0000] {logging_mixin.py:188} INFO - [2024-07-27T13:46:16.839+0000] {dag.py:3096} INFO - Sync 3 DAGs
[2024-07-27T13:46:16.848+0000] {logging_mixin.py:188} INFO - [2024-07-27T13:46:16.847+0000] {dag.py:3954} INFO - Setting next_dagrun for example_subdag_operator to 2022-01-01 00:00:00+00:00, run_after=2022-01-01 00:00:00+00:00
[2024-07-27T13:46:16.849+0000] {logging_mixin.py:188} INFO - [2024-07-27T13:46:16.849+0000] {dag.py:3954} INFO - Setting next_dagrun for example_subdag_operator.section-1 to None, run_after=None
[2024-07-27T13:46:16.850+0000] {logging_mixin.py:188} INFO - [2024-07-27T13:46:16.850+0000] {dag.py:3954} INFO - Setting next_dagrun for example_subdag_operator.section-2 to None, run_after=None
[2024-07-27T13:46:16.853+0000] {logging_mixin.py:188} INFO - [2024-07-27T13:46:16.852+0000] {dag.py:3096} INFO - Sync 2 DAGs
[2024-07-27T13:46:16.855+0000] {logging_mixin.py:188} INFO - [2024-07-27T13:46:16.855+0000] {dag.py:3954} INFO - Setting next_dagrun for example_subdag_operator.section-1 to None, run_after=None
[2024-07-27T13:46:16.856+0000] {logging_mixin.py:188} INFO - [2024-07-27T13:46:16.856+0000] {dag.py:3954} INFO - Setting next_dagrun for example_subdag_operator.section-2 to None, run_after=None
[2024-07-27T13:46:16.860+0000] {processor.py:183} INFO - Processing /home/airflow/.local/lib/python3.12/site-packages/airflow/example_dags/example_subdag_operator.py took 0.043 seconds
[2024-07-27T13:46:47.088+0000] {processor.py:161} INFO - Started process (PID=232) to work on /home/airflow/.local/lib/python3.12/site-packages/airflow/example_dags/example_subdag_operator.py
[2024-07-27T13:46:47.089+0000] {processor.py:830} INFO - Processing file /home/airflow/.local/lib/python3.12/site-packages/airflow/example_dags/example_subdag_operator.py for tasks to queue
[2024-07-27T13:46:47.090+0000] {logging_mixin.py:188} INFO - [2024-07-27T13:46:47.090+0000] {dagbag.py:545} INFO - Filling up the DagBag from /home/airflow/.local/lib/python3.12/site-packages/airflow/example_dags/example_subdag_operator.py
[2024-07-27T13:46:47.100+0000] {processor.py:840} INFO - DAG(s) 'example_subdag_operator.section-1', 'example_subdag_operator.section-2', 'example_subdag_operator' retrieved from /home/airflow/.local/lib/python3.12/site-packages/airflow/example_dags/example_subdag_operator.py
[2024-07-27T13:46:47.106+0000] {logging_mixin.py:188} INFO - [2024-07-27T13:46:47.106+0000] {dag.py:3096} INFO - Sync 3 DAGs
[2024-07-27T13:46:47.114+0000] {logging_mixin.py:188} INFO - [2024-07-27T13:46:47.114+0000] {dag.py:3954} INFO - Setting next_dagrun for example_subdag_operator to 2022-01-01 00:00:00+00:00, run_after=2022-01-01 00:00:00+00:00
[2024-07-27T13:46:47.116+0000] {logging_mixin.py:188} INFO - [2024-07-27T13:46:47.116+0000] {dag.py:3954} INFO - Setting next_dagrun for example_subdag_operator.section-1 to None, run_after=None
[2024-07-27T13:46:47.116+0000] {logging_mixin.py:188} INFO - [2024-07-27T13:46:47.116+0000] {dag.py:3954} INFO - Setting next_dagrun for example_subdag_operator.section-2 to None, run_after=None
[2024-07-27T13:46:47.119+0000] {logging_mixin.py:188} INFO - [2024-07-27T13:46:47.119+0000] {dag.py:3096} INFO - Sync 2 DAGs
[2024-07-27T13:46:47.121+0000] {logging_mixin.py:188} INFO - [2024-07-27T13:46:47.121+0000] {dag.py:3954} INFO - Setting next_dagrun for example_subdag_operator.section-1 to None, run_after=None
[2024-07-27T13:46:47.121+0000] {logging_mixin.py:188} INFO - [2024-07-27T13:46:47.121+0000] {dag.py:3954} INFO - Setting next_dagrun for example_subdag_operator.section-2 to None, run_after=None
[2024-07-27T13:46:47.125+0000] {processor.py:183} INFO - Processing /home/airflow/.local/lib/python3.12/site-packages/airflow/example_dags/example_subdag_operator.py took 0.040 seconds
