[2024-07-27T13:45:15.120+0000] {processor.py:161} INFO - Started process (PID=60) to work on /home/airflow/.local/lib/python3.12/site-packages/airflow/example_dags/example_sla_dag.py
[2024-07-27T13:45:15.120+0000] {processor.py:830} INFO - Processing file /home/airflow/.local/lib/python3.12/site-packages/airflow/example_dags/example_sla_dag.py for tasks to queue
[2024-07-27T13:45:15.122+0000] {logging_mixin.py:188} INFO - [2024-07-27T13:45:15.122+0000] {dagbag.py:545} INFO - Filling up the DagBag from /home/airflow/.local/lib/python3.12/site-packages/airflow/example_dags/example_sla_dag.py
[2024-07-27T13:45:15.135+0000] {processor.py:840} INFO - DAG(s) 'example_sla_dag' retrieved from /home/airflow/.local/lib/python3.12/site-packages/airflow/example_dags/example_sla_dag.py
[2024-07-27T13:45:15.153+0000] {logging_mixin.py:188} INFO - [2024-07-27T13:45:15.153+0000] {dag.py:3096} INFO - Sync 1 DAGs
[2024-07-27T13:45:15.181+0000] {logging_mixin.py:188} INFO - [2024-07-27T13:45:15.181+0000] {dag.py:3954} INFO - Setting next_dagrun for example_sla_dag to 2024-07-27 13:42:00+00:00, run_after=2024-07-27 13:44:00+00:00
[2024-07-27T13:45:15.198+0000] {processor.py:183} INFO - Processing /home/airflow/.local/lib/python3.12/site-packages/airflow/example_dags/example_sla_dag.py took 0.082 seconds
[2024-07-27T13:45:46.057+0000] {processor.py:161} INFO - Started process (PID=118) to work on /home/airflow/.local/lib/python3.12/site-packages/airflow/example_dags/example_sla_dag.py
[2024-07-27T13:45:46.061+0000] {processor.py:830} INFO - Processing file /home/airflow/.local/lib/python3.12/site-packages/airflow/example_dags/example_sla_dag.py for tasks to queue
[2024-07-27T13:45:46.062+0000] {logging_mixin.py:188} INFO - [2024-07-27T13:45:46.062+0000] {dagbag.py:545} INFO - Filling up the DagBag from /home/airflow/.local/lib/python3.12/site-packages/airflow/example_dags/example_sla_dag.py
[2024-07-27T13:45:46.067+0000] {processor.py:840} INFO - DAG(s) 'example_sla_dag' retrieved from /home/airflow/.local/lib/python3.12/site-packages/airflow/example_dags/example_sla_dag.py
[2024-07-27T13:45:46.116+0000] {logging_mixin.py:188} INFO - [2024-07-27T13:45:46.116+0000] {dag.py:3096} INFO - Sync 1 DAGs
[2024-07-27T13:45:46.125+0000] {logging_mixin.py:188} INFO - [2024-07-27T13:45:46.125+0000] {dag.py:3954} INFO - Setting next_dagrun for example_sla_dag to 2024-07-27 13:42:00+00:00, run_after=2024-07-27 13:44:00+00:00
[2024-07-27T13:45:46.133+0000] {processor.py:183} INFO - Processing /home/airflow/.local/lib/python3.12/site-packages/airflow/example_dags/example_sla_dag.py took 0.080 seconds
[2024-07-27T13:46:16.871+0000] {processor.py:161} INFO - Started process (PID=176) to work on /home/airflow/.local/lib/python3.12/site-packages/airflow/example_dags/example_sla_dag.py
[2024-07-27T13:46:16.871+0000] {processor.py:830} INFO - Processing file /home/airflow/.local/lib/python3.12/site-packages/airflow/example_dags/example_sla_dag.py for tasks to queue
[2024-07-27T13:46:16.872+0000] {logging_mixin.py:188} INFO - [2024-07-27T13:46:16.872+0000] {dagbag.py:545} INFO - Filling up the DagBag from /home/airflow/.local/lib/python3.12/site-packages/airflow/example_dags/example_sla_dag.py
[2024-07-27T13:46:16.876+0000] {processor.py:840} INFO - DAG(s) 'example_sla_dag' retrieved from /home/airflow/.local/lib/python3.12/site-packages/airflow/example_dags/example_sla_dag.py
[2024-07-27T13:46:16.884+0000] {logging_mixin.py:188} INFO - [2024-07-27T13:46:16.884+0000] {dag.py:3096} INFO - Sync 1 DAGs
[2024-07-27T13:46:16.894+0000] {logging_mixin.py:188} INFO - [2024-07-27T13:46:16.894+0000] {dag.py:3954} INFO - Setting next_dagrun for example_sla_dag to 2024-07-27 13:44:00+00:00, run_after=2024-07-27 13:46:00+00:00
[2024-07-27T13:46:16.901+0000] {processor.py:183} INFO - Processing /home/airflow/.local/lib/python3.12/site-packages/airflow/example_dags/example_sla_dag.py took 0.033 seconds
[2024-07-27T13:46:47.136+0000] {processor.py:161} INFO - Started process (PID=234) to work on /home/airflow/.local/lib/python3.12/site-packages/airflow/example_dags/example_sla_dag.py
[2024-07-27T13:46:47.137+0000] {processor.py:830} INFO - Processing file /home/airflow/.local/lib/python3.12/site-packages/airflow/example_dags/example_sla_dag.py for tasks to queue
[2024-07-27T13:46:47.137+0000] {logging_mixin.py:188} INFO - [2024-07-27T13:46:47.137+0000] {dagbag.py:545} INFO - Filling up the DagBag from /home/airflow/.local/lib/python3.12/site-packages/airflow/example_dags/example_sla_dag.py
[2024-07-27T13:46:47.141+0000] {processor.py:840} INFO - DAG(s) 'example_sla_dag' retrieved from /home/airflow/.local/lib/python3.12/site-packages/airflow/example_dags/example_sla_dag.py
[2024-07-27T13:46:47.150+0000] {logging_mixin.py:188} INFO - [2024-07-27T13:46:47.149+0000] {dag.py:3096} INFO - Sync 1 DAGs
[2024-07-27T13:46:47.159+0000] {logging_mixin.py:188} INFO - [2024-07-27T13:46:47.159+0000] {dag.py:3954} INFO - Setting next_dagrun for example_sla_dag to 2024-07-27 13:44:00+00:00, run_after=2024-07-27 13:46:00+00:00
[2024-07-27T13:46:47.166+0000] {processor.py:183} INFO - Processing /home/airflow/.local/lib/python3.12/site-packages/airflow/example_dags/example_sla_dag.py took 0.032 seconds
