[2024-07-27T13:45:14.567+0000] {processor.py:161} INFO - Started process (PID=50) to work on /home/airflow/.local/lib/python3.12/site-packages/airflow/example_dags/example_python_operator.py
[2024-07-27T13:45:14.568+0000] {processor.py:830} INFO - Processing file /home/airflow/.local/lib/python3.12/site-packages/airflow/example_dags/example_python_operator.py for tasks to queue
[2024-07-27T13:45:14.570+0000] {logging_mixin.py:188} INFO - [2024-07-27T13:45:14.569+0000] {dagbag.py:545} INFO - Filling up the DagBag from /home/airflow/.local/lib/python3.12/site-packages/airflow/example_dags/example_python_operator.py
[2024-07-27T13:45:14.585+0000] {processor.py:840} INFO - DAG(s) 'example_python_operator' retrieved from /home/airflow/.local/lib/python3.12/site-packages/airflow/example_dags/example_python_operator.py
[2024-07-27T13:45:14.609+0000] {logging_mixin.py:188} INFO - [2024-07-27T13:45:14.609+0000] {dag.py:3096} INFO - Sync 1 DAGs
[2024-07-27T13:45:14.621+0000] {logging_mixin.py:188} INFO - [2024-07-27T13:45:14.620+0000] {dag.py:3954} INFO - Setting next_dagrun for example_python_operator to None, run_after=None
[2024-07-27T13:45:14.637+0000] {processor.py:183} INFO - Processing /home/airflow/.local/lib/python3.12/site-packages/airflow/example_dags/example_python_operator.py took 0.076 seconds
[2024-07-27T13:45:45.500+0000] {processor.py:161} INFO - Started process (PID=108) to work on /home/airflow/.local/lib/python3.12/site-packages/airflow/example_dags/example_python_operator.py
[2024-07-27T13:45:45.501+0000] {processor.py:830} INFO - Processing file /home/airflow/.local/lib/python3.12/site-packages/airflow/example_dags/example_python_operator.py for tasks to queue
[2024-07-27T13:45:45.503+0000] {logging_mixin.py:188} INFO - [2024-07-27T13:45:45.503+0000] {dagbag.py:545} INFO - Filling up the DagBag from /home/airflow/.local/lib/python3.12/site-packages/airflow/example_dags/example_python_operator.py
[2024-07-27T13:45:45.511+0000] {processor.py:840} INFO - DAG(s) 'example_python_operator' retrieved from /home/airflow/.local/lib/python3.12/site-packages/airflow/example_dags/example_python_operator.py
[2024-07-27T13:45:45.611+0000] {logging_mixin.py:188} INFO - [2024-07-27T13:45:45.611+0000] {dag.py:3096} INFO - Sync 1 DAGs
[2024-07-27T13:45:45.617+0000] {logging_mixin.py:188} INFO - [2024-07-27T13:45:45.616+0000] {dag.py:3954} INFO - Setting next_dagrun for example_python_operator to None, run_after=None
[2024-07-27T13:45:45.627+0000] {processor.py:183} INFO - Processing /home/airflow/.local/lib/python3.12/site-packages/airflow/example_dags/example_python_operator.py took 0.130 seconds
[2024-07-27T13:46:16.619+0000] {processor.py:161} INFO - Started process (PID=166) to work on /home/airflow/.local/lib/python3.12/site-packages/airflow/example_dags/example_python_operator.py
[2024-07-27T13:46:16.621+0000] {processor.py:830} INFO - Processing file /home/airflow/.local/lib/python3.12/site-packages/airflow/example_dags/example_python_operator.py for tasks to queue
[2024-07-27T13:46:16.623+0000] {logging_mixin.py:188} INFO - [2024-07-27T13:46:16.623+0000] {dagbag.py:545} INFO - Filling up the DagBag from /home/airflow/.local/lib/python3.12/site-packages/airflow/example_dags/example_python_operator.py
[2024-07-27T13:46:16.635+0000] {processor.py:840} INFO - DAG(s) 'example_python_operator' retrieved from /home/airflow/.local/lib/python3.12/site-packages/airflow/example_dags/example_python_operator.py
[2024-07-27T13:46:16.648+0000] {logging_mixin.py:188} INFO - [2024-07-27T13:46:16.648+0000] {dag.py:3096} INFO - Sync 1 DAGs
[2024-07-27T13:46:16.655+0000] {logging_mixin.py:188} INFO - [2024-07-27T13:46:16.655+0000] {dag.py:3954} INFO - Setting next_dagrun for example_python_operator to None, run_after=None
[2024-07-27T13:46:16.664+0000] {processor.py:183} INFO - Processing /home/airflow/.local/lib/python3.12/site-packages/airflow/example_dags/example_python_operator.py took 0.054 seconds
[2024-07-27T13:46:46.858+0000] {processor.py:161} INFO - Started process (PID=224) to work on /home/airflow/.local/lib/python3.12/site-packages/airflow/example_dags/example_python_operator.py
[2024-07-27T13:46:46.862+0000] {processor.py:830} INFO - Processing file /home/airflow/.local/lib/python3.12/site-packages/airflow/example_dags/example_python_operator.py for tasks to queue
[2024-07-27T13:46:46.869+0000] {logging_mixin.py:188} INFO - [2024-07-27T13:46:46.868+0000] {dagbag.py:545} INFO - Filling up the DagBag from /home/airflow/.local/lib/python3.12/site-packages/airflow/example_dags/example_python_operator.py
[2024-07-27T13:46:46.883+0000] {processor.py:840} INFO - DAG(s) 'example_python_operator' retrieved from /home/airflow/.local/lib/python3.12/site-packages/airflow/example_dags/example_python_operator.py
[2024-07-27T13:46:46.907+0000] {logging_mixin.py:188} INFO - [2024-07-27T13:46:46.907+0000] {dag.py:3096} INFO - Sync 1 DAGs
[2024-07-27T13:46:46.916+0000] {logging_mixin.py:188} INFO - [2024-07-27T13:46:46.916+0000] {dag.py:3954} INFO - Setting next_dagrun for example_python_operator to None, run_after=None
[2024-07-27T13:46:46.927+0000] {processor.py:183} INFO - Processing /home/airflow/.local/lib/python3.12/site-packages/airflow/example_dags/example_python_operator.py took 0.078 seconds
