[2024-07-27T13:45:13.945+0000] {processor.py:161} INFO - Started process (PID=40) to work on /home/airflow/.local/lib/python3.12/site-packages/airflow/example_dags/example_branch_operator.py
[2024-07-27T13:45:13.946+0000] {processor.py:830} INFO - Processing file /home/airflow/.local/lib/python3.12/site-packages/airflow/example_dags/example_branch_operator.py for tasks to queue
[2024-07-27T13:45:13.947+0000] {logging_mixin.py:188} INFO - [2024-07-27T13:45:13.947+0000] {dagbag.py:545} INFO - Filling up the DagBag from /home/airflow/.local/lib/python3.12/site-packages/airflow/example_dags/example_branch_operator.py
[2024-07-27T13:45:13.964+0000] {processor.py:840} INFO - DAG(s) 'example_branch_operator' retrieved from /home/airflow/.local/lib/python3.12/site-packages/airflow/example_dags/example_branch_operator.py
[2024-07-27T13:45:13.979+0000] {logging_mixin.py:188} INFO - [2024-07-27T13:45:13.979+0000] {dag.py:3096} INFO - Sync 1 DAGs
[2024-07-27T13:45:14.010+0000] {logging_mixin.py:188} INFO - [2024-07-27T13:45:14.010+0000] {dag.py:3954} INFO - Setting next_dagrun for example_branch_operator to 2024-07-26 00:00:00+00:00, run_after=2024-07-27 00:00:00+00:00
[2024-07-27T13:45:14.081+0000] {processor.py:183} INFO - Processing /home/airflow/.local/lib/python3.12/site-packages/airflow/example_dags/example_branch_operator.py took 0.140 seconds
[2024-07-27T13:45:44.331+0000] {processor.py:161} INFO - Started process (PID=98) to work on /home/airflow/.local/lib/python3.12/site-packages/airflow/example_dags/example_branch_operator.py
[2024-07-27T13:45:44.340+0000] {processor.py:830} INFO - Processing file /home/airflow/.local/lib/python3.12/site-packages/airflow/example_dags/example_branch_operator.py for tasks to queue
[2024-07-27T13:45:44.346+0000] {logging_mixin.py:188} INFO - [2024-07-27T13:45:44.343+0000] {dagbag.py:545} INFO - Filling up the DagBag from /home/airflow/.local/lib/python3.12/site-packages/airflow/example_dags/example_branch_operator.py
[2024-07-27T13:45:44.367+0000] {processor.py:840} INFO - DAG(s) 'example_branch_operator' retrieved from /home/airflow/.local/lib/python3.12/site-packages/airflow/example_dags/example_branch_operator.py
[2024-07-27T13:45:44.454+0000] {logging_mixin.py:188} INFO - [2024-07-27T13:45:44.454+0000] {dag.py:3096} INFO - Sync 1 DAGs
[2024-07-27T13:45:44.466+0000] {logging_mixin.py:188} INFO - [2024-07-27T13:45:44.466+0000] {dag.py:3954} INFO - Setting next_dagrun for example_branch_operator to 2024-07-26 00:00:00+00:00, run_after=2024-07-27 00:00:00+00:00
[2024-07-27T13:45:44.493+0000] {processor.py:183} INFO - Processing /home/airflow/.local/lib/python3.12/site-packages/airflow/example_dags/example_branch_operator.py took 0.176 seconds
[2024-07-27T13:46:15.325+0000] {processor.py:161} INFO - Started process (PID=156) to work on /home/airflow/.local/lib/python3.12/site-packages/airflow/example_dags/example_branch_operator.py
[2024-07-27T13:46:15.326+0000] {processor.py:830} INFO - Processing file /home/airflow/.local/lib/python3.12/site-packages/airflow/example_dags/example_branch_operator.py for tasks to queue
[2024-07-27T13:46:15.327+0000] {logging_mixin.py:188} INFO - [2024-07-27T13:46:15.327+0000] {dagbag.py:545} INFO - Filling up the DagBag from /home/airflow/.local/lib/python3.12/site-packages/airflow/example_dags/example_branch_operator.py
[2024-07-27T13:46:15.340+0000] {processor.py:840} INFO - DAG(s) 'example_branch_operator' retrieved from /home/airflow/.local/lib/python3.12/site-packages/airflow/example_dags/example_branch_operator.py
[2024-07-27T13:46:15.357+0000] {logging_mixin.py:188} INFO - [2024-07-27T13:46:15.357+0000] {dag.py:3096} INFO - Sync 1 DAGs
[2024-07-27T13:46:15.372+0000] {logging_mixin.py:188} INFO - [2024-07-27T13:46:15.372+0000] {dag.py:3954} INFO - Setting next_dagrun for example_branch_operator to 2024-07-26 00:00:00+00:00, run_after=2024-07-27 00:00:00+00:00
[2024-07-27T13:46:15.380+0000] {processor.py:183} INFO - Processing /home/airflow/.local/lib/python3.12/site-packages/airflow/example_dags/example_branch_operator.py took 0.057 seconds
[2024-07-27T13:46:45.543+0000] {processor.py:161} INFO - Started process (PID=214) to work on /home/airflow/.local/lib/python3.12/site-packages/airflow/example_dags/example_branch_operator.py
[2024-07-27T13:46:45.544+0000] {processor.py:830} INFO - Processing file /home/airflow/.local/lib/python3.12/site-packages/airflow/example_dags/example_branch_operator.py for tasks to queue
[2024-07-27T13:46:45.545+0000] {logging_mixin.py:188} INFO - [2024-07-27T13:46:45.545+0000] {dagbag.py:545} INFO - Filling up the DagBag from /home/airflow/.local/lib/python3.12/site-packages/airflow/example_dags/example_branch_operator.py
[2024-07-27T13:46:45.553+0000] {processor.py:840} INFO - DAG(s) 'example_branch_operator' retrieved from /home/airflow/.local/lib/python3.12/site-packages/airflow/example_dags/example_branch_operator.py
[2024-07-27T13:46:45.566+0000] {logging_mixin.py:188} INFO - [2024-07-27T13:46:45.566+0000] {dag.py:3096} INFO - Sync 1 DAGs
[2024-07-27T13:46:45.576+0000] {logging_mixin.py:188} INFO - [2024-07-27T13:46:45.576+0000] {dag.py:3954} INFO - Setting next_dagrun for example_branch_operator to 2024-07-26 00:00:00+00:00, run_after=2024-07-27 00:00:00+00:00
[2024-07-27T13:46:45.583+0000] {processor.py:183} INFO - Processing /home/airflow/.local/lib/python3.12/site-packages/airflow/example_dags/example_branch_operator.py took 0.043 seconds
