[2024-07-27T13:45:16.096+0000] {processor.py:161} INFO - Started process (PID=73) to work on /home/airflow/.local/lib/python3.12/site-packages/airflow/example_dags/example_datasets.py
[2024-07-27T13:45:16.097+0000] {processor.py:830} INFO - Processing file /home/airflow/.local/lib/python3.12/site-packages/airflow/example_dags/example_datasets.py for tasks to queue
[2024-07-27T13:45:16.101+0000] {logging_mixin.py:188} INFO - [2024-07-27T13:45:16.101+0000] {dagbag.py:545} INFO - Filling up the DagBag from /home/airflow/.local/lib/python3.12/site-packages/airflow/example_dags/example_datasets.py
[2024-07-27T13:45:16.140+0000] {processor.py:840} INFO - DAG(s) 'dataset_produces_1', 'conditional_dataset_and_time_based_timetable', 'consume_1_or_2_with_dataset_expressions', 'dataset_consumes_1', 'dataset_consumes_1_never_scheduled', 'dataset_consumes_1_and_2', 'dataset_consumes_unknown_never_scheduled', 'consume_1_and_2_with_dataset_expressions', 'consume_1_or_both_2_and_3_with_dataset_expressions', 'dataset_produces_2' retrieved from /home/airflow/.local/lib/python3.12/site-packages/airflow/example_dags/example_datasets.py
[2024-07-27T13:45:16.167+0000] {logging_mixin.py:188} INFO - [2024-07-27T13:45:16.167+0000] {dag.py:3096} INFO - Sync 10 DAGs
[2024-07-27T13:45:16.217+0000] {logging_mixin.py:188} INFO - [2024-07-27T13:45:16.217+0000] {dag.py:3954} INFO - Setting next_dagrun for conditional_dataset_and_time_based_timetable to 2024-07-24 01:00:00+00:00, run_after=2024-07-24 01:00:00+00:00
[2024-07-27T13:45:16.222+0000] {logging_mixin.py:188} INFO - [2024-07-27T13:45:16.222+0000] {dag.py:3954} INFO - Setting next_dagrun for consume_1_and_2_with_dataset_expressions to None, run_after=None
[2024-07-27T13:45:16.225+0000] {logging_mixin.py:188} INFO - [2024-07-27T13:45:16.224+0000] {dag.py:3954} INFO - Setting next_dagrun for consume_1_or_2_with_dataset_expressions to None, run_after=None
[2024-07-27T13:45:16.228+0000] {logging_mixin.py:188} INFO - [2024-07-27T13:45:16.227+0000] {dag.py:3954} INFO - Setting next_dagrun for consume_1_or_both_2_and_3_with_dataset_expressions to None, run_after=None
[2024-07-27T13:45:16.231+0000] {logging_mixin.py:188} INFO - [2024-07-27T13:45:16.231+0000] {dag.py:3954} INFO - Setting next_dagrun for dataset_consumes_1 to None, run_after=None
[2024-07-27T13:45:16.235+0000] {logging_mixin.py:188} INFO - [2024-07-27T13:45:16.234+0000] {dag.py:3954} INFO - Setting next_dagrun for dataset_consumes_1_and_2 to None, run_after=None
[2024-07-27T13:45:16.237+0000] {logging_mixin.py:188} INFO - [2024-07-27T13:45:16.236+0000] {dag.py:3954} INFO - Setting next_dagrun for dataset_consumes_1_never_scheduled to None, run_after=None
[2024-07-27T13:45:16.238+0000] {logging_mixin.py:188} INFO - [2024-07-27T13:45:16.238+0000] {dag.py:3954} INFO - Setting next_dagrun for dataset_consumes_unknown_never_scheduled to None, run_after=None
[2024-07-27T13:45:16.242+0000] {logging_mixin.py:188} INFO - [2024-07-27T13:45:16.241+0000] {dag.py:3954} INFO - Setting next_dagrun for dataset_produces_1 to 2024-07-26 00:00:00+00:00, run_after=2024-07-27 00:00:00+00:00
[2024-07-27T13:45:16.244+0000] {logging_mixin.py:188} INFO - [2024-07-27T13:45:16.243+0000] {dag.py:3954} INFO - Setting next_dagrun for dataset_produces_2 to None, run_after=None
[2024-07-27T13:45:16.281+0000] {processor.py:183} INFO - Processing /home/airflow/.local/lib/python3.12/site-packages/airflow/example_dags/example_datasets.py took 0.203 seconds
[2024-07-27T13:45:46.582+0000] {processor.py:161} INFO - Started process (PID=131) to work on /home/airflow/.local/lib/python3.12/site-packages/airflow/example_dags/example_datasets.py
[2024-07-27T13:45:46.583+0000] {processor.py:830} INFO - Processing file /home/airflow/.local/lib/python3.12/site-packages/airflow/example_dags/example_datasets.py for tasks to queue
[2024-07-27T13:45:46.584+0000] {logging_mixin.py:188} INFO - [2024-07-27T13:45:46.584+0000] {dagbag.py:545} INFO - Filling up the DagBag from /home/airflow/.local/lib/python3.12/site-packages/airflow/example_dags/example_datasets.py
[2024-07-27T13:45:46.593+0000] {processor.py:840} INFO - DAG(s) 'dataset_consumes_1_and_2', 'consume_1_or_2_with_dataset_expressions', 'consume_1_or_both_2_and_3_with_dataset_expressions', 'dataset_produces_1', 'conditional_dataset_and_time_based_timetable', 'dataset_consumes_1_never_scheduled', 'dataset_consumes_1', 'dataset_consumes_unknown_never_scheduled', 'dataset_produces_2', 'consume_1_and_2_with_dataset_expressions' retrieved from /home/airflow/.local/lib/python3.12/site-packages/airflow/example_dags/example_datasets.py
[2024-07-27T13:45:46.665+0000] {logging_mixin.py:188} INFO - [2024-07-27T13:45:46.665+0000] {dag.py:3096} INFO - Sync 10 DAGs
[2024-07-27T13:45:46.674+0000] {logging_mixin.py:188} INFO - [2024-07-27T13:45:46.674+0000] {dag.py:3954} INFO - Setting next_dagrun for conditional_dataset_and_time_based_timetable to 2024-07-24 01:00:00+00:00, run_after=2024-07-24 01:00:00+00:00
[2024-07-27T13:45:46.675+0000] {logging_mixin.py:188} INFO - [2024-07-27T13:45:46.675+0000] {dag.py:3954} INFO - Setting next_dagrun for consume_1_and_2_with_dataset_expressions to None, run_after=None
[2024-07-27T13:45:46.676+0000] {logging_mixin.py:188} INFO - [2024-07-27T13:45:46.676+0000] {dag.py:3954} INFO - Setting next_dagrun for consume_1_or_2_with_dataset_expressions to None, run_after=None
[2024-07-27T13:45:46.676+0000] {logging_mixin.py:188} INFO - [2024-07-27T13:45:46.676+0000] {dag.py:3954} INFO - Setting next_dagrun for consume_1_or_both_2_and_3_with_dataset_expressions to None, run_after=None
[2024-07-27T13:45:46.677+0000] {logging_mixin.py:188} INFO - [2024-07-27T13:45:46.677+0000] {dag.py:3954} INFO - Setting next_dagrun for dataset_consumes_1 to None, run_after=None
[2024-07-27T13:45:46.677+0000] {logging_mixin.py:188} INFO - [2024-07-27T13:45:46.677+0000] {dag.py:3954} INFO - Setting next_dagrun for dataset_consumes_1_and_2 to None, run_after=None
[2024-07-27T13:45:46.678+0000] {logging_mixin.py:188} INFO - [2024-07-27T13:45:46.678+0000] {dag.py:3954} INFO - Setting next_dagrun for dataset_consumes_1_never_scheduled to None, run_after=None
[2024-07-27T13:45:46.678+0000] {logging_mixin.py:188} INFO - [2024-07-27T13:45:46.678+0000] {dag.py:3954} INFO - Setting next_dagrun for dataset_consumes_unknown_never_scheduled to None, run_after=None
[2024-07-27T13:45:46.679+0000] {logging_mixin.py:188} INFO - [2024-07-27T13:45:46.679+0000] {dag.py:3954} INFO - Setting next_dagrun for dataset_produces_1 to 2024-07-26 00:00:00+00:00, run_after=2024-07-27 00:00:00+00:00
[2024-07-27T13:45:46.680+0000] {logging_mixin.py:188} INFO - [2024-07-27T13:45:46.680+0000] {dag.py:3954} INFO - Setting next_dagrun for dataset_produces_2 to None, run_after=None
[2024-07-27T13:45:46.695+0000] {processor.py:183} INFO - Processing /home/airflow/.local/lib/python3.12/site-packages/airflow/example_dags/example_datasets.py took 0.116 seconds
[2024-07-27T13:46:17.182+0000] {processor.py:161} INFO - Started process (PID=189) to work on /home/airflow/.local/lib/python3.12/site-packages/airflow/example_dags/example_datasets.py
[2024-07-27T13:46:17.183+0000] {processor.py:830} INFO - Processing file /home/airflow/.local/lib/python3.12/site-packages/airflow/example_dags/example_datasets.py for tasks to queue
[2024-07-27T13:46:17.184+0000] {logging_mixin.py:188} INFO - [2024-07-27T13:46:17.184+0000] {dagbag.py:545} INFO - Filling up the DagBag from /home/airflow/.local/lib/python3.12/site-packages/airflow/example_dags/example_datasets.py
[2024-07-27T13:46:17.191+0000] {processor.py:840} INFO - DAG(s) 'consume_1_or_2_with_dataset_expressions', 'dataset_consumes_1_never_scheduled', 'consume_1_or_both_2_and_3_with_dataset_expressions', 'conditional_dataset_and_time_based_timetable', 'consume_1_and_2_with_dataset_expressions', 'dataset_consumes_unknown_never_scheduled', 'dataset_produces_2', 'dataset_consumes_1_and_2', 'dataset_produces_1', 'dataset_consumes_1' retrieved from /home/airflow/.local/lib/python3.12/site-packages/airflow/example_dags/example_datasets.py
[2024-07-27T13:46:17.209+0000] {logging_mixin.py:188} INFO - [2024-07-27T13:46:17.209+0000] {dag.py:3096} INFO - Sync 10 DAGs
[2024-07-27T13:46:17.219+0000] {logging_mixin.py:188} INFO - [2024-07-27T13:46:17.219+0000] {dag.py:3954} INFO - Setting next_dagrun for conditional_dataset_and_time_based_timetable to 2024-07-24 01:00:00+00:00, run_after=2024-07-24 01:00:00+00:00
[2024-07-27T13:46:17.221+0000] {logging_mixin.py:188} INFO - [2024-07-27T13:46:17.221+0000] {dag.py:3954} INFO - Setting next_dagrun for consume_1_and_2_with_dataset_expressions to None, run_after=None
[2024-07-27T13:46:17.221+0000] {logging_mixin.py:188} INFO - [2024-07-27T13:46:17.221+0000] {dag.py:3954} INFO - Setting next_dagrun for consume_1_or_2_with_dataset_expressions to None, run_after=None
[2024-07-27T13:46:17.222+0000] {logging_mixin.py:188} INFO - [2024-07-27T13:46:17.222+0000] {dag.py:3954} INFO - Setting next_dagrun for consume_1_or_both_2_and_3_with_dataset_expressions to None, run_after=None
[2024-07-27T13:46:17.222+0000] {logging_mixin.py:188} INFO - [2024-07-27T13:46:17.222+0000] {dag.py:3954} INFO - Setting next_dagrun for dataset_consumes_1 to None, run_after=None
[2024-07-27T13:46:17.223+0000] {logging_mixin.py:188} INFO - [2024-07-27T13:46:17.223+0000] {dag.py:3954} INFO - Setting next_dagrun for dataset_consumes_1_and_2 to None, run_after=None
[2024-07-27T13:46:17.223+0000] {logging_mixin.py:188} INFO - [2024-07-27T13:46:17.223+0000] {dag.py:3954} INFO - Setting next_dagrun for dataset_consumes_1_never_scheduled to None, run_after=None
[2024-07-27T13:46:17.224+0000] {logging_mixin.py:188} INFO - [2024-07-27T13:46:17.224+0000] {dag.py:3954} INFO - Setting next_dagrun for dataset_consumes_unknown_never_scheduled to None, run_after=None
[2024-07-27T13:46:17.225+0000] {logging_mixin.py:188} INFO - [2024-07-27T13:46:17.224+0000] {dag.py:3954} INFO - Setting next_dagrun for dataset_produces_1 to 2024-07-26 00:00:00+00:00, run_after=2024-07-27 00:00:00+00:00
[2024-07-27T13:46:17.225+0000] {logging_mixin.py:188} INFO - [2024-07-27T13:46:17.225+0000] {dag.py:3954} INFO - Setting next_dagrun for dataset_produces_2 to None, run_after=None
[2024-07-27T13:46:17.237+0000] {processor.py:183} INFO - Processing /home/airflow/.local/lib/python3.12/site-packages/airflow/example_dags/example_datasets.py took 0.058 seconds
[2024-07-27T13:46:47.456+0000] {processor.py:161} INFO - Started process (PID=247) to work on /home/airflow/.local/lib/python3.12/site-packages/airflow/example_dags/example_datasets.py
[2024-07-27T13:46:47.457+0000] {processor.py:830} INFO - Processing file /home/airflow/.local/lib/python3.12/site-packages/airflow/example_dags/example_datasets.py for tasks to queue
[2024-07-27T13:46:47.458+0000] {logging_mixin.py:188} INFO - [2024-07-27T13:46:47.458+0000] {dagbag.py:545} INFO - Filling up the DagBag from /home/airflow/.local/lib/python3.12/site-packages/airflow/example_dags/example_datasets.py
[2024-07-27T13:46:47.464+0000] {processor.py:840} INFO - DAG(s) 'consume_1_or_both_2_and_3_with_dataset_expressions', 'dataset_consumes_1', 'consume_1_or_2_with_dataset_expressions', 'dataset_produces_1', 'consume_1_and_2_with_dataset_expressions', 'dataset_consumes_1_and_2', 'dataset_produces_2', 'dataset_consumes_1_never_scheduled', 'dataset_consumes_unknown_never_scheduled', 'conditional_dataset_and_time_based_timetable' retrieved from /home/airflow/.local/lib/python3.12/site-packages/airflow/example_dags/example_datasets.py
[2024-07-27T13:46:47.482+0000] {logging_mixin.py:188} INFO - [2024-07-27T13:46:47.481+0000] {dag.py:3096} INFO - Sync 10 DAGs
[2024-07-27T13:46:47.492+0000] {logging_mixin.py:188} INFO - [2024-07-27T13:46:47.492+0000] {dag.py:3954} INFO - Setting next_dagrun for conditional_dataset_and_time_based_timetable to 2024-07-24 01:00:00+00:00, run_after=2024-07-24 01:00:00+00:00
[2024-07-27T13:46:47.494+0000] {logging_mixin.py:188} INFO - [2024-07-27T13:46:47.494+0000] {dag.py:3954} INFO - Setting next_dagrun for consume_1_and_2_with_dataset_expressions to None, run_after=None
[2024-07-27T13:46:47.495+0000] {logging_mixin.py:188} INFO - [2024-07-27T13:46:47.494+0000] {dag.py:3954} INFO - Setting next_dagrun for consume_1_or_2_with_dataset_expressions to None, run_after=None
[2024-07-27T13:46:47.495+0000] {logging_mixin.py:188} INFO - [2024-07-27T13:46:47.495+0000] {dag.py:3954} INFO - Setting next_dagrun for consume_1_or_both_2_and_3_with_dataset_expressions to None, run_after=None
[2024-07-27T13:46:47.496+0000] {logging_mixin.py:188} INFO - [2024-07-27T13:46:47.496+0000] {dag.py:3954} INFO - Setting next_dagrun for dataset_consumes_1 to None, run_after=None
[2024-07-27T13:46:47.497+0000] {logging_mixin.py:188} INFO - [2024-07-27T13:46:47.496+0000] {dag.py:3954} INFO - Setting next_dagrun for dataset_consumes_1_and_2 to None, run_after=None
[2024-07-27T13:46:47.497+0000] {logging_mixin.py:188} INFO - [2024-07-27T13:46:47.497+0000] {dag.py:3954} INFO - Setting next_dagrun for dataset_consumes_1_never_scheduled to None, run_after=None
[2024-07-27T13:46:47.498+0000] {logging_mixin.py:188} INFO - [2024-07-27T13:46:47.498+0000] {dag.py:3954} INFO - Setting next_dagrun for dataset_consumes_unknown_never_scheduled to None, run_after=None
[2024-07-27T13:46:47.499+0000] {logging_mixin.py:188} INFO - [2024-07-27T13:46:47.498+0000] {dag.py:3954} INFO - Setting next_dagrun for dataset_produces_1 to 2024-07-26 00:00:00+00:00, run_after=2024-07-27 00:00:00+00:00
[2024-07-27T13:46:47.499+0000] {logging_mixin.py:188} INFO - [2024-07-27T13:46:47.499+0000] {dag.py:3954} INFO - Setting next_dagrun for dataset_produces_2 to None, run_after=None
[2024-07-27T13:46:47.512+0000] {processor.py:183} INFO - Processing /home/airflow/.local/lib/python3.12/site-packages/airflow/example_dags/example_datasets.py took 0.059 seconds
