[2024-07-27T13:45:15.925+0000] {processor.py:161} INFO - Started process (PID=72) to work on /home/airflow/.local/lib/python3.12/site-packages/airflow/example_dags/example_latest_only.py
[2024-07-27T13:45:15.926+0000] {processor.py:830} INFO - Processing file /home/airflow/.local/lib/python3.12/site-packages/airflow/example_dags/example_latest_only.py for tasks to queue
[2024-07-27T13:45:15.927+0000] {logging_mixin.py:188} INFO - [2024-07-27T13:45:15.927+0000] {dagbag.py:545} INFO - Filling up the DagBag from /home/airflow/.local/lib/python3.12/site-packages/airflow/example_dags/example_latest_only.py
[2024-07-27T13:45:15.932+0000] {processor.py:840} INFO - DAG(s) 'latest_only' retrieved from /home/airflow/.local/lib/python3.12/site-packages/airflow/example_dags/example_latest_only.py
[2024-07-27T13:45:15.964+0000] {logging_mixin.py:188} INFO - [2024-07-27T13:45:15.963+0000] {dag.py:3096} INFO - Sync 1 DAGs
[2024-07-27T13:45:16.008+0000] {logging_mixin.py:188} INFO - [2024-07-27T13:45:16.007+0000] {dag.py:3954} INFO - Setting next_dagrun for latest_only to 2024-07-27 08:00:00+00:00, run_after=2024-07-27 12:00:00+00:00
[2024-07-27T13:45:16.044+0000] {processor.py:183} INFO - Processing /home/airflow/.local/lib/python3.12/site-packages/airflow/example_dags/example_latest_only.py took 0.125 seconds
[2024-07-27T13:45:46.565+0000] {processor.py:161} INFO - Started process (PID=130) to work on /home/airflow/.local/lib/python3.12/site-packages/airflow/example_dags/example_latest_only.py
[2024-07-27T13:45:46.565+0000] {processor.py:830} INFO - Processing file /home/airflow/.local/lib/python3.12/site-packages/airflow/example_dags/example_latest_only.py for tasks to queue
[2024-07-27T13:45:46.566+0000] {logging_mixin.py:188} INFO - [2024-07-27T13:45:46.566+0000] {dagbag.py:545} INFO - Filling up the DagBag from /home/airflow/.local/lib/python3.12/site-packages/airflow/example_dags/example_latest_only.py
[2024-07-27T13:45:46.568+0000] {processor.py:840} INFO - DAG(s) 'latest_only' retrieved from /home/airflow/.local/lib/python3.12/site-packages/airflow/example_dags/example_latest_only.py
[2024-07-27T13:45:46.611+0000] {logging_mixin.py:188} INFO - [2024-07-27T13:45:46.611+0000] {dag.py:3096} INFO - Sync 1 DAGs
[2024-07-27T13:45:46.620+0000] {logging_mixin.py:188} INFO - [2024-07-27T13:45:46.620+0000] {dag.py:3954} INFO - Setting next_dagrun for latest_only to 2024-07-27 08:00:00+00:00, run_after=2024-07-27 12:00:00+00:00
[2024-07-27T13:45:46.627+0000] {processor.py:183} INFO - Processing /home/airflow/.local/lib/python3.12/site-packages/airflow/example_dags/example_latest_only.py took 0.065 seconds
[2024-07-27T13:46:17.152+0000] {processor.py:161} INFO - Started process (PID=188) to work on /home/airflow/.local/lib/python3.12/site-packages/airflow/example_dags/example_latest_only.py
[2024-07-27T13:46:17.152+0000] {processor.py:830} INFO - Processing file /home/airflow/.local/lib/python3.12/site-packages/airflow/example_dags/example_latest_only.py for tasks to queue
[2024-07-27T13:46:17.153+0000] {logging_mixin.py:188} INFO - [2024-07-27T13:46:17.153+0000] {dagbag.py:545} INFO - Filling up the DagBag from /home/airflow/.local/lib/python3.12/site-packages/airflow/example_dags/example_latest_only.py
[2024-07-27T13:46:17.156+0000] {processor.py:840} INFO - DAG(s) 'latest_only' retrieved from /home/airflow/.local/lib/python3.12/site-packages/airflow/example_dags/example_latest_only.py
[2024-07-27T13:46:17.165+0000] {logging_mixin.py:188} INFO - [2024-07-27T13:46:17.164+0000] {dag.py:3096} INFO - Sync 1 DAGs
[2024-07-27T13:46:17.174+0000] {logging_mixin.py:188} INFO - [2024-07-27T13:46:17.174+0000] {dag.py:3954} INFO - Setting next_dagrun for latest_only to 2024-07-27 08:00:00+00:00, run_after=2024-07-27 12:00:00+00:00
[2024-07-27T13:46:17.181+0000] {processor.py:183} INFO - Processing /home/airflow/.local/lib/python3.12/site-packages/airflow/example_dags/example_latest_only.py took 0.032 seconds
[2024-07-27T13:46:47.411+0000] {processor.py:161} INFO - Started process (PID=246) to work on /home/airflow/.local/lib/python3.12/site-packages/airflow/example_dags/example_latest_only.py
[2024-07-27T13:46:47.412+0000] {processor.py:830} INFO - Processing file /home/airflow/.local/lib/python3.12/site-packages/airflow/example_dags/example_latest_only.py for tasks to queue
[2024-07-27T13:46:47.413+0000] {logging_mixin.py:188} INFO - [2024-07-27T13:46:47.413+0000] {dagbag.py:545} INFO - Filling up the DagBag from /home/airflow/.local/lib/python3.12/site-packages/airflow/example_dags/example_latest_only.py
[2024-07-27T13:46:47.416+0000] {processor.py:840} INFO - DAG(s) 'latest_only' retrieved from /home/airflow/.local/lib/python3.12/site-packages/airflow/example_dags/example_latest_only.py
[2024-07-27T13:46:47.428+0000] {logging_mixin.py:188} INFO - [2024-07-27T13:46:47.428+0000] {dag.py:3096} INFO - Sync 1 DAGs
[2024-07-27T13:46:47.437+0000] {logging_mixin.py:188} INFO - [2024-07-27T13:46:47.437+0000] {dag.py:3954} INFO - Setting next_dagrun for latest_only to 2024-07-27 08:00:00+00:00, run_after=2024-07-27 12:00:00+00:00
[2024-07-27T13:46:47.445+0000] {processor.py:183} INFO - Processing /home/airflow/.local/lib/python3.12/site-packages/airflow/example_dags/example_latest_only.py took 0.036 seconds
