[2024-07-27T13:45:16.108+0000] {processor.py:161} INFO - Started process (PID=74) to work on /home/airflow/.local/lib/python3.12/site-packages/airflow/example_dags/example_nested_branch_dag.py
[2024-07-27T13:45:16.109+0000] {processor.py:830} INFO - Processing file /home/airflow/.local/lib/python3.12/site-packages/airflow/example_dags/example_nested_branch_dag.py for tasks to queue
[2024-07-27T13:45:16.111+0000] {logging_mixin.py:188} INFO - [2024-07-27T13:45:16.111+0000] {dagbag.py:545} INFO - Filling up the DagBag from /home/airflow/.local/lib/python3.12/site-packages/airflow/example_dags/example_nested_branch_dag.py
[2024-07-27T13:45:16.157+0000] {processor.py:840} INFO - DAG(s) 'example_nested_branch_dag' retrieved from /home/airflow/.local/lib/python3.12/site-packages/airflow/example_dags/example_nested_branch_dag.py
[2024-07-27T13:45:16.213+0000] {logging_mixin.py:188} INFO - [2024-07-27T13:45:16.212+0000] {dag.py:3096} INFO - Sync 1 DAGs
[2024-07-27T13:45:16.244+0000] {logging_mixin.py:188} INFO - [2024-07-27T13:45:16.244+0000] {dag.py:3954} INFO - Setting next_dagrun for example_nested_branch_dag to 2024-07-26 00:00:00+00:00, run_after=2024-07-27 00:00:00+00:00
[2024-07-27T13:45:16.263+0000] {processor.py:183} INFO - Processing /home/airflow/.local/lib/python3.12/site-packages/airflow/example_dags/example_nested_branch_dag.py took 0.159 seconds
[2024-07-27T13:45:46.638+0000] {processor.py:161} INFO - Started process (PID=132) to work on /home/airflow/.local/lib/python3.12/site-packages/airflow/example_dags/example_nested_branch_dag.py
[2024-07-27T13:45:46.639+0000] {processor.py:830} INFO - Processing file /home/airflow/.local/lib/python3.12/site-packages/airflow/example_dags/example_nested_branch_dag.py for tasks to queue
[2024-07-27T13:45:46.640+0000] {logging_mixin.py:188} INFO - [2024-07-27T13:45:46.640+0000] {dagbag.py:545} INFO - Filling up the DagBag from /home/airflow/.local/lib/python3.12/site-packages/airflow/example_dags/example_nested_branch_dag.py
[2024-07-27T13:45:46.644+0000] {processor.py:840} INFO - DAG(s) 'example_nested_branch_dag' retrieved from /home/airflow/.local/lib/python3.12/site-packages/airflow/example_dags/example_nested_branch_dag.py
[2024-07-27T13:45:46.684+0000] {logging_mixin.py:188} INFO - [2024-07-27T13:45:46.684+0000] {dag.py:3096} INFO - Sync 1 DAGs
[2024-07-27T13:45:46.693+0000] {logging_mixin.py:188} INFO - [2024-07-27T13:45:46.693+0000] {dag.py:3954} INFO - Setting next_dagrun for example_nested_branch_dag to 2024-07-26 00:00:00+00:00, run_after=2024-07-27 00:00:00+00:00
[2024-07-27T13:45:46.701+0000] {processor.py:183} INFO - Processing /home/airflow/.local/lib/python3.12/site-packages/airflow/example_dags/example_nested_branch_dag.py took 0.066 seconds
[2024-07-27T13:46:17.193+0000] {processor.py:161} INFO - Started process (PID=190) to work on /home/airflow/.local/lib/python3.12/site-packages/airflow/example_dags/example_nested_branch_dag.py
[2024-07-27T13:46:17.194+0000] {processor.py:830} INFO - Processing file /home/airflow/.local/lib/python3.12/site-packages/airflow/example_dags/example_nested_branch_dag.py for tasks to queue
[2024-07-27T13:46:17.194+0000] {logging_mixin.py:188} INFO - [2024-07-27T13:46:17.194+0000] {dagbag.py:545} INFO - Filling up the DagBag from /home/airflow/.local/lib/python3.12/site-packages/airflow/example_dags/example_nested_branch_dag.py
[2024-07-27T13:46:17.199+0000] {processor.py:840} INFO - DAG(s) 'example_nested_branch_dag' retrieved from /home/airflow/.local/lib/python3.12/site-packages/airflow/example_dags/example_nested_branch_dag.py
[2024-07-27T13:46:17.208+0000] {logging_mixin.py:188} INFO - [2024-07-27T13:46:17.208+0000] {dag.py:3096} INFO - Sync 1 DAGs
[2024-07-27T13:46:17.217+0000] {logging_mixin.py:188} INFO - [2024-07-27T13:46:17.217+0000] {dag.py:3954} INFO - Setting next_dagrun for example_nested_branch_dag to 2024-07-26 00:00:00+00:00, run_after=2024-07-27 00:00:00+00:00
[2024-07-27T13:46:17.225+0000] {processor.py:183} INFO - Processing /home/airflow/.local/lib/python3.12/site-packages/airflow/example_dags/example_nested_branch_dag.py took 0.035 seconds
[2024-07-27T13:46:47.523+0000] {processor.py:161} INFO - Started process (PID=248) to work on /home/airflow/.local/lib/python3.12/site-packages/airflow/example_dags/example_nested_branch_dag.py
[2024-07-27T13:46:47.524+0000] {processor.py:830} INFO - Processing file /home/airflow/.local/lib/python3.12/site-packages/airflow/example_dags/example_nested_branch_dag.py for tasks to queue
[2024-07-27T13:46:47.525+0000] {logging_mixin.py:188} INFO - [2024-07-27T13:46:47.525+0000] {dagbag.py:545} INFO - Filling up the DagBag from /home/airflow/.local/lib/python3.12/site-packages/airflow/example_dags/example_nested_branch_dag.py
[2024-07-27T13:46:47.532+0000] {processor.py:840} INFO - DAG(s) 'example_nested_branch_dag' retrieved from /home/airflow/.local/lib/python3.12/site-packages/airflow/example_dags/example_nested_branch_dag.py
[2024-07-27T13:46:47.549+0000] {logging_mixin.py:188} INFO - [2024-07-27T13:46:47.549+0000] {dag.py:3096} INFO - Sync 1 DAGs
[2024-07-27T13:46:47.561+0000] {logging_mixin.py:188} INFO - [2024-07-27T13:46:47.561+0000] {dag.py:3954} INFO - Setting next_dagrun for example_nested_branch_dag to 2024-07-26 00:00:00+00:00, run_after=2024-07-27 00:00:00+00:00
[2024-07-27T13:46:47.569+0000] {processor.py:183} INFO - Processing /home/airflow/.local/lib/python3.12/site-packages/airflow/example_dags/example_nested_branch_dag.py took 0.048 seconds
