[2024-07-27T13:45:13.336+0000] {processor.py:161} INFO - Started process (PID=34) to work on /home/airflow/.local/lib/python3.12/site-packages/airflow/example_dags/example_time_delta_sensor_async.py
[2024-07-27T13:45:13.337+0000] {processor.py:830} INFO - Processing file /home/airflow/.local/lib/python3.12/site-packages/airflow/example_dags/example_time_delta_sensor_async.py for tasks to queue
[2024-07-27T13:45:13.338+0000] {logging_mixin.py:188} INFO - [2024-07-27T13:45:13.337+0000] {dagbag.py:545} INFO - Filling up the DagBag from /home/airflow/.local/lib/python3.12/site-packages/airflow/example_dags/example_time_delta_sensor_async.py
[2024-07-27T13:45:13.341+0000] {processor.py:840} INFO - DAG(s) 'example_time_delta_sensor_async' retrieved from /home/airflow/.local/lib/python3.12/site-packages/airflow/example_dags/example_time_delta_sensor_async.py
[2024-07-27T13:45:13.348+0000] {logging_mixin.py:188} INFO - [2024-07-27T13:45:13.348+0000] {dag.py:3096} INFO - Sync 1 DAGs
[2024-07-27T13:45:13.354+0000] {logging_mixin.py:188} INFO - [2024-07-27T13:45:13.354+0000] {dag.py:3954} INFO - Setting next_dagrun for example_time_delta_sensor_async to None, run_after=None
[2024-07-27T13:45:13.370+0000] {processor.py:183} INFO - Processing /home/airflow/.local/lib/python3.12/site-packages/airflow/example_dags/example_time_delta_sensor_async.py took 0.037 seconds
[2024-07-27T13:45:43.800+0000] {processor.py:161} INFO - Started process (PID=92) to work on /home/airflow/.local/lib/python3.12/site-packages/airflow/example_dags/example_time_delta_sensor_async.py
[2024-07-27T13:45:43.801+0000] {processor.py:830} INFO - Processing file /home/airflow/.local/lib/python3.12/site-packages/airflow/example_dags/example_time_delta_sensor_async.py for tasks to queue
[2024-07-27T13:45:43.803+0000] {logging_mixin.py:188} INFO - [2024-07-27T13:45:43.802+0000] {dagbag.py:545} INFO - Filling up the DagBag from /home/airflow/.local/lib/python3.12/site-packages/airflow/example_dags/example_time_delta_sensor_async.py
[2024-07-27T13:45:43.806+0000] {processor.py:840} INFO - DAG(s) 'example_time_delta_sensor_async' retrieved from /home/airflow/.local/lib/python3.12/site-packages/airflow/example_dags/example_time_delta_sensor_async.py
[2024-07-27T13:45:43.853+0000] {logging_mixin.py:188} INFO - [2024-07-27T13:45:43.853+0000] {dag.py:3096} INFO - Sync 1 DAGs
[2024-07-27T13:45:43.857+0000] {logging_mixin.py:188} INFO - [2024-07-27T13:45:43.857+0000] {dag.py:3954} INFO - Setting next_dagrun for example_time_delta_sensor_async to None, run_after=None
[2024-07-27T13:45:43.864+0000] {processor.py:183} INFO - Processing /home/airflow/.local/lib/python3.12/site-packages/airflow/example_dags/example_time_delta_sensor_async.py took 0.070 seconds
[2024-07-27T13:46:14.011+0000] {processor.py:161} INFO - Started process (PID=150) to work on /home/airflow/.local/lib/python3.12/site-packages/airflow/example_dags/example_time_delta_sensor_async.py
[2024-07-27T13:46:14.012+0000] {processor.py:830} INFO - Processing file /home/airflow/.local/lib/python3.12/site-packages/airflow/example_dags/example_time_delta_sensor_async.py for tasks to queue
[2024-07-27T13:46:14.013+0000] {logging_mixin.py:188} INFO - [2024-07-27T13:46:14.013+0000] {dagbag.py:545} INFO - Filling up the DagBag from /home/airflow/.local/lib/python3.12/site-packages/airflow/example_dags/example_time_delta_sensor_async.py
[2024-07-27T13:46:14.016+0000] {processor.py:840} INFO - DAG(s) 'example_time_delta_sensor_async' retrieved from /home/airflow/.local/lib/python3.12/site-packages/airflow/example_dags/example_time_delta_sensor_async.py
[2024-07-27T13:46:14.030+0000] {logging_mixin.py:188} INFO - [2024-07-27T13:46:14.030+0000] {dag.py:3096} INFO - Sync 1 DAGs
[2024-07-27T13:46:14.042+0000] {logging_mixin.py:188} INFO - [2024-07-27T13:46:14.042+0000] {dag.py:3954} INFO - Setting next_dagrun for example_time_delta_sensor_async to None, run_after=None
[2024-07-27T13:46:14.054+0000] {processor.py:183} INFO - Processing /home/airflow/.local/lib/python3.12/site-packages/airflow/example_dags/example_time_delta_sensor_async.py took 0.047 seconds
[2024-07-27T13:46:44.304+0000] {processor.py:161} INFO - Started process (PID=208) to work on /home/airflow/.local/lib/python3.12/site-packages/airflow/example_dags/example_time_delta_sensor_async.py
[2024-07-27T13:46:44.305+0000] {processor.py:830} INFO - Processing file /home/airflow/.local/lib/python3.12/site-packages/airflow/example_dags/example_time_delta_sensor_async.py for tasks to queue
[2024-07-27T13:46:44.305+0000] {logging_mixin.py:188} INFO - [2024-07-27T13:46:44.305+0000] {dagbag.py:545} INFO - Filling up the DagBag from /home/airflow/.local/lib/python3.12/site-packages/airflow/example_dags/example_time_delta_sensor_async.py
[2024-07-27T13:46:44.307+0000] {processor.py:840} INFO - DAG(s) 'example_time_delta_sensor_async' retrieved from /home/airflow/.local/lib/python3.12/site-packages/airflow/example_dags/example_time_delta_sensor_async.py
[2024-07-27T13:46:44.316+0000] {logging_mixin.py:188} INFO - [2024-07-27T13:46:44.316+0000] {dag.py:3096} INFO - Sync 1 DAGs
[2024-07-27T13:46:44.321+0000] {logging_mixin.py:188} INFO - [2024-07-27T13:46:44.321+0000] {dag.py:3954} INFO - Setting next_dagrun for example_time_delta_sensor_async to None, run_after=None
[2024-07-27T13:46:44.328+0000] {processor.py:183} INFO - Processing /home/airflow/.local/lib/python3.12/site-packages/airflow/example_dags/example_time_delta_sensor_async.py took 0.026 seconds
