[2024-07-27T13:45:15.601+0000] {processor.py:161} INFO - Started process (PID=68) to work on /home/airflow/.local/lib/python3.12/site-packages/airflow/example_dags/example_branch_datetime_operator.py
[2024-07-27T13:45:15.603+0000] {processor.py:830} INFO - Processing file /home/airflow/.local/lib/python3.12/site-packages/airflow/example_dags/example_branch_datetime_operator.py for tasks to queue
[2024-07-27T13:45:15.605+0000] {logging_mixin.py:188} INFO - [2024-07-27T13:45:15.605+0000] {dagbag.py:545} INFO - Filling up the DagBag from /home/airflow/.local/lib/python3.12/site-packages/airflow/example_dags/example_branch_datetime_operator.py
[2024-07-27T13:45:15.612+0000] {processor.py:840} INFO - DAG(s) 'example_branch_datetime_operator_3', 'example_branch_datetime_operator_2', 'example_branch_datetime_operator' retrieved from /home/airflow/.local/lib/python3.12/site-packages/airflow/example_dags/example_branch_datetime_operator.py
[2024-07-27T13:45:15.638+0000] {logging_mixin.py:188} INFO - [2024-07-27T13:45:15.638+0000] {dag.py:3096} INFO - Sync 3 DAGs
[2024-07-27T13:45:15.659+0000] {logging_mixin.py:188} INFO - [2024-07-27T13:45:15.658+0000] {dag.py:3954} INFO - Setting next_dagrun for example_branch_datetime_operator to 2024-07-26 00:00:00+00:00, run_after=2024-07-27 00:00:00+00:00
[2024-07-27T13:45:15.662+0000] {logging_mixin.py:188} INFO - [2024-07-27T13:45:15.662+0000] {dag.py:3954} INFO - Setting next_dagrun for example_branch_datetime_operator_2 to 2024-07-26 00:00:00+00:00, run_after=2024-07-27 00:00:00+00:00
[2024-07-27T13:45:15.668+0000] {logging_mixin.py:188} INFO - [2024-07-27T13:45:15.668+0000] {dag.py:3954} INFO - Setting next_dagrun for example_branch_datetime_operator_3 to 2024-07-26 00:00:00+00:00, run_after=2024-07-27 00:00:00+00:00
[2024-07-27T13:45:15.686+0000] {processor.py:183} INFO - Processing /home/airflow/.local/lib/python3.12/site-packages/airflow/example_dags/example_branch_datetime_operator.py took 0.091 seconds
[2024-07-27T13:45:46.425+0000] {processor.py:161} INFO - Started process (PID=126) to work on /home/airflow/.local/lib/python3.12/site-packages/airflow/example_dags/example_branch_datetime_operator.py
[2024-07-27T13:45:46.426+0000] {processor.py:830} INFO - Processing file /home/airflow/.local/lib/python3.12/site-packages/airflow/example_dags/example_branch_datetime_operator.py for tasks to queue
[2024-07-27T13:45:46.427+0000] {logging_mixin.py:188} INFO - [2024-07-27T13:45:46.427+0000] {dagbag.py:545} INFO - Filling up the DagBag from /home/airflow/.local/lib/python3.12/site-packages/airflow/example_dags/example_branch_datetime_operator.py
[2024-07-27T13:45:46.432+0000] {processor.py:840} INFO - DAG(s) 'example_branch_datetime_operator_3', 'example_branch_datetime_operator_2', 'example_branch_datetime_operator' retrieved from /home/airflow/.local/lib/python3.12/site-packages/airflow/example_dags/example_branch_datetime_operator.py
[2024-07-27T13:45:46.479+0000] {logging_mixin.py:188} INFO - [2024-07-27T13:45:46.479+0000] {dag.py:3096} INFO - Sync 3 DAGs
[2024-07-27T13:45:46.488+0000] {logging_mixin.py:188} INFO - [2024-07-27T13:45:46.488+0000] {dag.py:3954} INFO - Setting next_dagrun for example_branch_datetime_operator to 2024-07-26 00:00:00+00:00, run_after=2024-07-27 00:00:00+00:00
[2024-07-27T13:45:46.489+0000] {logging_mixin.py:188} INFO - [2024-07-27T13:45:46.489+0000] {dag.py:3954} INFO - Setting next_dagrun for example_branch_datetime_operator_2 to 2024-07-26 00:00:00+00:00, run_after=2024-07-27 00:00:00+00:00
[2024-07-27T13:45:46.491+0000] {logging_mixin.py:188} INFO - [2024-07-27T13:45:46.491+0000] {dag.py:3954} INFO - Setting next_dagrun for example_branch_datetime_operator_3 to 2024-07-26 00:00:00+00:00, run_after=2024-07-27 00:00:00+00:00
[2024-07-27T13:45:46.500+0000] {processor.py:183} INFO - Processing /home/airflow/.local/lib/python3.12/site-packages/airflow/example_dags/example_branch_datetime_operator.py took 0.077 seconds
[2024-07-27T13:46:17.051+0000] {processor.py:161} INFO - Started process (PID=184) to work on /home/airflow/.local/lib/python3.12/site-packages/airflow/example_dags/example_branch_datetime_operator.py
[2024-07-27T13:46:17.052+0000] {processor.py:830} INFO - Processing file /home/airflow/.local/lib/python3.12/site-packages/airflow/example_dags/example_branch_datetime_operator.py for tasks to queue
[2024-07-27T13:46:17.053+0000] {logging_mixin.py:188} INFO - [2024-07-27T13:46:17.053+0000] {dagbag.py:545} INFO - Filling up the DagBag from /home/airflow/.local/lib/python3.12/site-packages/airflow/example_dags/example_branch_datetime_operator.py
[2024-07-27T13:46:17.057+0000] {processor.py:840} INFO - DAG(s) 'example_branch_datetime_operator_3', 'example_branch_datetime_operator', 'example_branch_datetime_operator_2' retrieved from /home/airflow/.local/lib/python3.12/site-packages/airflow/example_dags/example_branch_datetime_operator.py
[2024-07-27T13:46:17.072+0000] {logging_mixin.py:188} INFO - [2024-07-27T13:46:17.072+0000] {dag.py:3096} INFO - Sync 3 DAGs
[2024-07-27T13:46:17.084+0000] {logging_mixin.py:188} INFO - [2024-07-27T13:46:17.084+0000] {dag.py:3954} INFO - Setting next_dagrun for example_branch_datetime_operator to 2024-07-26 00:00:00+00:00, run_after=2024-07-27 00:00:00+00:00
[2024-07-27T13:46:17.087+0000] {logging_mixin.py:188} INFO - [2024-07-27T13:46:17.087+0000] {dag.py:3954} INFO - Setting next_dagrun for example_branch_datetime_operator_2 to 2024-07-26 00:00:00+00:00, run_after=2024-07-27 00:00:00+00:00
[2024-07-27T13:46:17.088+0000] {logging_mixin.py:188} INFO - [2024-07-27T13:46:17.088+0000] {dag.py:3954} INFO - Setting next_dagrun for example_branch_datetime_operator_3 to 2024-07-26 00:00:00+00:00, run_after=2024-07-27 00:00:00+00:00
[2024-07-27T13:46:17.096+0000] {processor.py:183} INFO - Processing /home/airflow/.local/lib/python3.12/site-packages/airflow/example_dags/example_branch_datetime_operator.py took 0.048 seconds
[2024-07-27T13:46:47.327+0000] {processor.py:161} INFO - Started process (PID=242) to work on /home/airflow/.local/lib/python3.12/site-packages/airflow/example_dags/example_branch_datetime_operator.py
[2024-07-27T13:46:47.328+0000] {processor.py:830} INFO - Processing file /home/airflow/.local/lib/python3.12/site-packages/airflow/example_dags/example_branch_datetime_operator.py for tasks to queue
[2024-07-27T13:46:47.329+0000] {logging_mixin.py:188} INFO - [2024-07-27T13:46:47.329+0000] {dagbag.py:545} INFO - Filling up the DagBag from /home/airflow/.local/lib/python3.12/site-packages/airflow/example_dags/example_branch_datetime_operator.py
[2024-07-27T13:46:47.333+0000] {processor.py:840} INFO - DAG(s) 'example_branch_datetime_operator', 'example_branch_datetime_operator_3', 'example_branch_datetime_operator_2' retrieved from /home/airflow/.local/lib/python3.12/site-packages/airflow/example_dags/example_branch_datetime_operator.py
[2024-07-27T13:46:47.344+0000] {logging_mixin.py:188} INFO - [2024-07-27T13:46:47.344+0000] {dag.py:3096} INFO - Sync 3 DAGs
[2024-07-27T13:46:47.353+0000] {logging_mixin.py:188} INFO - [2024-07-27T13:46:47.353+0000] {dag.py:3954} INFO - Setting next_dagrun for example_branch_datetime_operator to 2024-07-26 00:00:00+00:00, run_after=2024-07-27 00:00:00+00:00
[2024-07-27T13:46:47.355+0000] {logging_mixin.py:188} INFO - [2024-07-27T13:46:47.355+0000] {dag.py:3954} INFO - Setting next_dagrun for example_branch_datetime_operator_2 to 2024-07-26 00:00:00+00:00, run_after=2024-07-27 00:00:00+00:00
[2024-07-27T13:46:47.356+0000] {logging_mixin.py:188} INFO - [2024-07-27T13:46:47.356+0000] {dag.py:3954} INFO - Setting next_dagrun for example_branch_datetime_operator_3 to 2024-07-26 00:00:00+00:00, run_after=2024-07-27 00:00:00+00:00
[2024-07-27T13:46:47.363+0000] {processor.py:183} INFO - Processing /home/airflow/.local/lib/python3.12/site-packages/airflow/example_dags/example_branch_datetime_operator.py took 0.038 seconds
