[2024-07-27T13:45:15.690+0000] {processor.py:161} INFO - Started process (PID=69) to work on /home/airflow/.local/lib/python3.12/site-packages/airflow/example_dags/example_complex.py
[2024-07-27T13:45:15.692+0000] {processor.py:830} INFO - Processing file /home/airflow/.local/lib/python3.12/site-packages/airflow/example_dags/example_complex.py for tasks to queue
[2024-07-27T13:45:15.694+0000] {logging_mixin.py:188} INFO - [2024-07-27T13:45:15.694+0000] {dagbag.py:545} INFO - Filling up the DagBag from /home/airflow/.local/lib/python3.12/site-packages/airflow/example_dags/example_complex.py
[2024-07-27T13:45:15.704+0000] {processor.py:840} INFO - DAG(s) 'example_complex' retrieved from /home/airflow/.local/lib/python3.12/site-packages/airflow/example_dags/example_complex.py
[2024-07-27T13:45:15.712+0000] {logging_mixin.py:188} INFO - [2024-07-27T13:45:15.712+0000] {dag.py:3096} INFO - Sync 1 DAGs
[2024-07-27T13:45:15.722+0000] {logging_mixin.py:188} INFO - [2024-07-27T13:45:15.722+0000] {dag.py:3954} INFO - Setting next_dagrun for example_complex to None, run_after=None
[2024-07-27T13:45:15.747+0000] {processor.py:183} INFO - Processing /home/airflow/.local/lib/python3.12/site-packages/airflow/example_dags/example_complex.py took 0.062 seconds
[2024-07-27T13:45:46.428+0000] {processor.py:161} INFO - Started process (PID=127) to work on /home/airflow/.local/lib/python3.12/site-packages/airflow/example_dags/example_complex.py
[2024-07-27T13:45:46.428+0000] {processor.py:830} INFO - Processing file /home/airflow/.local/lib/python3.12/site-packages/airflow/example_dags/example_complex.py for tasks to queue
[2024-07-27T13:45:46.429+0000] {logging_mixin.py:188} INFO - [2024-07-27T13:45:46.429+0000] {dagbag.py:545} INFO - Filling up the DagBag from /home/airflow/.local/lib/python3.12/site-packages/airflow/example_dags/example_complex.py
[2024-07-27T13:45:46.434+0000] {processor.py:840} INFO - DAG(s) 'example_complex' retrieved from /home/airflow/.local/lib/python3.12/site-packages/airflow/example_dags/example_complex.py
[2024-07-27T13:45:46.474+0000] {logging_mixin.py:188} INFO - [2024-07-27T13:45:46.474+0000] {dag.py:3096} INFO - Sync 1 DAGs
[2024-07-27T13:45:46.479+0000] {logging_mixin.py:188} INFO - [2024-07-27T13:45:46.479+0000] {dag.py:3954} INFO - Setting next_dagrun for example_complex to None, run_after=None
[2024-07-27T13:45:46.486+0000] {processor.py:183} INFO - Processing /home/airflow/.local/lib/python3.12/site-packages/airflow/example_dags/example_complex.py took 0.061 seconds
[2024-07-27T13:46:17.089+0000] {processor.py:161} INFO - Started process (PID=185) to work on /home/airflow/.local/lib/python3.12/site-packages/airflow/example_dags/example_complex.py
[2024-07-27T13:46:17.089+0000] {processor.py:830} INFO - Processing file /home/airflow/.local/lib/python3.12/site-packages/airflow/example_dags/example_complex.py for tasks to queue
[2024-07-27T13:46:17.090+0000] {logging_mixin.py:188} INFO - [2024-07-27T13:46:17.090+0000] {dagbag.py:545} INFO - Filling up the DagBag from /home/airflow/.local/lib/python3.12/site-packages/airflow/example_dags/example_complex.py
[2024-07-27T13:46:17.096+0000] {processor.py:840} INFO - DAG(s) 'example_complex' retrieved from /home/airflow/.local/lib/python3.12/site-packages/airflow/example_dags/example_complex.py
[2024-07-27T13:46:17.110+0000] {logging_mixin.py:188} INFO - [2024-07-27T13:46:17.110+0000] {dag.py:3096} INFO - Sync 1 DAGs
[2024-07-27T13:46:17.116+0000] {logging_mixin.py:188} INFO - [2024-07-27T13:46:17.116+0000] {dag.py:3954} INFO - Setting next_dagrun for example_complex to None, run_after=None
[2024-07-27T13:46:17.123+0000] {processor.py:183} INFO - Processing /home/airflow/.local/lib/python3.12/site-packages/airflow/example_dags/example_complex.py took 0.038 seconds
[2024-07-27T13:46:47.336+0000] {processor.py:161} INFO - Started process (PID=243) to work on /home/airflow/.local/lib/python3.12/site-packages/airflow/example_dags/example_complex.py
[2024-07-27T13:46:47.337+0000] {processor.py:830} INFO - Processing file /home/airflow/.local/lib/python3.12/site-packages/airflow/example_dags/example_complex.py for tasks to queue
[2024-07-27T13:46:47.337+0000] {logging_mixin.py:188} INFO - [2024-07-27T13:46:47.337+0000] {dagbag.py:545} INFO - Filling up the DagBag from /home/airflow/.local/lib/python3.12/site-packages/airflow/example_dags/example_complex.py
[2024-07-27T13:46:47.342+0000] {processor.py:840} INFO - DAG(s) 'example_complex' retrieved from /home/airflow/.local/lib/python3.12/site-packages/airflow/example_dags/example_complex.py
[2024-07-27T13:46:47.353+0000] {logging_mixin.py:188} INFO - [2024-07-27T13:46:47.353+0000] {dag.py:3096} INFO - Sync 1 DAGs
[2024-07-27T13:46:47.358+0000] {logging_mixin.py:188} INFO - [2024-07-27T13:46:47.358+0000] {dag.py:3954} INFO - Setting next_dagrun for example_complex to None, run_after=None
[2024-07-27T13:46:47.366+0000] {processor.py:183} INFO - Processing /home/airflow/.local/lib/python3.12/site-packages/airflow/example_dags/example_complex.py took 0.033 seconds
