[2024-07-27T13:45:13.923+0000] {processor.py:161} INFO - Started process (PID=39) to work on /home/airflow/.local/lib/python3.12/site-packages/airflow/example_dags/example_branch_python_dop_operator_3.py
[2024-07-27T13:45:13.925+0000] {processor.py:830} INFO - Processing file /home/airflow/.local/lib/python3.12/site-packages/airflow/example_dags/example_branch_python_dop_operator_3.py for tasks to queue
[2024-07-27T13:45:13.926+0000] {logging_mixin.py:188} INFO - [2024-07-27T13:45:13.926+0000] {dagbag.py:545} INFO - Filling up the DagBag from /home/airflow/.local/lib/python3.12/site-packages/airflow/example_dags/example_branch_python_dop_operator_3.py
[2024-07-27T13:45:13.933+0000] {processor.py:840} INFO - DAG(s) 'example_branch_dop_operator_v3' retrieved from /home/airflow/.local/lib/python3.12/site-packages/airflow/example_dags/example_branch_python_dop_operator_3.py
[2024-07-27T13:45:13.940+0000] {logging_mixin.py:188} INFO - [2024-07-27T13:45:13.940+0000] {dag.py:3096} INFO - Sync 1 DAGs
[2024-07-27T13:45:13.961+0000] {logging_mixin.py:188} INFO - [2024-07-27T13:45:13.961+0000] {dag.py:3954} INFO - Setting next_dagrun for example_branch_dop_operator_v3 to 2024-07-27 13:44:00+00:00, run_after=2024-07-27 13:45:00+00:00
[2024-07-27T13:45:13.986+0000] {processor.py:183} INFO - Processing /home/airflow/.local/lib/python3.12/site-packages/airflow/example_dags/example_branch_python_dop_operator_3.py took 0.065 seconds
[2024-07-27T13:45:44.165+0000] {processor.py:161} INFO - Started process (PID=97) to work on /home/airflow/.local/lib/python3.12/site-packages/airflow/example_dags/example_branch_python_dop_operator_3.py
[2024-07-27T13:45:44.166+0000] {processor.py:830} INFO - Processing file /home/airflow/.local/lib/python3.12/site-packages/airflow/example_dags/example_branch_python_dop_operator_3.py for tasks to queue
[2024-07-27T13:45:44.169+0000] {logging_mixin.py:188} INFO - [2024-07-27T13:45:44.168+0000] {dagbag.py:545} INFO - Filling up the DagBag from /home/airflow/.local/lib/python3.12/site-packages/airflow/example_dags/example_branch_python_dop_operator_3.py
[2024-07-27T13:45:44.174+0000] {processor.py:840} INFO - DAG(s) 'example_branch_dop_operator_v3' retrieved from /home/airflow/.local/lib/python3.12/site-packages/airflow/example_dags/example_branch_python_dop_operator_3.py
[2024-07-27T13:45:44.276+0000] {logging_mixin.py:188} INFO - [2024-07-27T13:45:44.275+0000] {dag.py:3096} INFO - Sync 1 DAGs
[2024-07-27T13:45:44.299+0000] {logging_mixin.py:188} INFO - [2024-07-27T13:45:44.298+0000] {dag.py:3954} INFO - Setting next_dagrun for example_branch_dop_operator_v3 to 2024-07-27 13:44:00+00:00, run_after=2024-07-27 13:45:00+00:00
[2024-07-27T13:45:44.330+0000] {processor.py:183} INFO - Processing /home/airflow/.local/lib/python3.12/site-packages/airflow/example_dags/example_branch_python_dop_operator_3.py took 0.167 seconds
[2024-07-27T13:46:15.255+0000] {processor.py:161} INFO - Started process (PID=155) to work on /home/airflow/.local/lib/python3.12/site-packages/airflow/example_dags/example_branch_python_dop_operator_3.py
[2024-07-27T13:46:15.256+0000] {processor.py:830} INFO - Processing file /home/airflow/.local/lib/python3.12/site-packages/airflow/example_dags/example_branch_python_dop_operator_3.py for tasks to queue
[2024-07-27T13:46:15.257+0000] {logging_mixin.py:188} INFO - [2024-07-27T13:46:15.257+0000] {dagbag.py:545} INFO - Filling up the DagBag from /home/airflow/.local/lib/python3.12/site-packages/airflow/example_dags/example_branch_python_dop_operator_3.py
[2024-07-27T13:46:15.266+0000] {processor.py:840} INFO - DAG(s) 'example_branch_dop_operator_v3' retrieved from /home/airflow/.local/lib/python3.12/site-packages/airflow/example_dags/example_branch_python_dop_operator_3.py
[2024-07-27T13:46:15.285+0000] {logging_mixin.py:188} INFO - [2024-07-27T13:46:15.285+0000] {dag.py:3096} INFO - Sync 1 DAGs
[2024-07-27T13:46:15.300+0000] {logging_mixin.py:188} INFO - [2024-07-27T13:46:15.300+0000] {dag.py:3954} INFO - Setting next_dagrun for example_branch_dop_operator_v3 to 2024-07-27 13:45:00+00:00, run_after=2024-07-27 13:46:00+00:00
[2024-07-27T13:46:15.311+0000] {processor.py:183} INFO - Processing /home/airflow/.local/lib/python3.12/site-packages/airflow/example_dags/example_branch_python_dop_operator_3.py took 0.058 seconds
[2024-07-27T13:46:45.483+0000] {processor.py:161} INFO - Started process (PID=213) to work on /home/airflow/.local/lib/python3.12/site-packages/airflow/example_dags/example_branch_python_dop_operator_3.py
[2024-07-27T13:46:45.484+0000] {processor.py:830} INFO - Processing file /home/airflow/.local/lib/python3.12/site-packages/airflow/example_dags/example_branch_python_dop_operator_3.py for tasks to queue
[2024-07-27T13:46:45.485+0000] {logging_mixin.py:188} INFO - [2024-07-27T13:46:45.484+0000] {dagbag.py:545} INFO - Filling up the DagBag from /home/airflow/.local/lib/python3.12/site-packages/airflow/example_dags/example_branch_python_dop_operator_3.py
[2024-07-27T13:46:45.489+0000] {processor.py:840} INFO - DAG(s) 'example_branch_dop_operator_v3' retrieved from /home/airflow/.local/lib/python3.12/site-packages/airflow/example_dags/example_branch_python_dop_operator_3.py
[2024-07-27T13:46:45.497+0000] {logging_mixin.py:188} INFO - [2024-07-27T13:46:45.497+0000] {dag.py:3096} INFO - Sync 1 DAGs
[2024-07-27T13:46:45.514+0000] {logging_mixin.py:188} INFO - [2024-07-27T13:46:45.514+0000] {dag.py:3954} INFO - Setting next_dagrun for example_branch_dop_operator_v3 to 2024-07-27 13:45:00+00:00, run_after=2024-07-27 13:46:00+00:00
[2024-07-27T13:46:45.528+0000] {processor.py:183} INFO - Processing /home/airflow/.local/lib/python3.12/site-packages/airflow/example_dags/example_branch_python_dop_operator_3.py took 0.049 seconds
