[2024-07-27T13:45:14.762+0000] {processor.py:161} INFO - Started process (PID=54) to work on /home/airflow/.local/lib/python3.12/site-packages/airflow/example_dags/example_sensors.py
[2024-07-27T13:45:14.764+0000] {processor.py:830} INFO - Processing file /home/airflow/.local/lib/python3.12/site-packages/airflow/example_dags/example_sensors.py for tasks to queue
[2024-07-27T13:45:14.768+0000] {logging_mixin.py:188} INFO - [2024-07-27T13:45:14.767+0000] {dagbag.py:545} INFO - Filling up the DagBag from /home/airflow/.local/lib/python3.12/site-packages/airflow/example_dags/example_sensors.py
[2024-07-27T13:45:14.789+0000] {processor.py:840} INFO - DAG(s) 'example_sensors' retrieved from /home/airflow/.local/lib/python3.12/site-packages/airflow/example_dags/example_sensors.py
[2024-07-27T13:45:14.803+0000] {logging_mixin.py:188} INFO - [2024-07-27T13:45:14.803+0000] {dag.py:3096} INFO - Sync 1 DAGs
[2024-07-27T13:45:14.827+0000] {logging_mixin.py:188} INFO - [2024-07-27T13:45:14.826+0000] {dag.py:3954} INFO - Setting next_dagrun for example_sensors to None, run_after=None
[2024-07-27T13:45:14.864+0000] {processor.py:183} INFO - Processing /home/airflow/.local/lib/python3.12/site-packages/airflow/example_dags/example_sensors.py took 0.108 seconds
[2024-07-27T13:45:45.742+0000] {processor.py:161} INFO - Started process (PID=112) to work on /home/airflow/.local/lib/python3.12/site-packages/airflow/example_dags/example_sensors.py
[2024-07-27T13:45:45.743+0000] {processor.py:830} INFO - Processing file /home/airflow/.local/lib/python3.12/site-packages/airflow/example_dags/example_sensors.py for tasks to queue
[2024-07-27T13:45:45.744+0000] {logging_mixin.py:188} INFO - [2024-07-27T13:45:45.744+0000] {dagbag.py:545} INFO - Filling up the DagBag from /home/airflow/.local/lib/python3.12/site-packages/airflow/example_dags/example_sensors.py
[2024-07-27T13:45:45.749+0000] {processor.py:840} INFO - DAG(s) 'example_sensors' retrieved from /home/airflow/.local/lib/python3.12/site-packages/airflow/example_dags/example_sensors.py
[2024-07-27T13:45:45.805+0000] {logging_mixin.py:188} INFO - [2024-07-27T13:45:45.804+0000] {dag.py:3096} INFO - Sync 1 DAGs
[2024-07-27T13:45:45.810+0000] {logging_mixin.py:188} INFO - [2024-07-27T13:45:45.810+0000] {dag.py:3954} INFO - Setting next_dagrun for example_sensors to None, run_after=None
[2024-07-27T13:45:45.822+0000] {processor.py:183} INFO - Processing /home/airflow/.local/lib/python3.12/site-packages/airflow/example_dags/example_sensors.py took 0.083 seconds
[2024-07-27T13:46:16.722+0000] {processor.py:161} INFO - Started process (PID=170) to work on /home/airflow/.local/lib/python3.12/site-packages/airflow/example_dags/example_sensors.py
[2024-07-27T13:46:16.726+0000] {processor.py:830} INFO - Processing file /home/airflow/.local/lib/python3.12/site-packages/airflow/example_dags/example_sensors.py for tasks to queue
[2024-07-27T13:46:16.728+0000] {logging_mixin.py:188} INFO - [2024-07-27T13:46:16.728+0000] {dagbag.py:545} INFO - Filling up the DagBag from /home/airflow/.local/lib/python3.12/site-packages/airflow/example_dags/example_sensors.py
[2024-07-27T13:46:16.733+0000] {processor.py:840} INFO - DAG(s) 'example_sensors' retrieved from /home/airflow/.local/lib/python3.12/site-packages/airflow/example_dags/example_sensors.py
[2024-07-27T13:46:16.745+0000] {logging_mixin.py:188} INFO - [2024-07-27T13:46:16.745+0000] {dag.py:3096} INFO - Sync 1 DAGs
[2024-07-27T13:46:16.751+0000] {logging_mixin.py:188} INFO - [2024-07-27T13:46:16.751+0000] {dag.py:3954} INFO - Setting next_dagrun for example_sensors to None, run_after=None
[2024-07-27T13:46:16.759+0000] {processor.py:183} INFO - Processing /home/airflow/.local/lib/python3.12/site-packages/airflow/example_dags/example_sensors.py took 0.040 seconds
[2024-07-27T13:46:46.993+0000] {processor.py:161} INFO - Started process (PID=228) to work on /home/airflow/.local/lib/python3.12/site-packages/airflow/example_dags/example_sensors.py
[2024-07-27T13:46:46.994+0000] {processor.py:830} INFO - Processing file /home/airflow/.local/lib/python3.12/site-packages/airflow/example_dags/example_sensors.py for tasks to queue
[2024-07-27T13:46:46.995+0000] {logging_mixin.py:188} INFO - [2024-07-27T13:46:46.995+0000] {dagbag.py:545} INFO - Filling up the DagBag from /home/airflow/.local/lib/python3.12/site-packages/airflow/example_dags/example_sensors.py
[2024-07-27T13:46:46.999+0000] {processor.py:840} INFO - DAG(s) 'example_sensors' retrieved from /home/airflow/.local/lib/python3.12/site-packages/airflow/example_dags/example_sensors.py
[2024-07-27T13:46:47.012+0000] {logging_mixin.py:188} INFO - [2024-07-27T13:46:47.011+0000] {dag.py:3096} INFO - Sync 1 DAGs
[2024-07-27T13:46:47.018+0000] {logging_mixin.py:188} INFO - [2024-07-27T13:46:47.017+0000] {dag.py:3954} INFO - Setting next_dagrun for example_sensors to None, run_after=None
[2024-07-27T13:46:47.026+0000] {processor.py:183} INFO - Processing /home/airflow/.local/lib/python3.12/site-packages/airflow/example_dags/example_sensors.py took 0.035 seconds
