[2024-07-27T13:45:14.056+0000] {processor.py:161} INFO - Started process (PID=41) to work on /home/airflow/.local/lib/python3.12/site-packages/airflow/example_dags/example_display_name.py
[2024-07-27T13:45:14.060+0000] {processor.py:830} INFO - Processing file /home/airflow/.local/lib/python3.12/site-packages/airflow/example_dags/example_display_name.py for tasks to queue
[2024-07-27T13:45:14.067+0000] {logging_mixin.py:188} INFO - [2024-07-27T13:45:14.066+0000] {dagbag.py:545} INFO - Filling up the DagBag from /home/airflow/.local/lib/python3.12/site-packages/airflow/example_dags/example_display_name.py
[2024-07-27T13:45:14.086+0000] {processor.py:840} INFO - DAG(s) 'example_display_name' retrieved from /home/airflow/.local/lib/python3.12/site-packages/airflow/example_dags/example_display_name.py
[2024-07-27T13:45:14.108+0000] {logging_mixin.py:188} INFO - [2024-07-27T13:45:14.108+0000] {dag.py:3096} INFO - Sync 1 DAGs
[2024-07-27T13:45:14.127+0000] {logging_mixin.py:188} INFO - [2024-07-27T13:45:14.127+0000] {dag.py:3954} INFO - Setting next_dagrun for example_display_name to None, run_after=None
[2024-07-27T13:45:14.161+0000] {processor.py:183} INFO - Processing /home/airflow/.local/lib/python3.12/site-packages/airflow/example_dags/example_display_name.py took 0.145 seconds
[2024-07-27T13:45:44.378+0000] {processor.py:161} INFO - Started process (PID=99) to work on /home/airflow/.local/lib/python3.12/site-packages/airflow/example_dags/example_display_name.py
[2024-07-27T13:45:44.381+0000] {processor.py:830} INFO - Processing file /home/airflow/.local/lib/python3.12/site-packages/airflow/example_dags/example_display_name.py for tasks to queue
[2024-07-27T13:45:44.388+0000] {logging_mixin.py:188} INFO - [2024-07-27T13:45:44.388+0000] {dagbag.py:545} INFO - Filling up the DagBag from /home/airflow/.local/lib/python3.12/site-packages/airflow/example_dags/example_display_name.py
[2024-07-27T13:45:44.397+0000] {processor.py:840} INFO - DAG(s) 'example_display_name' retrieved from /home/airflow/.local/lib/python3.12/site-packages/airflow/example_dags/example_display_name.py
[2024-07-27T13:45:44.454+0000] {logging_mixin.py:188} INFO - [2024-07-27T13:45:44.454+0000] {dag.py:3096} INFO - Sync 1 DAGs
[2024-07-27T13:45:44.459+0000] {logging_mixin.py:188} INFO - [2024-07-27T13:45:44.459+0000] {dag.py:3954} INFO - Setting next_dagrun for example_display_name to None, run_after=None
[2024-07-27T13:45:44.477+0000] {processor.py:183} INFO - Processing /home/airflow/.local/lib/python3.12/site-packages/airflow/example_dags/example_display_name.py took 0.110 seconds
[2024-07-27T13:46:15.379+0000] {processor.py:161} INFO - Started process (PID=157) to work on /home/airflow/.local/lib/python3.12/site-packages/airflow/example_dags/example_display_name.py
[2024-07-27T13:46:15.379+0000] {processor.py:830} INFO - Processing file /home/airflow/.local/lib/python3.12/site-packages/airflow/example_dags/example_display_name.py for tasks to queue
[2024-07-27T13:46:15.380+0000] {logging_mixin.py:188} INFO - [2024-07-27T13:46:15.380+0000] {dagbag.py:545} INFO - Filling up the DagBag from /home/airflow/.local/lib/python3.12/site-packages/airflow/example_dags/example_display_name.py
[2024-07-27T13:46:15.384+0000] {processor.py:840} INFO - DAG(s) 'example_display_name' retrieved from /home/airflow/.local/lib/python3.12/site-packages/airflow/example_dags/example_display_name.py
[2024-07-27T13:46:15.392+0000] {logging_mixin.py:188} INFO - [2024-07-27T13:46:15.392+0000] {dag.py:3096} INFO - Sync 1 DAGs
[2024-07-27T13:46:15.398+0000] {logging_mixin.py:188} INFO - [2024-07-27T13:46:15.398+0000] {dag.py:3954} INFO - Setting next_dagrun for example_display_name to None, run_after=None
[2024-07-27T13:46:15.406+0000] {processor.py:183} INFO - Processing /home/airflow/.local/lib/python3.12/site-packages/airflow/example_dags/example_display_name.py took 0.030 seconds
[2024-07-27T13:46:45.580+0000] {processor.py:161} INFO - Started process (PID=215) to work on /home/airflow/.local/lib/python3.12/site-packages/airflow/example_dags/example_display_name.py
[2024-07-27T13:46:45.581+0000] {processor.py:830} INFO - Processing file /home/airflow/.local/lib/python3.12/site-packages/airflow/example_dags/example_display_name.py for tasks to queue
[2024-07-27T13:46:45.581+0000] {logging_mixin.py:188} INFO - [2024-07-27T13:46:45.581+0000] {dagbag.py:545} INFO - Filling up the DagBag from /home/airflow/.local/lib/python3.12/site-packages/airflow/example_dags/example_display_name.py
[2024-07-27T13:46:45.584+0000] {processor.py:840} INFO - DAG(s) 'example_display_name' retrieved from /home/airflow/.local/lib/python3.12/site-packages/airflow/example_dags/example_display_name.py
[2024-07-27T13:46:45.593+0000] {logging_mixin.py:188} INFO - [2024-07-27T13:46:45.593+0000] {dag.py:3096} INFO - Sync 1 DAGs
[2024-07-27T13:46:45.599+0000] {logging_mixin.py:188} INFO - [2024-07-27T13:46:45.598+0000] {dag.py:3954} INFO - Setting next_dagrun for example_display_name to None, run_after=None
[2024-07-27T13:46:45.606+0000] {processor.py:183} INFO - Processing /home/airflow/.local/lib/python3.12/site-packages/airflow/example_dags/example_display_name.py took 0.028 seconds
