[2024-07-27T13:45:13.814+0000] {processor.py:161} INFO - Started process (PID=38) to work on /home/airflow/.local/lib/python3.12/site-packages/airflow/example_dags/example_latest_only_with_trigger.py
[2024-07-27T13:45:13.818+0000] {processor.py:830} INFO - Processing file /home/airflow/.local/lib/python3.12/site-packages/airflow/example_dags/example_latest_only_with_trigger.py for tasks to queue
[2024-07-27T13:45:13.823+0000] {logging_mixin.py:188} INFO - [2024-07-27T13:45:13.822+0000] {dagbag.py:545} INFO - Filling up the DagBag from /home/airflow/.local/lib/python3.12/site-packages/airflow/example_dags/example_latest_only_with_trigger.py
[2024-07-27T13:45:13.834+0000] {processor.py:840} INFO - DAG(s) 'latest_only_with_trigger' retrieved from /home/airflow/.local/lib/python3.12/site-packages/airflow/example_dags/example_latest_only_with_trigger.py
[2024-07-27T13:45:13.859+0000] {logging_mixin.py:188} INFO - [2024-07-27T13:45:13.858+0000] {dag.py:3096} INFO - Sync 1 DAGs
[2024-07-27T13:45:13.879+0000] {logging_mixin.py:188} INFO - [2024-07-27T13:45:13.879+0000] {dag.py:3954} INFO - Setting next_dagrun for latest_only_with_trigger to 2024-07-27 08:00:00+00:00, run_after=2024-07-27 12:00:00+00:00
[2024-07-27T13:45:13.898+0000] {processor.py:183} INFO - Processing /home/airflow/.local/lib/python3.12/site-packages/airflow/example_dags/example_latest_only_with_trigger.py took 0.102 seconds
[2024-07-27T13:45:44.069+0000] {processor.py:161} INFO - Started process (PID=96) to work on /home/airflow/.local/lib/python3.12/site-packages/airflow/example_dags/example_latest_only_with_trigger.py
[2024-07-27T13:45:44.070+0000] {processor.py:830} INFO - Processing file /home/airflow/.local/lib/python3.12/site-packages/airflow/example_dags/example_latest_only_with_trigger.py for tasks to queue
[2024-07-27T13:45:44.071+0000] {logging_mixin.py:188} INFO - [2024-07-27T13:45:44.071+0000] {dagbag.py:545} INFO - Filling up the DagBag from /home/airflow/.local/lib/python3.12/site-packages/airflow/example_dags/example_latest_only_with_trigger.py
[2024-07-27T13:45:44.075+0000] {processor.py:840} INFO - DAG(s) 'latest_only_with_trigger' retrieved from /home/airflow/.local/lib/python3.12/site-packages/airflow/example_dags/example_latest_only_with_trigger.py
[2024-07-27T13:45:44.130+0000] {logging_mixin.py:188} INFO - [2024-07-27T13:45:44.130+0000] {dag.py:3096} INFO - Sync 1 DAGs
[2024-07-27T13:45:44.141+0000] {logging_mixin.py:188} INFO - [2024-07-27T13:45:44.141+0000] {dag.py:3954} INFO - Setting next_dagrun for latest_only_with_trigger to 2024-07-27 08:00:00+00:00, run_after=2024-07-27 12:00:00+00:00
[2024-07-27T13:45:44.150+0000] {processor.py:183} INFO - Processing /home/airflow/.local/lib/python3.12/site-packages/airflow/example_dags/example_latest_only_with_trigger.py took 0.085 seconds
[2024-07-27T13:46:15.196+0000] {processor.py:161} INFO - Started process (PID=154) to work on /home/airflow/.local/lib/python3.12/site-packages/airflow/example_dags/example_latest_only_with_trigger.py
[2024-07-27T13:46:15.197+0000] {processor.py:830} INFO - Processing file /home/airflow/.local/lib/python3.12/site-packages/airflow/example_dags/example_latest_only_with_trigger.py for tasks to queue
[2024-07-27T13:46:15.200+0000] {logging_mixin.py:188} INFO - [2024-07-27T13:46:15.199+0000] {dagbag.py:545} INFO - Filling up the DagBag from /home/airflow/.local/lib/python3.12/site-packages/airflow/example_dags/example_latest_only_with_trigger.py
[2024-07-27T13:46:15.206+0000] {processor.py:840} INFO - DAG(s) 'latest_only_with_trigger' retrieved from /home/airflow/.local/lib/python3.12/site-packages/airflow/example_dags/example_latest_only_with_trigger.py
[2024-07-27T13:46:15.223+0000] {logging_mixin.py:188} INFO - [2024-07-27T13:46:15.223+0000] {dag.py:3096} INFO - Sync 1 DAGs
[2024-07-27T13:46:15.235+0000] {logging_mixin.py:188} INFO - [2024-07-27T13:46:15.235+0000] {dag.py:3954} INFO - Setting next_dagrun for latest_only_with_trigger to 2024-07-27 08:00:00+00:00, run_after=2024-07-27 12:00:00+00:00
[2024-07-27T13:46:15.243+0000] {processor.py:183} INFO - Processing /home/airflow/.local/lib/python3.12/site-packages/airflow/example_dags/example_latest_only_with_trigger.py took 0.054 seconds
[2024-07-27T13:46:45.426+0000] {processor.py:161} INFO - Started process (PID=212) to work on /home/airflow/.local/lib/python3.12/site-packages/airflow/example_dags/example_latest_only_with_trigger.py
[2024-07-27T13:46:45.431+0000] {processor.py:830} INFO - Processing file /home/airflow/.local/lib/python3.12/site-packages/airflow/example_dags/example_latest_only_with_trigger.py for tasks to queue
[2024-07-27T13:46:45.433+0000] {logging_mixin.py:188} INFO - [2024-07-27T13:46:45.432+0000] {dagbag.py:545} INFO - Filling up the DagBag from /home/airflow/.local/lib/python3.12/site-packages/airflow/example_dags/example_latest_only_with_trigger.py
[2024-07-27T13:46:45.438+0000] {processor.py:840} INFO - DAG(s) 'latest_only_with_trigger' retrieved from /home/airflow/.local/lib/python3.12/site-packages/airflow/example_dags/example_latest_only_with_trigger.py
[2024-07-27T13:46:45.450+0000] {logging_mixin.py:188} INFO - [2024-07-27T13:46:45.450+0000] {dag.py:3096} INFO - Sync 1 DAGs
[2024-07-27T13:46:45.464+0000] {logging_mixin.py:188} INFO - [2024-07-27T13:46:45.464+0000] {dag.py:3954} INFO - Setting next_dagrun for latest_only_with_trigger to 2024-07-27 08:00:00+00:00, run_after=2024-07-27 12:00:00+00:00
[2024-07-27T13:46:45.472+0000] {processor.py:183} INFO - Processing /home/airflow/.local/lib/python3.12/site-packages/airflow/example_dags/example_latest_only_with_trigger.py took 0.052 seconds
