[2024-07-27T13:45:15.922+0000] {processor.py:161} INFO - Started process (PID=71) to work on /home/airflow/.local/lib/python3.12/site-packages/airflow/example_dags/example_task_group.py
[2024-07-27T13:45:15.923+0000] {processor.py:830} INFO - Processing file /home/airflow/.local/lib/python3.12/site-packages/airflow/example_dags/example_task_group.py for tasks to queue
[2024-07-27T13:45:15.926+0000] {logging_mixin.py:188} INFO - [2024-07-27T13:45:15.925+0000] {dagbag.py:545} INFO - Filling up the DagBag from /home/airflow/.local/lib/python3.12/site-packages/airflow/example_dags/example_task_group.py
[2024-07-27T13:45:15.934+0000] {processor.py:840} INFO - DAG(s) 'example_task_group' retrieved from /home/airflow/.local/lib/python3.12/site-packages/airflow/example_dags/example_task_group.py
[2024-07-27T13:45:15.974+0000] {logging_mixin.py:188} INFO - [2024-07-27T13:45:15.973+0000] {dag.py:3096} INFO - Sync 1 DAGs
[2024-07-27T13:45:16.024+0000] {logging_mixin.py:188} INFO - [2024-07-27T13:45:16.024+0000] {dag.py:3954} INFO - Setting next_dagrun for example_task_group to 2024-07-26 00:00:00+00:00, run_after=2024-07-27 00:00:00+00:00
[2024-07-27T13:45:16.067+0000] {processor.py:183} INFO - Processing /home/airflow/.local/lib/python3.12/site-packages/airflow/example_dags/example_task_group.py took 0.152 seconds
[2024-07-27T13:45:46.511+0000] {processor.py:161} INFO - Started process (PID=129) to work on /home/airflow/.local/lib/python3.12/site-packages/airflow/example_dags/example_task_group.py
[2024-07-27T13:45:46.511+0000] {processor.py:830} INFO - Processing file /home/airflow/.local/lib/python3.12/site-packages/airflow/example_dags/example_task_group.py for tasks to queue
[2024-07-27T13:45:46.512+0000] {logging_mixin.py:188} INFO - [2024-07-27T13:45:46.512+0000] {dagbag.py:545} INFO - Filling up the DagBag from /home/airflow/.local/lib/python3.12/site-packages/airflow/example_dags/example_task_group.py
[2024-07-27T13:45:46.515+0000] {processor.py:840} INFO - DAG(s) 'example_task_group' retrieved from /home/airflow/.local/lib/python3.12/site-packages/airflow/example_dags/example_task_group.py
[2024-07-27T13:45:46.553+0000] {logging_mixin.py:188} INFO - [2024-07-27T13:45:46.553+0000] {dag.py:3096} INFO - Sync 1 DAGs
[2024-07-27T13:45:46.561+0000] {logging_mixin.py:188} INFO - [2024-07-27T13:45:46.561+0000] {dag.py:3954} INFO - Setting next_dagrun for example_task_group to 2024-07-26 00:00:00+00:00, run_after=2024-07-27 00:00:00+00:00
[2024-07-27T13:45:46.568+0000] {processor.py:183} INFO - Processing /home/airflow/.local/lib/python3.12/site-packages/airflow/example_dags/example_task_group.py took 0.060 seconds
[2024-07-27T13:46:17.137+0000] {processor.py:161} INFO - Started process (PID=187) to work on /home/airflow/.local/lib/python3.12/site-packages/airflow/example_dags/example_task_group.py
[2024-07-27T13:46:17.137+0000] {processor.py:830} INFO - Processing file /home/airflow/.local/lib/python3.12/site-packages/airflow/example_dags/example_task_group.py for tasks to queue
[2024-07-27T13:46:17.138+0000] {logging_mixin.py:188} INFO - [2024-07-27T13:46:17.138+0000] {dagbag.py:545} INFO - Filling up the DagBag from /home/airflow/.local/lib/python3.12/site-packages/airflow/example_dags/example_task_group.py
[2024-07-27T13:46:17.142+0000] {processor.py:840} INFO - DAG(s) 'example_task_group' retrieved from /home/airflow/.local/lib/python3.12/site-packages/airflow/example_dags/example_task_group.py
[2024-07-27T13:46:17.153+0000] {logging_mixin.py:188} INFO - [2024-07-27T13:46:17.153+0000] {dag.py:3096} INFO - Sync 1 DAGs
[2024-07-27T13:46:17.163+0000] {logging_mixin.py:188} INFO - [2024-07-27T13:46:17.163+0000] {dag.py:3954} INFO - Setting next_dagrun for example_task_group to 2024-07-26 00:00:00+00:00, run_after=2024-07-27 00:00:00+00:00
[2024-07-27T13:46:17.170+0000] {processor.py:183} INFO - Processing /home/airflow/.local/lib/python3.12/site-packages/airflow/example_dags/example_task_group.py took 0.037 seconds
[2024-07-27T13:46:47.410+0000] {processor.py:161} INFO - Started process (PID=245) to work on /home/airflow/.local/lib/python3.12/site-packages/airflow/example_dags/example_task_group.py
[2024-07-27T13:46:47.411+0000] {processor.py:830} INFO - Processing file /home/airflow/.local/lib/python3.12/site-packages/airflow/example_dags/example_task_group.py for tasks to queue
[2024-07-27T13:46:47.412+0000] {logging_mixin.py:188} INFO - [2024-07-27T13:46:47.411+0000] {dagbag.py:545} INFO - Filling up the DagBag from /home/airflow/.local/lib/python3.12/site-packages/airflow/example_dags/example_task_group.py
[2024-07-27T13:46:47.416+0000] {processor.py:840} INFO - DAG(s) 'example_task_group' retrieved from /home/airflow/.local/lib/python3.12/site-packages/airflow/example_dags/example_task_group.py
[2024-07-27T13:46:47.428+0000] {logging_mixin.py:188} INFO - [2024-07-27T13:46:47.428+0000] {dag.py:3096} INFO - Sync 1 DAGs
[2024-07-27T13:46:47.437+0000] {logging_mixin.py:188} INFO - [2024-07-27T13:46:47.437+0000] {dag.py:3954} INFO - Setting next_dagrun for example_task_group to 2024-07-26 00:00:00+00:00, run_after=2024-07-27 00:00:00+00:00
[2024-07-27T13:46:47.445+0000] {processor.py:183} INFO - Processing /home/airflow/.local/lib/python3.12/site-packages/airflow/example_dags/example_task_group.py took 0.038 seconds
