[2024-07-27T13:45:14.892+0000] {processor.py:161} INFO - Started process (PID=56) to work on /home/airflow/.local/lib/python3.12/site-packages/airflow/example_dags/tutorial.py
[2024-07-27T13:45:14.894+0000] {processor.py:830} INFO - Processing file /home/airflow/.local/lib/python3.12/site-packages/airflow/example_dags/tutorial.py for tasks to queue
[2024-07-27T13:45:14.896+0000] {logging_mixin.py:188} INFO - [2024-07-27T13:45:14.896+0000] {dagbag.py:545} INFO - Filling up the DagBag from /home/airflow/.local/lib/python3.12/site-packages/airflow/example_dags/tutorial.py
[2024-07-27T13:45:14.901+0000] {processor.py:840} INFO - DAG(s) 'tutorial' retrieved from /home/airflow/.local/lib/python3.12/site-packages/airflow/example_dags/tutorial.py
[2024-07-27T13:45:14.913+0000] {logging_mixin.py:188} INFO - [2024-07-27T13:45:14.913+0000] {dag.py:3096} INFO - Sync 1 DAGs
[2024-07-27T13:45:14.927+0000] {logging_mixin.py:188} INFO - [2024-07-27T13:45:14.927+0000] {dag.py:3954} INFO - Setting next_dagrun for tutorial to 2024-07-26 00:00:00+00:00, run_after=2024-07-27 00:00:00+00:00
[2024-07-27T13:45:14.941+0000] {processor.py:183} INFO - Processing /home/airflow/.local/lib/python3.12/site-packages/airflow/example_dags/tutorial.py took 0.054 seconds
[2024-07-27T13:45:45.838+0000] {processor.py:161} INFO - Started process (PID=114) to work on /home/airflow/.local/lib/python3.12/site-packages/airflow/example_dags/tutorial.py
[2024-07-27T13:45:45.839+0000] {processor.py:830} INFO - Processing file /home/airflow/.local/lib/python3.12/site-packages/airflow/example_dags/tutorial.py for tasks to queue
[2024-07-27T13:45:45.840+0000] {logging_mixin.py:188} INFO - [2024-07-27T13:45:45.840+0000] {dagbag.py:545} INFO - Filling up the DagBag from /home/airflow/.local/lib/python3.12/site-packages/airflow/example_dags/tutorial.py
[2024-07-27T13:45:45.844+0000] {processor.py:840} INFO - DAG(s) 'tutorial' retrieved from /home/airflow/.local/lib/python3.12/site-packages/airflow/example_dags/tutorial.py
[2024-07-27T13:45:45.898+0000] {logging_mixin.py:188} INFO - [2024-07-27T13:45:45.897+0000] {dag.py:3096} INFO - Sync 1 DAGs
[2024-07-27T13:45:45.906+0000] {logging_mixin.py:188} INFO - [2024-07-27T13:45:45.906+0000] {dag.py:3954} INFO - Setting next_dagrun for tutorial to 2024-07-26 00:00:00+00:00, run_after=2024-07-27 00:00:00+00:00
[2024-07-27T13:45:45.916+0000] {processor.py:183} INFO - Processing /home/airflow/.local/lib/python3.12/site-packages/airflow/example_dags/tutorial.py took 0.082 seconds
[2024-07-27T13:46:16.771+0000] {processor.py:161} INFO - Started process (PID=172) to work on /home/airflow/.local/lib/python3.12/site-packages/airflow/example_dags/tutorial.py
[2024-07-27T13:46:16.772+0000] {processor.py:830} INFO - Processing file /home/airflow/.local/lib/python3.12/site-packages/airflow/example_dags/tutorial.py for tasks to queue
[2024-07-27T13:46:16.774+0000] {logging_mixin.py:188} INFO - [2024-07-27T13:46:16.773+0000] {dagbag.py:545} INFO - Filling up the DagBag from /home/airflow/.local/lib/python3.12/site-packages/airflow/example_dags/tutorial.py
[2024-07-27T13:46:16.779+0000] {processor.py:840} INFO - DAG(s) 'tutorial' retrieved from /home/airflow/.local/lib/python3.12/site-packages/airflow/example_dags/tutorial.py
[2024-07-27T13:46:16.789+0000] {logging_mixin.py:188} INFO - [2024-07-27T13:46:16.789+0000] {dag.py:3096} INFO - Sync 1 DAGs
[2024-07-27T13:46:16.798+0000] {logging_mixin.py:188} INFO - [2024-07-27T13:46:16.798+0000] {dag.py:3954} INFO - Setting next_dagrun for tutorial to 2024-07-26 00:00:00+00:00, run_after=2024-07-27 00:00:00+00:00
[2024-07-27T13:46:16.808+0000] {processor.py:183} INFO - Processing /home/airflow/.local/lib/python3.12/site-packages/airflow/example_dags/tutorial.py took 0.040 seconds
[2024-07-27T13:46:47.046+0000] {processor.py:161} INFO - Started process (PID=230) to work on /home/airflow/.local/lib/python3.12/site-packages/airflow/example_dags/tutorial.py
[2024-07-27T13:46:47.046+0000] {processor.py:830} INFO - Processing file /home/airflow/.local/lib/python3.12/site-packages/airflow/example_dags/tutorial.py for tasks to queue
[2024-07-27T13:46:47.047+0000] {logging_mixin.py:188} INFO - [2024-07-27T13:46:47.047+0000] {dagbag.py:545} INFO - Filling up the DagBag from /home/airflow/.local/lib/python3.12/site-packages/airflow/example_dags/tutorial.py
[2024-07-27T13:46:47.050+0000] {processor.py:840} INFO - DAG(s) 'tutorial' retrieved from /home/airflow/.local/lib/python3.12/site-packages/airflow/example_dags/tutorial.py
[2024-07-27T13:46:47.059+0000] {logging_mixin.py:188} INFO - [2024-07-27T13:46:47.059+0000] {dag.py:3096} INFO - Sync 1 DAGs
[2024-07-27T13:46:47.067+0000] {logging_mixin.py:188} INFO - [2024-07-27T13:46:47.067+0000] {dag.py:3954} INFO - Setting next_dagrun for tutorial to 2024-07-26 00:00:00+00:00, run_after=2024-07-27 00:00:00+00:00
[2024-07-27T13:46:47.075+0000] {processor.py:183} INFO - Processing /home/airflow/.local/lib/python3.12/site-packages/airflow/example_dags/tutorial.py took 0.033 seconds
