[2024-08-01T10:21:53.850+0000] {local_task_job_runner.py:120} INFO - ::group::Pre task execution logs
[2024-08-01T10:21:53.867+0000] {taskinstance.py:2076} INFO - Dependencies all met for dep_context=non-requeueable deps ti=<TaskInstance: kezekte_etl.create_table manual__2024-08-01T10:21:47.857177+00:00 [queued]>
[2024-08-01T10:21:53.872+0000] {taskinstance.py:2076} INFO - Dependencies all met for dep_context=requeueable deps ti=<TaskInstance: kezekte_etl.create_table manual__2024-08-01T10:21:47.857177+00:00 [queued]>
[2024-08-01T10:21:53.872+0000] {taskinstance.py:2306} INFO - Starting attempt 1 of 1
[2024-08-01T10:21:53.878+0000] {taskinstance.py:2330} INFO - Executing <Task(SQLExecuteQueryOperator): create_table> on 2024-08-01 10:21:47.857177+00:00
[2024-08-01T10:21:53.894+0000] {warnings.py:112} WARNING - /home/***/.local/lib/python3.12/site-packages/***/task/task_runner/standard_task_runner.py:61: DeprecationWarning: This process (pid=125) is multi-threaded, use of fork() may lead to deadlocks in the child.
  pid = os.fork()

[2024-08-01T10:21:53.895+0000] {standard_task_runner.py:63} INFO - Started process 127 to run task
[2024-08-01T10:21:53.896+0000] {standard_task_runner.py:90} INFO - Running: ['***', 'tasks', 'run', 'kezekte_etl', 'create_table', 'manual__2024-08-01T10:21:47.857177+00:00', '--job-id', '87', '--raw', '--subdir', 'DAGS_FOLDER/kezekte_etl.py', '--cfg-path', '/tmp/tmp94m28l3s']
[2024-08-01T10:21:53.899+0000] {standard_task_runner.py:91} INFO - Job 87: Subtask create_table
[2024-08-01T10:21:53.937+0000] {task_command.py:426} INFO - Running <TaskInstance: kezekte_etl.create_table manual__2024-08-01T10:21:47.857177+00:00 [running]> on host cd4398d9193e
[2024-08-01T10:21:53.988+0000] {taskinstance.py:2648} INFO - Exporting env vars: AIRFLOW_CTX_DAG_OWNER='***' AIRFLOW_CTX_DAG_ID='kezekte_etl' AIRFLOW_CTX_TASK_ID='create_table' AIRFLOW_CTX_EXECUTION_DATE='2024-08-01T10:21:47.857177+00:00' AIRFLOW_CTX_TRY_NUMBER='1' AIRFLOW_CTX_DAG_RUN_ID='manual__2024-08-01T10:21:47.857177+00:00'
[2024-08-01T10:21:53.989+0000] {taskinstance.py:430} INFO - ::endgroup::
[2024-08-01T10:21:53.999+0000] {sql.py:276} INFO - Executing: 
            create table if not exists raw_animals (
                chip_id varchar(255) PRIMARY KEY,
                type varchar(255),
                nickname varchar(255),
                gender varchar(255),
                breed varchar(255),
                passport_number varchar(255),
                register_date varchar(255),
                birthday varchar(255),
                status varchar(255),
                ownership varchar(255),
                register_type varchar(255),
                tagging_location varchar(255),
                tagging_place varchar(255),
                tagging_date varchar(255),
                district_area varchar(255),
                date_vaccination varchar(255),
                date_sterilization_castration varchar(255)
            )
        
[2024-08-01T10:21:54.005+0000] {base.py:84} INFO - Using connection ID 'postgresql_conn' for task execution.
[2024-08-01T10:21:54.019+0000] {base.py:84} INFO - Using connection ID 'postgresql_conn' for task execution.
[2024-08-01T10:21:54.023+0000] {sql.py:487} INFO - Running statement: 
            create table if not exists raw_animals (
                chip_id varchar(255) PRIMARY KEY,
                type varchar(255),
                nickname varchar(255),
                gender varchar(255),
                breed varchar(255),
                passport_number varchar(255),
                register_date varchar(255),
                birthday varchar(255),
                status varchar(255),
                ownership varchar(255),
                register_type varchar(255),
                tagging_location varchar(255),
                tagging_place varchar(255),
                tagging_date varchar(255),
                district_area varchar(255),
                date_vaccination varchar(255),
                date_sterilization_castration varchar(255)
            )
        , parameters: None
[2024-08-01T10:21:54.026+0000] {taskinstance.py:441} INFO - ::group::Post task execution logs
[2024-08-01T10:21:54.032+0000] {taskinstance.py:1206} INFO - Marking task as SUCCESS. dag_id=kezekte_etl, task_id=create_table, run_id=manual__2024-08-01T10:21:47.857177+00:00, execution_date=20240801T102147, start_date=20240801T102153, end_date=20240801T102154
[2024-08-01T10:21:54.079+0000] {local_task_job_runner.py:240} INFO - Task exited with return code 0
[2024-08-01T10:21:54.092+0000] {taskinstance.py:3503} INFO - 1 downstream tasks scheduled from follow-on schedule check
[2024-08-01T10:21:54.093+0000] {local_task_job_runner.py:222} INFO - ::endgroup::
