[2024-09-04T07:52:01.524+0000] {processor.py:161} INFO - Started process (PID=29) to work on /opt/airflow/dags/kezekte_etl.py
[2024-09-04T07:52:01.525+0000] {processor.py:830} INFO - Processing file /opt/airflow/dags/kezekte_etl.py for tasks to queue
[2024-09-04T07:52:01.526+0000] {logging_mixin.py:188} INFO - [2024-09-04T07:52:01.526+0000] {dagbag.py:545} INFO - Filling up the DagBag from /opt/airflow/dags/kezekte_etl.py
[2024-09-04T07:52:03.451+0000] {processor.py:840} INFO - DAG(s) 'kezekte_etl' retrieved from /opt/airflow/dags/kezekte_etl.py
[2024-09-04T07:52:03.786+0000] {logging_mixin.py:188} INFO - [2024-09-04T07:52:03.785+0000] {dag.py:3096} INFO - Sync 1 DAGs
[2024-09-04T07:52:03.805+0000] {logging_mixin.py:188} INFO - [2024-09-04T07:52:03.804+0000] {dag.py:3954} INFO - Setting next_dagrun for kezekte_etl to 2024-09-03 00:00:00+00:00, run_after=2024-09-04 00:00:00+00:00
[2024-09-04T07:52:03.836+0000] {processor.py:183} INFO - Processing /opt/airflow/dags/kezekte_etl.py took 2.315 seconds
[2024-09-04T07:52:34.061+0000] {processor.py:161} INFO - Started process (PID=37) to work on /opt/airflow/dags/kezekte_etl.py
[2024-09-04T07:52:34.064+0000] {processor.py:830} INFO - Processing file /opt/airflow/dags/kezekte_etl.py for tasks to queue
[2024-09-04T07:52:34.070+0000] {logging_mixin.py:188} INFO - [2024-09-04T07:52:34.069+0000] {dagbag.py:545} INFO - Filling up the DagBag from /opt/airflow/dags/kezekte_etl.py
[2024-09-04T07:52:34.679+0000] {processor.py:840} INFO - DAG(s) 'kezekte_etl' retrieved from /opt/airflow/dags/kezekte_etl.py
[2024-09-04T07:52:34.697+0000] {logging_mixin.py:188} INFO - [2024-09-04T07:52:34.697+0000] {dag.py:3096} INFO - Sync 1 DAGs
[2024-09-04T07:52:34.711+0000] {logging_mixin.py:188} INFO - [2024-09-04T07:52:34.711+0000] {dag.py:3954} INFO - Setting next_dagrun for kezekte_etl to 2024-09-04 00:00:00+00:00, run_after=2024-09-05 00:00:00+00:00
[2024-09-04T07:52:34.733+0000] {processor.py:183} INFO - Processing /opt/airflow/dags/kezekte_etl.py took 0.691 seconds
[2024-09-04T07:53:05.115+0000] {processor.py:161} INFO - Started process (PID=45) to work on /opt/airflow/dags/kezekte_etl.py
[2024-09-04T07:53:05.118+0000] {processor.py:830} INFO - Processing file /opt/airflow/dags/kezekte_etl.py for tasks to queue
[2024-09-04T07:53:05.124+0000] {logging_mixin.py:188} INFO - [2024-09-04T07:53:05.122+0000] {dagbag.py:545} INFO - Filling up the DagBag from /opt/airflow/dags/kezekte_etl.py
[2024-09-04T07:53:05.816+0000] {processor.py:840} INFO - DAG(s) 'kezekte_etl' retrieved from /opt/airflow/dags/kezekte_etl.py
[2024-09-04T07:53:05.842+0000] {logging_mixin.py:188} INFO - [2024-09-04T07:53:05.841+0000] {dag.py:3096} INFO - Sync 1 DAGs
[2024-09-04T07:53:05.851+0000] {logging_mixin.py:188} INFO - [2024-09-04T07:53:05.850+0000] {dag.py:3954} INFO - Setting next_dagrun for kezekte_etl to 2024-09-04 00:00:00+00:00, run_after=2024-09-05 00:00:00+00:00
[2024-09-04T07:53:05.858+0000] {processor.py:183} INFO - Processing /opt/airflow/dags/kezekte_etl.py took 0.758 seconds
[2024-09-04T07:53:36.121+0000] {processor.py:161} INFO - Started process (PID=53) to work on /opt/airflow/dags/kezekte_etl.py
[2024-09-04T07:53:36.123+0000] {processor.py:830} INFO - Processing file /opt/airflow/dags/kezekte_etl.py for tasks to queue
[2024-09-04T07:53:36.128+0000] {logging_mixin.py:188} INFO - [2024-09-04T07:53:36.127+0000] {dagbag.py:545} INFO - Filling up the DagBag from /opt/airflow/dags/kezekte_etl.py
[2024-09-04T07:53:36.459+0000] {processor.py:840} INFO - DAG(s) 'kezekte_etl' retrieved from /opt/airflow/dags/kezekte_etl.py
[2024-09-04T07:53:36.470+0000] {logging_mixin.py:188} INFO - [2024-09-04T07:53:36.470+0000] {dag.py:3096} INFO - Sync 1 DAGs
[2024-09-04T07:53:36.478+0000] {logging_mixin.py:188} INFO - [2024-09-04T07:53:36.478+0000] {dag.py:3954} INFO - Setting next_dagrun for kezekte_etl to 2024-09-04 00:00:00+00:00, run_after=2024-09-05 00:00:00+00:00
[2024-09-04T07:53:36.484+0000] {processor.py:183} INFO - Processing /opt/airflow/dags/kezekte_etl.py took 0.375 seconds
[2024-09-04T07:54:06.765+0000] {processor.py:161} INFO - Started process (PID=61) to work on /opt/airflow/dags/kezekte_etl.py
[2024-09-04T07:54:06.770+0000] {processor.py:830} INFO - Processing file /opt/airflow/dags/kezekte_etl.py for tasks to queue
[2024-09-04T07:54:06.774+0000] {logging_mixin.py:188} INFO - [2024-09-04T07:54:06.774+0000] {dagbag.py:545} INFO - Filling up the DagBag from /opt/airflow/dags/kezekte_etl.py
[2024-09-04T07:54:07.205+0000] {processor.py:840} INFO - DAG(s) 'kezekte_etl' retrieved from /opt/airflow/dags/kezekte_etl.py
[2024-09-04T07:54:07.217+0000] {logging_mixin.py:188} INFO - [2024-09-04T07:54:07.217+0000] {dag.py:3096} INFO - Sync 1 DAGs
[2024-09-04T07:54:07.225+0000] {logging_mixin.py:188} INFO - [2024-09-04T07:54:07.225+0000] {dag.py:3954} INFO - Setting next_dagrun for kezekte_etl to 2024-09-04 00:00:00+00:00, run_after=2024-09-05 00:00:00+00:00
[2024-09-04T07:54:07.231+0000] {processor.py:183} INFO - Processing /opt/airflow/dags/kezekte_etl.py took 0.480 seconds
[2024-09-04T07:54:37.523+0000] {processor.py:161} INFO - Started process (PID=69) to work on /opt/airflow/dags/kezekte_etl.py
[2024-09-04T07:54:37.525+0000] {processor.py:830} INFO - Processing file /opt/airflow/dags/kezekte_etl.py for tasks to queue
[2024-09-04T07:54:37.527+0000] {logging_mixin.py:188} INFO - [2024-09-04T07:54:37.527+0000] {dagbag.py:545} INFO - Filling up the DagBag from /opt/airflow/dags/kezekte_etl.py
[2024-09-04T07:54:38.025+0000] {processor.py:840} INFO - DAG(s) 'kezekte_etl' retrieved from /opt/airflow/dags/kezekte_etl.py
[2024-09-04T07:54:38.039+0000] {logging_mixin.py:188} INFO - [2024-09-04T07:54:38.039+0000] {dag.py:3096} INFO - Sync 1 DAGs
[2024-09-04T07:54:38.049+0000] {logging_mixin.py:188} INFO - [2024-09-04T07:54:38.049+0000] {dag.py:3954} INFO - Setting next_dagrun for kezekte_etl to 2024-09-04 00:00:00+00:00, run_after=2024-09-05 00:00:00+00:00
[2024-09-04T07:54:38.056+0000] {processor.py:183} INFO - Processing /opt/airflow/dags/kezekte_etl.py took 0.563 seconds
[2024-09-04T07:55:08.321+0000] {processor.py:161} INFO - Started process (PID=77) to work on /opt/airflow/dags/kezekte_etl.py
[2024-09-04T07:55:08.323+0000] {processor.py:830} INFO - Processing file /opt/airflow/dags/kezekte_etl.py for tasks to queue
[2024-09-04T07:55:08.327+0000] {logging_mixin.py:188} INFO - [2024-09-04T07:55:08.326+0000] {dagbag.py:545} INFO - Filling up the DagBag from /opt/airflow/dags/kezekte_etl.py
[2024-09-04T07:55:08.862+0000] {processor.py:840} INFO - DAG(s) 'kezekte_etl' retrieved from /opt/airflow/dags/kezekte_etl.py
[2024-09-04T07:55:08.875+0000] {logging_mixin.py:188} INFO - [2024-09-04T07:55:08.875+0000] {dag.py:3096} INFO - Sync 1 DAGs
[2024-09-04T07:55:08.885+0000] {logging_mixin.py:188} INFO - [2024-09-04T07:55:08.885+0000] {dag.py:3954} INFO - Setting next_dagrun for kezekte_etl to 2024-09-04 00:00:00+00:00, run_after=2024-09-05 00:00:00+00:00
[2024-09-04T07:55:08.892+0000] {processor.py:183} INFO - Processing /opt/airflow/dags/kezekte_etl.py took 0.578 seconds
[2024-09-04T07:55:39.218+0000] {processor.py:161} INFO - Started process (PID=85) to work on /opt/airflow/dags/kezekte_etl.py
[2024-09-04T07:55:39.223+0000] {processor.py:830} INFO - Processing file /opt/airflow/dags/kezekte_etl.py for tasks to queue
[2024-09-04T07:55:39.226+0000] {logging_mixin.py:188} INFO - [2024-09-04T07:55:39.226+0000] {dagbag.py:545} INFO - Filling up the DagBag from /opt/airflow/dags/kezekte_etl.py
[2024-09-04T07:55:39.614+0000] {processor.py:840} INFO - DAG(s) 'kezekte_etl' retrieved from /opt/airflow/dags/kezekte_etl.py
[2024-09-04T07:55:39.628+0000] {logging_mixin.py:188} INFO - [2024-09-04T07:55:39.627+0000] {dag.py:3096} INFO - Sync 1 DAGs
[2024-09-04T07:55:39.647+0000] {logging_mixin.py:188} INFO - [2024-09-04T07:55:39.647+0000] {dag.py:3954} INFO - Setting next_dagrun for kezekte_etl to 2024-09-04 00:00:00+00:00, run_after=2024-09-05 00:00:00+00:00
[2024-09-04T07:55:39.655+0000] {processor.py:183} INFO - Processing /opt/airflow/dags/kezekte_etl.py took 0.451 seconds
[2024-09-04T07:56:10.144+0000] {processor.py:161} INFO - Started process (PID=93) to work on /opt/airflow/dags/kezekte_etl.py
[2024-09-04T07:56:10.147+0000] {processor.py:830} INFO - Processing file /opt/airflow/dags/kezekte_etl.py for tasks to queue
[2024-09-04T07:56:10.151+0000] {logging_mixin.py:188} INFO - [2024-09-04T07:56:10.151+0000] {dagbag.py:545} INFO - Filling up the DagBag from /opt/airflow/dags/kezekte_etl.py
[2024-09-04T07:56:10.590+0000] {processor.py:840} INFO - DAG(s) 'kezekte_etl' retrieved from /opt/airflow/dags/kezekte_etl.py
[2024-09-04T07:56:10.621+0000] {logging_mixin.py:188} INFO - [2024-09-04T07:56:10.621+0000] {dag.py:3096} INFO - Sync 1 DAGs
[2024-09-04T07:56:10.633+0000] {logging_mixin.py:188} INFO - [2024-09-04T07:56:10.633+0000] {dag.py:3954} INFO - Setting next_dagrun for kezekte_etl to 2024-09-04 00:00:00+00:00, run_after=2024-09-05 00:00:00+00:00
[2024-09-04T07:56:10.641+0000] {processor.py:183} INFO - Processing /opt/airflow/dags/kezekte_etl.py took 0.507 seconds
[2024-09-04T07:56:40.843+0000] {processor.py:161} INFO - Started process (PID=100) to work on /opt/airflow/dags/kezekte_etl.py
[2024-09-04T07:56:40.846+0000] {processor.py:830} INFO - Processing file /opt/airflow/dags/kezekte_etl.py for tasks to queue
[2024-09-04T07:56:40.849+0000] {logging_mixin.py:188} INFO - [2024-09-04T07:56:40.849+0000] {dagbag.py:545} INFO - Filling up the DagBag from /opt/airflow/dags/kezekte_etl.py
[2024-09-04T07:56:41.155+0000] {processor.py:840} INFO - DAG(s) 'kezekte_etl' retrieved from /opt/airflow/dags/kezekte_etl.py
[2024-09-04T07:56:41.166+0000] {logging_mixin.py:188} INFO - [2024-09-04T07:56:41.165+0000] {dag.py:3096} INFO - Sync 1 DAGs
[2024-09-04T07:56:41.174+0000] {logging_mixin.py:188} INFO - [2024-09-04T07:56:41.173+0000] {dag.py:3954} INFO - Setting next_dagrun for kezekte_etl to 2024-09-04 00:00:00+00:00, run_after=2024-09-05 00:00:00+00:00
[2024-09-04T07:56:41.179+0000] {processor.py:183} INFO - Processing /opt/airflow/dags/kezekte_etl.py took 0.346 seconds
[2024-09-04T07:57:11.406+0000] {processor.py:161} INFO - Started process (PID=108) to work on /opt/airflow/dags/kezekte_etl.py
[2024-09-04T07:57:11.408+0000] {processor.py:830} INFO - Processing file /opt/airflow/dags/kezekte_etl.py for tasks to queue
[2024-09-04T07:57:11.411+0000] {logging_mixin.py:188} INFO - [2024-09-04T07:57:11.411+0000] {dagbag.py:545} INFO - Filling up the DagBag from /opt/airflow/dags/kezekte_etl.py
[2024-09-04T07:57:11.727+0000] {processor.py:840} INFO - DAG(s) 'kezekte_etl' retrieved from /opt/airflow/dags/kezekte_etl.py
[2024-09-04T07:57:11.738+0000] {logging_mixin.py:188} INFO - [2024-09-04T07:57:11.738+0000] {dag.py:3096} INFO - Sync 1 DAGs
[2024-09-04T07:57:11.745+0000] {logging_mixin.py:188} INFO - [2024-09-04T07:57:11.745+0000] {dag.py:3954} INFO - Setting next_dagrun for kezekte_etl to 2024-09-04 00:00:00+00:00, run_after=2024-09-05 00:00:00+00:00
[2024-09-04T07:57:11.751+0000] {processor.py:183} INFO - Processing /opt/airflow/dags/kezekte_etl.py took 0.354 seconds
[2024-09-04T07:57:41.990+0000] {processor.py:161} INFO - Started process (PID=116) to work on /opt/airflow/dags/kezekte_etl.py
[2024-09-04T07:57:41.993+0000] {processor.py:830} INFO - Processing file /opt/airflow/dags/kezekte_etl.py for tasks to queue
[2024-09-04T07:57:41.997+0000] {logging_mixin.py:188} INFO - [2024-09-04T07:57:41.996+0000] {dagbag.py:545} INFO - Filling up the DagBag from /opt/airflow/dags/kezekte_etl.py
[2024-09-04T07:57:42.347+0000] {processor.py:840} INFO - DAG(s) 'kezekte_etl' retrieved from /opt/airflow/dags/kezekte_etl.py
[2024-09-04T07:57:42.360+0000] {logging_mixin.py:188} INFO - [2024-09-04T07:57:42.360+0000] {dag.py:3096} INFO - Sync 1 DAGs
[2024-09-04T07:57:42.369+0000] {logging_mixin.py:188} INFO - [2024-09-04T07:57:42.369+0000] {dag.py:3954} INFO - Setting next_dagrun for kezekte_etl to 2024-09-04 00:00:00+00:00, run_after=2024-09-05 00:00:00+00:00
[2024-09-04T07:57:42.376+0000] {processor.py:183} INFO - Processing /opt/airflow/dags/kezekte_etl.py took 0.398 seconds
[2024-09-04T07:58:12.660+0000] {processor.py:161} INFO - Started process (PID=124) to work on /opt/airflow/dags/kezekte_etl.py
[2024-09-04T07:58:12.662+0000] {processor.py:830} INFO - Processing file /opt/airflow/dags/kezekte_etl.py for tasks to queue
[2024-09-04T07:58:12.665+0000] {logging_mixin.py:188} INFO - [2024-09-04T07:58:12.664+0000] {dagbag.py:545} INFO - Filling up the DagBag from /opt/airflow/dags/kezekte_etl.py
[2024-09-04T07:58:12.974+0000] {processor.py:840} INFO - DAG(s) 'kezekte_etl' retrieved from /opt/airflow/dags/kezekte_etl.py
[2024-09-04T07:58:12.987+0000] {logging_mixin.py:188} INFO - [2024-09-04T07:58:12.987+0000] {dag.py:3096} INFO - Sync 1 DAGs
[2024-09-04T07:58:12.995+0000] {logging_mixin.py:188} INFO - [2024-09-04T07:58:12.995+0000] {dag.py:3954} INFO - Setting next_dagrun for kezekte_etl to 2024-09-04 00:00:00+00:00, run_after=2024-09-05 00:00:00+00:00
[2024-09-04T07:58:13.002+0000] {processor.py:183} INFO - Processing /opt/airflow/dags/kezekte_etl.py took 0.356 seconds
[2024-09-04T07:58:43.433+0000] {processor.py:161} INFO - Started process (PID=132) to work on /opt/airflow/dags/kezekte_etl.py
[2024-09-04T07:58:43.436+0000] {processor.py:830} INFO - Processing file /opt/airflow/dags/kezekte_etl.py for tasks to queue
[2024-09-04T07:58:43.438+0000] {logging_mixin.py:188} INFO - [2024-09-04T07:58:43.437+0000] {dagbag.py:545} INFO - Filling up the DagBag from /opt/airflow/dags/kezekte_etl.py
[2024-09-04T07:58:44.102+0000] {processor.py:840} INFO - DAG(s) 'kezekte_etl' retrieved from /opt/airflow/dags/kezekte_etl.py
[2024-09-04T07:58:44.128+0000] {logging_mixin.py:188} INFO - [2024-09-04T07:58:44.128+0000] {dag.py:3096} INFO - Sync 1 DAGs
[2024-09-04T07:58:44.139+0000] {logging_mixin.py:188} INFO - [2024-09-04T07:58:44.139+0000] {dag.py:3954} INFO - Setting next_dagrun for kezekte_etl to 2024-09-04 00:00:00+00:00, run_after=2024-09-05 00:00:00+00:00
[2024-09-04T07:58:44.149+0000] {processor.py:183} INFO - Processing /opt/airflow/dags/kezekte_etl.py took 0.729 seconds
[2024-09-04T07:59:14.481+0000] {processor.py:161} INFO - Started process (PID=140) to work on /opt/airflow/dags/kezekte_etl.py
[2024-09-04T07:59:14.484+0000] {processor.py:830} INFO - Processing file /opt/airflow/dags/kezekte_etl.py for tasks to queue
[2024-09-04T07:59:14.487+0000] {logging_mixin.py:188} INFO - [2024-09-04T07:59:14.487+0000] {dagbag.py:545} INFO - Filling up the DagBag from /opt/airflow/dags/kezekte_etl.py
[2024-09-04T07:59:14.949+0000] {processor.py:840} INFO - DAG(s) 'kezekte_etl' retrieved from /opt/airflow/dags/kezekte_etl.py
[2024-09-04T07:59:14.968+0000] {logging_mixin.py:188} INFO - [2024-09-04T07:59:14.968+0000] {dag.py:3096} INFO - Sync 1 DAGs
[2024-09-04T07:59:14.980+0000] {logging_mixin.py:188} INFO - [2024-09-04T07:59:14.980+0000] {dag.py:3954} INFO - Setting next_dagrun for kezekte_etl to 2024-09-04 00:00:00+00:00, run_after=2024-09-05 00:00:00+00:00
[2024-09-04T07:59:14.989+0000] {processor.py:183} INFO - Processing /opt/airflow/dags/kezekte_etl.py took 0.519 seconds
[2024-09-04T07:59:45.380+0000] {processor.py:161} INFO - Started process (PID=148) to work on /opt/airflow/dags/kezekte_etl.py
[2024-09-04T07:59:45.383+0000] {processor.py:830} INFO - Processing file /opt/airflow/dags/kezekte_etl.py for tasks to queue
[2024-09-04T07:59:45.388+0000] {logging_mixin.py:188} INFO - [2024-09-04T07:59:45.387+0000] {dagbag.py:545} INFO - Filling up the DagBag from /opt/airflow/dags/kezekte_etl.py
[2024-09-04T07:59:45.743+0000] {processor.py:840} INFO - DAG(s) 'kezekte_etl' retrieved from /opt/airflow/dags/kezekte_etl.py
[2024-09-04T07:59:45.756+0000] {logging_mixin.py:188} INFO - [2024-09-04T07:59:45.756+0000] {dag.py:3096} INFO - Sync 1 DAGs
[2024-09-04T07:59:45.764+0000] {logging_mixin.py:188} INFO - [2024-09-04T07:59:45.764+0000] {dag.py:3954} INFO - Setting next_dagrun for kezekte_etl to 2024-09-04 00:00:00+00:00, run_after=2024-09-05 00:00:00+00:00
[2024-09-04T07:59:45.771+0000] {processor.py:183} INFO - Processing /opt/airflow/dags/kezekte_etl.py took 0.404 seconds
[2024-09-04T08:00:16.092+0000] {processor.py:161} INFO - Started process (PID=156) to work on /opt/airflow/dags/kezekte_etl.py
[2024-09-04T08:00:16.094+0000] {processor.py:830} INFO - Processing file /opt/airflow/dags/kezekte_etl.py for tasks to queue
[2024-09-04T08:00:16.097+0000] {logging_mixin.py:188} INFO - [2024-09-04T08:00:16.096+0000] {dagbag.py:545} INFO - Filling up the DagBag from /opt/airflow/dags/kezekte_etl.py
[2024-09-04T08:00:16.506+0000] {processor.py:840} INFO - DAG(s) 'kezekte_etl' retrieved from /opt/airflow/dags/kezekte_etl.py
[2024-09-04T08:00:16.542+0000] {logging_mixin.py:188} INFO - [2024-09-04T08:00:16.541+0000] {dag.py:3096} INFO - Sync 1 DAGs
[2024-09-04T08:00:16.557+0000] {logging_mixin.py:188} INFO - [2024-09-04T08:00:16.557+0000] {dag.py:3954} INFO - Setting next_dagrun for kezekte_etl to 2024-09-04 00:00:00+00:00, run_after=2024-09-05 00:00:00+00:00
[2024-09-04T08:00:16.564+0000] {processor.py:183} INFO - Processing /opt/airflow/dags/kezekte_etl.py took 0.494 seconds
[2024-09-04T08:00:46.894+0000] {processor.py:161} INFO - Started process (PID=164) to work on /opt/airflow/dags/kezekte_etl.py
[2024-09-04T08:00:46.897+0000] {processor.py:830} INFO - Processing file /opt/airflow/dags/kezekte_etl.py for tasks to queue
[2024-09-04T08:00:46.902+0000] {logging_mixin.py:188} INFO - [2024-09-04T08:00:46.901+0000] {dagbag.py:545} INFO - Filling up the DagBag from /opt/airflow/dags/kezekte_etl.py
[2024-09-04T08:00:47.334+0000] {processor.py:840} INFO - DAG(s) 'kezekte_etl' retrieved from /opt/airflow/dags/kezekte_etl.py
[2024-09-04T08:00:47.354+0000] {logging_mixin.py:188} INFO - [2024-09-04T08:00:47.354+0000] {dag.py:3096} INFO - Sync 1 DAGs
[2024-09-04T08:00:47.363+0000] {logging_mixin.py:188} INFO - [2024-09-04T08:00:47.363+0000] {dag.py:3954} INFO - Setting next_dagrun for kezekte_etl to 2024-09-04 00:00:00+00:00, run_after=2024-09-05 00:00:00+00:00
[2024-09-04T08:00:47.370+0000] {processor.py:183} INFO - Processing /opt/airflow/dags/kezekte_etl.py took 0.489 seconds
[2024-09-04T08:01:17.760+0000] {processor.py:161} INFO - Started process (PID=172) to work on /opt/airflow/dags/kezekte_etl.py
[2024-09-04T08:01:17.764+0000] {processor.py:830} INFO - Processing file /opt/airflow/dags/kezekte_etl.py for tasks to queue
[2024-09-04T08:01:17.767+0000] {logging_mixin.py:188} INFO - [2024-09-04T08:01:17.767+0000] {dagbag.py:545} INFO - Filling up the DagBag from /opt/airflow/dags/kezekte_etl.py
[2024-09-04T08:01:18.153+0000] {processor.py:840} INFO - DAG(s) 'kezekte_etl' retrieved from /opt/airflow/dags/kezekte_etl.py
[2024-09-04T08:01:18.166+0000] {logging_mixin.py:188} INFO - [2024-09-04T08:01:18.166+0000] {dag.py:3096} INFO - Sync 1 DAGs
[2024-09-04T08:01:18.175+0000] {logging_mixin.py:188} INFO - [2024-09-04T08:01:18.175+0000] {dag.py:3954} INFO - Setting next_dagrun for kezekte_etl to 2024-09-04 00:00:00+00:00, run_after=2024-09-05 00:00:00+00:00
[2024-09-04T08:01:18.182+0000] {processor.py:183} INFO - Processing /opt/airflow/dags/kezekte_etl.py took 0.430 seconds
[2024-09-04T08:01:48.471+0000] {processor.py:161} INFO - Started process (PID=179) to work on /opt/airflow/dags/kezekte_etl.py
[2024-09-04T08:01:48.473+0000] {processor.py:830} INFO - Processing file /opt/airflow/dags/kezekte_etl.py for tasks to queue
[2024-09-04T08:01:48.476+0000] {logging_mixin.py:188} INFO - [2024-09-04T08:01:48.476+0000] {dagbag.py:545} INFO - Filling up the DagBag from /opt/airflow/dags/kezekte_etl.py
[2024-09-04T08:01:48.885+0000] {processor.py:840} INFO - DAG(s) 'kezekte_etl' retrieved from /opt/airflow/dags/kezekte_etl.py
[2024-09-04T08:01:48.899+0000] {logging_mixin.py:188} INFO - [2024-09-04T08:01:48.899+0000] {dag.py:3096} INFO - Sync 1 DAGs
[2024-09-04T08:01:48.907+0000] {logging_mixin.py:188} INFO - [2024-09-04T08:01:48.907+0000] {dag.py:3954} INFO - Setting next_dagrun for kezekte_etl to 2024-09-04 00:00:00+00:00, run_after=2024-09-05 00:00:00+00:00
[2024-09-04T08:01:48.915+0000] {processor.py:183} INFO - Processing /opt/airflow/dags/kezekte_etl.py took 0.452 seconds
[2024-09-04T08:02:19.214+0000] {processor.py:161} INFO - Started process (PID=187) to work on /opt/airflow/dags/kezekte_etl.py
[2024-09-04T08:02:19.216+0000] {processor.py:830} INFO - Processing file /opt/airflow/dags/kezekte_etl.py for tasks to queue
[2024-09-04T08:02:19.221+0000] {logging_mixin.py:188} INFO - [2024-09-04T08:02:19.220+0000] {dagbag.py:545} INFO - Filling up the DagBag from /opt/airflow/dags/kezekte_etl.py
[2024-09-04T08:02:19.672+0000] {processor.py:840} INFO - DAG(s) 'kezekte_etl' retrieved from /opt/airflow/dags/kezekte_etl.py
[2024-09-04T08:02:19.688+0000] {logging_mixin.py:188} INFO - [2024-09-04T08:02:19.688+0000] {dag.py:3096} INFO - Sync 1 DAGs
[2024-09-04T08:02:19.696+0000] {logging_mixin.py:188} INFO - [2024-09-04T08:02:19.696+0000] {dag.py:3954} INFO - Setting next_dagrun for kezekte_etl to 2024-09-04 00:00:00+00:00, run_after=2024-09-05 00:00:00+00:00
[2024-09-04T08:02:19.702+0000] {processor.py:183} INFO - Processing /opt/airflow/dags/kezekte_etl.py took 0.499 seconds
[2024-09-04T08:02:50.021+0000] {processor.py:161} INFO - Started process (PID=195) to work on /opt/airflow/dags/kezekte_etl.py
[2024-09-04T08:02:50.023+0000] {processor.py:830} INFO - Processing file /opt/airflow/dags/kezekte_etl.py for tasks to queue
[2024-09-04T08:02:50.027+0000] {logging_mixin.py:188} INFO - [2024-09-04T08:02:50.026+0000] {dagbag.py:545} INFO - Filling up the DagBag from /opt/airflow/dags/kezekte_etl.py
[2024-09-04T08:02:50.407+0000] {processor.py:840} INFO - DAG(s) 'kezekte_etl' retrieved from /opt/airflow/dags/kezekte_etl.py
[2024-09-04T08:02:50.421+0000] {logging_mixin.py:188} INFO - [2024-09-04T08:02:50.420+0000] {dag.py:3096} INFO - Sync 1 DAGs
[2024-09-04T08:02:50.429+0000] {logging_mixin.py:188} INFO - [2024-09-04T08:02:50.429+0000] {dag.py:3954} INFO - Setting next_dagrun for kezekte_etl to 2024-09-04 00:00:00+00:00, run_after=2024-09-05 00:00:00+00:00
[2024-09-04T08:02:50.435+0000] {processor.py:183} INFO - Processing /opt/airflow/dags/kezekte_etl.py took 0.424 seconds
[2024-09-04T08:03:20.745+0000] {processor.py:161} INFO - Started process (PID=203) to work on /opt/airflow/dags/kezekte_etl.py
[2024-09-04T08:03:20.747+0000] {processor.py:830} INFO - Processing file /opt/airflow/dags/kezekte_etl.py for tasks to queue
[2024-09-04T08:03:20.752+0000] {logging_mixin.py:188} INFO - [2024-09-04T08:03:20.751+0000] {dagbag.py:545} INFO - Filling up the DagBag from /opt/airflow/dags/kezekte_etl.py
[2024-09-04T08:03:21.153+0000] {processor.py:840} INFO - DAG(s) 'kezekte_etl' retrieved from /opt/airflow/dags/kezekte_etl.py
[2024-09-04T08:03:21.168+0000] {logging_mixin.py:188} INFO - [2024-09-04T08:03:21.168+0000] {dag.py:3096} INFO - Sync 1 DAGs
[2024-09-04T08:03:21.177+0000] {logging_mixin.py:188} INFO - [2024-09-04T08:03:21.176+0000] {dag.py:3954} INFO - Setting next_dagrun for kezekte_etl to 2024-09-04 00:00:00+00:00, run_after=2024-09-05 00:00:00+00:00
[2024-09-04T08:03:21.186+0000] {processor.py:183} INFO - Processing /opt/airflow/dags/kezekte_etl.py took 0.452 seconds
[2024-09-04T08:03:51.529+0000] {processor.py:161} INFO - Started process (PID=211) to work on /opt/airflow/dags/kezekte_etl.py
[2024-09-04T08:03:51.532+0000] {processor.py:830} INFO - Processing file /opt/airflow/dags/kezekte_etl.py for tasks to queue
[2024-09-04T08:03:51.537+0000] {logging_mixin.py:188} INFO - [2024-09-04T08:03:51.536+0000] {dagbag.py:545} INFO - Filling up the DagBag from /opt/airflow/dags/kezekte_etl.py
[2024-09-04T08:03:51.931+0000] {processor.py:840} INFO - DAG(s) 'kezekte_etl' retrieved from /opt/airflow/dags/kezekte_etl.py
[2024-09-04T08:03:51.944+0000] {logging_mixin.py:188} INFO - [2024-09-04T08:03:51.944+0000] {dag.py:3096} INFO - Sync 1 DAGs
[2024-09-04T08:03:51.953+0000] {logging_mixin.py:188} INFO - [2024-09-04T08:03:51.953+0000] {dag.py:3954} INFO - Setting next_dagrun for kezekte_etl to 2024-09-04 00:00:00+00:00, run_after=2024-09-05 00:00:00+00:00
[2024-09-04T08:03:51.959+0000] {processor.py:183} INFO - Processing /opt/airflow/dags/kezekte_etl.py took 0.441 seconds
[2024-09-04T08:04:22.277+0000] {processor.py:161} INFO - Started process (PID=219) to work on /opt/airflow/dags/kezekte_etl.py
[2024-09-04T08:04:22.280+0000] {processor.py:830} INFO - Processing file /opt/airflow/dags/kezekte_etl.py for tasks to queue
[2024-09-04T08:04:22.285+0000] {logging_mixin.py:188} INFO - [2024-09-04T08:04:22.284+0000] {dagbag.py:545} INFO - Filling up the DagBag from /opt/airflow/dags/kezekte_etl.py
[2024-09-04T08:04:22.675+0000] {processor.py:840} INFO - DAG(s) 'kezekte_etl' retrieved from /opt/airflow/dags/kezekte_etl.py
[2024-09-04T08:04:22.701+0000] {logging_mixin.py:188} INFO - [2024-09-04T08:04:22.701+0000] {dag.py:3096} INFO - Sync 1 DAGs
[2024-09-04T08:04:22.709+0000] {logging_mixin.py:188} INFO - [2024-09-04T08:04:22.709+0000] {dag.py:3954} INFO - Setting next_dagrun for kezekte_etl to 2024-09-04 00:00:00+00:00, run_after=2024-09-05 00:00:00+00:00
[2024-09-04T08:04:22.715+0000] {processor.py:183} INFO - Processing /opt/airflow/dags/kezekte_etl.py took 0.451 seconds
[2024-09-04T08:04:53.013+0000] {processor.py:161} INFO - Started process (PID=227) to work on /opt/airflow/dags/kezekte_etl.py
[2024-09-04T08:04:53.017+0000] {processor.py:830} INFO - Processing file /opt/airflow/dags/kezekte_etl.py for tasks to queue
[2024-09-04T08:04:53.021+0000] {logging_mixin.py:188} INFO - [2024-09-04T08:04:53.020+0000] {dagbag.py:545} INFO - Filling up the DagBag from /opt/airflow/dags/kezekte_etl.py
[2024-09-04T08:04:53.413+0000] {processor.py:840} INFO - DAG(s) 'kezekte_etl' retrieved from /opt/airflow/dags/kezekte_etl.py
[2024-09-04T08:04:53.428+0000] {logging_mixin.py:188} INFO - [2024-09-04T08:04:53.428+0000] {dag.py:3096} INFO - Sync 1 DAGs
[2024-09-04T08:04:53.439+0000] {logging_mixin.py:188} INFO - [2024-09-04T08:04:53.439+0000] {dag.py:3954} INFO - Setting next_dagrun for kezekte_etl to 2024-09-04 00:00:00+00:00, run_after=2024-09-05 00:00:00+00:00
[2024-09-04T08:04:53.447+0000] {processor.py:183} INFO - Processing /opt/airflow/dags/kezekte_etl.py took 0.447 seconds
[2024-09-04T08:05:23.724+0000] {processor.py:161} INFO - Started process (PID=235) to work on /opt/airflow/dags/kezekte_etl.py
[2024-09-04T08:05:23.728+0000] {processor.py:830} INFO - Processing file /opt/airflow/dags/kezekte_etl.py for tasks to queue
[2024-09-04T08:05:23.732+0000] {logging_mixin.py:188} INFO - [2024-09-04T08:05:23.732+0000] {dagbag.py:545} INFO - Filling up the DagBag from /opt/airflow/dags/kezekte_etl.py
[2024-09-04T08:05:24.173+0000] {processor.py:840} INFO - DAG(s) 'kezekte_etl' retrieved from /opt/airflow/dags/kezekte_etl.py
[2024-09-04T08:05:24.186+0000] {logging_mixin.py:188} INFO - [2024-09-04T08:05:24.186+0000] {dag.py:3096} INFO - Sync 1 DAGs
[2024-09-04T08:05:24.194+0000] {logging_mixin.py:188} INFO - [2024-09-04T08:05:24.194+0000] {dag.py:3954} INFO - Setting next_dagrun for kezekte_etl to 2024-09-04 00:00:00+00:00, run_after=2024-09-05 00:00:00+00:00
[2024-09-04T08:05:24.201+0000] {processor.py:183} INFO - Processing /opt/airflow/dags/kezekte_etl.py took 0.490 seconds
[2024-09-04T08:05:54.483+0000] {processor.py:161} INFO - Started process (PID=248) to work on /opt/airflow/dags/kezekte_etl.py
[2024-09-04T08:05:54.487+0000] {processor.py:830} INFO - Processing file /opt/airflow/dags/kezekte_etl.py for tasks to queue
[2024-09-04T08:05:54.491+0000] {logging_mixin.py:188} INFO - [2024-09-04T08:05:54.491+0000] {dagbag.py:545} INFO - Filling up the DagBag from /opt/airflow/dags/kezekte_etl.py
[2024-09-04T08:05:54.876+0000] {processor.py:840} INFO - DAG(s) 'kezekte_etl' retrieved from /opt/airflow/dags/kezekte_etl.py
[2024-09-04T08:05:54.889+0000] {logging_mixin.py:188} INFO - [2024-09-04T08:05:54.888+0000] {dag.py:3096} INFO - Sync 1 DAGs
[2024-09-04T08:05:54.897+0000] {logging_mixin.py:188} INFO - [2024-09-04T08:05:54.897+0000] {dag.py:3954} INFO - Setting next_dagrun for kezekte_etl to 2024-09-04 00:00:00+00:00, run_after=2024-09-05 00:00:00+00:00
[2024-09-04T08:05:54.903+0000] {processor.py:183} INFO - Processing /opt/airflow/dags/kezekte_etl.py took 0.431 seconds
[2024-09-04T08:06:25.181+0000] {processor.py:161} INFO - Started process (PID=255) to work on /opt/airflow/dags/kezekte_etl.py
[2024-09-04T08:06:25.183+0000] {processor.py:830} INFO - Processing file /opt/airflow/dags/kezekte_etl.py for tasks to queue
[2024-09-04T08:06:25.186+0000] {logging_mixin.py:188} INFO - [2024-09-04T08:06:25.185+0000] {dagbag.py:545} INFO - Filling up the DagBag from /opt/airflow/dags/kezekte_etl.py
[2024-09-04T08:06:25.573+0000] {processor.py:840} INFO - DAG(s) 'kezekte_etl' retrieved from /opt/airflow/dags/kezekte_etl.py
[2024-09-04T08:06:25.588+0000] {logging_mixin.py:188} INFO - [2024-09-04T08:06:25.587+0000] {dag.py:3096} INFO - Sync 1 DAGs
[2024-09-04T08:06:25.596+0000] {logging_mixin.py:188} INFO - [2024-09-04T08:06:25.596+0000] {dag.py:3954} INFO - Setting next_dagrun for kezekte_etl to 2024-09-04 00:00:00+00:00, run_after=2024-09-05 00:00:00+00:00
[2024-09-04T08:06:25.602+0000] {processor.py:183} INFO - Processing /opt/airflow/dags/kezekte_etl.py took 0.431 seconds
