[2024-08-02T14:24:50.466+0000] {local_task_job_runner.py:120} INFO - ::group::Pre task execution logs
[2024-08-02T14:24:50.480+0000] {taskinstance.py:2076} INFO - Dependencies all met for dep_context=non-requeueable deps ti=<TaskInstance: kezekte_etl.raw_data_to_psdb manual__2024-08-02T14:24:41.881979+00:00 [queued]>
[2024-08-02T14:24:50.484+0000] {taskinstance.py:2076} INFO - Dependencies all met for dep_context=requeueable deps ti=<TaskInstance: kezekte_etl.raw_data_to_psdb manual__2024-08-02T14:24:41.881979+00:00 [queued]>
[2024-08-02T14:24:50.484+0000] {taskinstance.py:2306} INFO - Starting attempt 1 of 1
[2024-08-02T14:24:50.506+0000] {taskinstance.py:2330} INFO - Executing <Task(PythonOperator): raw_data_to_psdb> on 2024-08-02 14:24:41.881979+00:00
[2024-08-02T14:24:50.522+0000] {warnings.py:112} WARNING - /home/***/.local/lib/python3.12/site-packages/***/task/task_runner/standard_task_runner.py:61: DeprecationWarning: This process (pid=2395) is multi-threaded, use of fork() may lead to deadlocks in the child.
  pid = os.fork()

[2024-08-02T14:24:50.525+0000] {standard_task_runner.py:63} INFO - Started process 2397 to run task
[2024-08-02T14:24:50.523+0000] {standard_task_runner.py:90} INFO - Running: ['***', 'tasks', 'run', 'kezekte_etl', 'raw_data_to_psdb', 'manual__2024-08-02T14:24:41.881979+00:00', '--job-id', '184', '--raw', '--subdir', 'DAGS_FOLDER/kezekte_etl.py', '--cfg-path', '/tmp/tmpqcoo0aj1']
[2024-08-02T14:24:50.528+0000] {standard_task_runner.py:91} INFO - Job 184: Subtask raw_data_to_psdb
[2024-08-02T14:24:50.628+0000] {task_command.py:426} INFO - Running <TaskInstance: kezekte_etl.raw_data_to_psdb manual__2024-08-02T14:24:41.881979+00:00 [running]> on host cd4398d9193e
[2024-08-02T14:24:50.721+0000] {taskinstance.py:2648} INFO - Exporting env vars: AIRFLOW_CTX_DAG_OWNER='***' AIRFLOW_CTX_DAG_ID='kezekte_etl' AIRFLOW_CTX_TASK_ID='raw_data_to_psdb' AIRFLOW_CTX_EXECUTION_DATE='2024-08-02T14:24:41.881979+00:00' AIRFLOW_CTX_TRY_NUMBER='1' AIRFLOW_CTX_DAG_RUN_ID='manual__2024-08-02T14:24:41.881979+00:00'
[2024-08-02T14:24:50.723+0000] {taskinstance.py:430} INFO - ::endgroup::
[2024-08-02T14:24:50.757+0000] {base.py:84} INFO - Using connection ID 'postgresql_conn' for task execution.
[2024-08-02T14:24:50.764+0000] {sql.py:487} INFO - Running statement: 
        insert into test_animals (chip_id, type, nickname, gender, breed, passport_number, register_date, birthday, status, ownership, 
                                register_type, tagging_location, tagging_place, tagging_date, district_area, date_vaccination, date_sterilization_castration)
        values (%s, %s, %s, %s, %s, %s, %s, %s, %s, %s, %s, %s, %s, %s, %s, %s, %s)
        on conflict (passport_number) do nothing;
    , parameters: ['398020000166172', 'Кошка', 'Мишель', 'Female', 'Метис', 'KZC020824-0080781', datetime.datetime(2024, 8, 2, 19, 6, 58), datetime.date(2018, 8, 1), 'Активный', 'Владелец животного', 'Мечение животного', 'Аймухамбетов', 'Ветеринарная клиника', datetime.date(2024, 8, 2), 'Алматы р.а.', 'Не вакцинирован', None]
[2024-08-02T14:24:50.767+0000] {sql.py:496} INFO - Rows affected: 1
[2024-08-02T14:24:50.780+0000] {base.py:84} INFO - Using connection ID 'postgresql_conn' for task execution.
[2024-08-02T14:24:50.787+0000] {sql.py:487} INFO - Running statement: 
        insert into test_animals (chip_id, type, nickname, gender, breed, passport_number, register_date, birthday, status, ownership, 
                                register_type, tagging_location, tagging_place, tagging_date, district_area, date_vaccination, date_sterilization_castration)
        values (%s, %s, %s, %s, %s, %s, %s, %s, %s, %s, %s, %s, %s, %s, %s, %s, %s)
        on conflict (passport_number) do nothing;
    , parameters: ['398010000265294', 'Собака', 'Рыжуля', 'Female', 'Беспородная', 'KZD020824-0189839', datetime.datetime(2024, 8, 2, 17, 53, 23), datetime.date(2020, 5, 7), 'Активный', 'Владелец животного', 'Мечение животного', 'КГП на ПХВ «Мугалжарская районная ветеринарная станция» государственного учреждения «Управление ветеринарии Актюбинской области»', 'Ветеринарная станция/служба/сервис', datetime.date(2024, 8, 2), 'Мугалжарский район', 'Не вакцинирован', None]
[2024-08-02T14:24:50.790+0000] {sql.py:496} INFO - Rows affected: 1
[2024-08-02T14:24:50.805+0000] {base.py:84} INFO - Using connection ID 'postgresql_conn' for task execution.
[2024-08-02T14:24:50.811+0000] {sql.py:487} INFO - Running statement: 
        insert into test_animals (chip_id, type, nickname, gender, breed, passport_number, register_date, birthday, status, ownership, 
                                register_type, tagging_location, tagging_place, tagging_date, district_area, date_vaccination, date_sterilization_castration)
        values (%s, %s, %s, %s, %s, %s, %s, %s, %s, %s, %s, %s, %s, %s, %s, %s, %s)
        on conflict (passport_number) do nothing;
    , parameters: ['398010000265302', 'Собака', 'Дружок', 'Male', 'Беспородная', 'KZD020824-0189838', datetime.datetime(2024, 8, 2, 17, 46, 30), datetime.date(2024, 4, 29), 'Активный', 'Владелец животного', 'Мечение животного', 'КГП на ПХВ «Мугалжарская районная ветеринарная станция» государственного учреждения «Управление ветеринарии Актюбинской области»', 'Ветеринарная станция/служба/сервис', datetime.date(2024, 8, 2), 'Мугалжарский район', 'Не вакцинирован', None]
[2024-08-02T14:24:50.812+0000] {sql.py:496} INFO - Rows affected: 1
[2024-08-02T14:24:50.817+0000] {base.py:84} INFO - Using connection ID 'postgresql_conn' for task execution.
[2024-08-02T14:24:50.820+0000] {sql.py:487} INFO - Running statement: 
        insert into test_animals (chip_id, type, nickname, gender, breed, passport_number, register_date, birthday, status, ownership, 
                                register_type, tagging_location, tagging_place, tagging_date, district_area, date_vaccination, date_sterilization_castration)
        values (%s, %s, %s, %s, %s, %s, %s, %s, %s, %s, %s, %s, %s, %s, %s, %s, %s)
        on conflict (passport_number) do nothing;
    , parameters: ['398010000266176', 'Собака', 'Девочка', 'Female', 'Беспородная', 'KZD020824-0189837', datetime.datetime(2024, 8, 2, 17, 41, 26), datetime.date(2022, 5, 20), 'Активный', 'Владелец животного', 'Мечение животного', 'КГП на ПХВ «Мугалжарская районная ветеринарная станция» государственного учреждения «Управление ветеринарии Актюбинской области»', 'Ветеринарная станция/служба/сервис', datetime.date(2024, 8, 2), 'Мугалжарский район', 'Не вакцинирован', None]
[2024-08-02T14:24:50.821+0000] {sql.py:496} INFO - Rows affected: 1
[2024-08-02T14:24:50.825+0000] {base.py:84} INFO - Using connection ID 'postgresql_conn' for task execution.
[2024-08-02T14:24:50.827+0000] {sql.py:487} INFO - Running statement: 
        insert into test_animals (chip_id, type, nickname, gender, breed, passport_number, register_date, birthday, status, ownership, 
                                register_type, tagging_location, tagging_place, tagging_date, district_area, date_vaccination, date_sterilization_castration)
        values (%s, %s, %s, %s, %s, %s, %s, %s, %s, %s, %s, %s, %s, %s, %s, %s, %s)
        on conflict (passport_number) do nothing;
    , parameters: ['398010000266180', 'Собака', 'Эльза', 'Female', 'Беспородная', 'KZD020824-0189836', datetime.datetime(2024, 8, 2, 17, 37, 3), datetime.date(2019, 3, 8), 'Активный', 'Владелец животного', 'Мечение животного', 'КГП на ПХВ «Мугалжарская районная ветеринарная станция» государственного учреждения «Управление ветеринарии Актюбинской области»', 'Ветеринарная станция/служба/сервис', datetime.date(2024, 8, 2), 'Мугалжарский район', 'Не вакцинирован', None]
[2024-08-02T14:24:50.827+0000] {sql.py:496} INFO - Rows affected: 1
[2024-08-02T14:24:50.833+0000] {base.py:84} INFO - Using connection ID 'postgresql_conn' for task execution.
[2024-08-02T14:24:50.835+0000] {sql.py:487} INFO - Running statement: 
        insert into test_animals (chip_id, type, nickname, gender, breed, passport_number, register_date, birthday, status, ownership, 
                                register_type, tagging_location, tagging_place, tagging_date, district_area, date_vaccination, date_sterilization_castration)
        values (%s, %s, %s, %s, %s, %s, %s, %s, %s, %s, %s, %s, %s, %s, %s, %s, %s)
        on conflict (passport_number) do nothing;
    , parameters: ['398010000265285', 'Собака', 'Бом', 'Female', 'Беспородная', 'KZD020824-0189835', datetime.datetime(2024, 8, 2, 17, 31, 15), datetime.date(2020, 6, 10), 'Активный', 'Владелец животного', 'Мечение животного', 'КГП на ПХВ «Мугалжарская районная ветеринарная станция» государственного учреждения «Управление ветеринарии Актюбинской области»', 'Ветеринарная станция/служба/сервис', datetime.date(2024, 8, 2), 'Мугалжарский район', 'Не вакцинирован', None]
[2024-08-02T14:24:50.836+0000] {sql.py:496} INFO - Rows affected: 1
[2024-08-02T14:24:50.841+0000] {base.py:84} INFO - Using connection ID 'postgresql_conn' for task execution.
[2024-08-02T14:24:50.843+0000] {sql.py:487} INFO - Running statement: 
        insert into test_animals (chip_id, type, nickname, gender, breed, passport_number, register_date, birthday, status, ownership, 
                                register_type, tagging_location, tagging_place, tagging_date, district_area, date_vaccination, date_sterilization_castration)
        values (%s, %s, %s, %s, %s, %s, %s, %s, %s, %s, %s, %s, %s, %s, %s, %s, %s)
        on conflict (passport_number) do nothing;
    , parameters: ['398020000136104', 'Кошка', 'Муся', 'Male', 'кошка шотландская', 'KZC020824-0080780', datetime.datetime(2024, 8, 2, 17, 9, 49), datetime.date(2024, 5, 13), 'Активный', 'Владелец животного', 'Мечение животного', 'КГП на ПХВ «Мугалжарская районная ветеринарная станция» государственного учреждения «Управление ветеринарии Актюбинской области»', 'Ветеринарная станция/служба/сервис', datetime.date(2024, 8, 2), 'Мугалжарский район', 'Не вакцинирован', None]
[2024-08-02T14:24:50.844+0000] {sql.py:496} INFO - Rows affected: 1
[2024-08-02T14:24:50.851+0000] {base.py:84} INFO - Using connection ID 'postgresql_conn' for task execution.
[2024-08-02T14:24:50.853+0000] {sql.py:487} INFO - Running statement: 
        insert into test_animals (chip_id, type, nickname, gender, breed, passport_number, register_date, birthday, status, ownership, 
                                register_type, tagging_location, tagging_place, tagging_date, district_area, date_vaccination, date_sterilization_castration)
        values (%s, %s, %s, %s, %s, %s, %s, %s, %s, %s, %s, %s, %s, %s, %s, %s, %s)
        on conflict (passport_number) do nothing;
    , parameters: ['398020000136095', 'Кошка', 'Пушок', 'Female', 'кошка шотландская', 'KZC020824-0080779', datetime.datetime(2024, 8, 2, 17, 6, 25), datetime.date(2024, 4, 3), 'Активный', 'Владелец животного', 'Мечение животного', 'КГП на ПХВ «Мугалжарская районная ветеринарная станция» государственного учреждения «Управление ветеринарии Актюбинской области»', 'Ветеринарная станция/служба/сервис', datetime.date(2024, 8, 2), 'Мугалжарский район', 'Не вакцинирован', None]
[2024-08-02T14:24:50.854+0000] {sql.py:496} INFO - Rows affected: 1
[2024-08-02T14:24:50.858+0000] {base.py:84} INFO - Using connection ID 'postgresql_conn' for task execution.
[2024-08-02T14:24:50.860+0000] {sql.py:487} INFO - Running statement: 
        insert into test_animals (chip_id, type, nickname, gender, breed, passport_number, register_date, birthday, status, ownership, 
                                register_type, tagging_location, tagging_place, tagging_date, district_area, date_vaccination, date_sterilization_castration)
        values (%s, %s, %s, %s, %s, %s, %s, %s, %s, %s, %s, %s, %s, %s, %s, %s, %s)
        on conflict (passport_number) do nothing;
    , parameters: ['398010000266043', 'Собака', 'Құтжол', 'Male', 'Беспородная', 'KZD020824-0189834', datetime.datetime(2024, 8, 2, 16, 58, 44), datetime.date(2023, 10, 4), 'Активный', 'Владелец животного', 'Мечение животного', 'КГП на ПХВ «Мугалжарская районная ветеринарная станция» государственного учреждения «Управление ветеринарии Актюбинской области»', 'Ветеринарная станция/служба/сервис', datetime.date(2024, 8, 2), 'Мугалжарский район', 'Не вакцинирован', None]
[2024-08-02T14:24:50.860+0000] {sql.py:496} INFO - Rows affected: 1
[2024-08-02T14:24:50.863+0000] {base.py:84} INFO - Using connection ID 'postgresql_conn' for task execution.
[2024-08-02T14:24:50.864+0000] {sql.py:487} INFO - Running statement: 
        insert into test_animals (chip_id, type, nickname, gender, breed, passport_number, register_date, birthday, status, ownership, 
                                register_type, tagging_location, tagging_place, tagging_date, district_area, date_vaccination, date_sterilization_castration)
        values (%s, %s, %s, %s, %s, %s, %s, %s, %s, %s, %s, %s, %s, %s, %s, %s, %s)
        on conflict (passport_number) do nothing;
    , parameters: ['398010000266033', 'Собака', 'Бакс', 'Male', 'Беспородная', 'KZD020824-0189833', datetime.datetime(2024, 8, 2, 16, 39, 58), datetime.date(2021, 7, 6), 'Черновик', 'Владелец животного', 'Мечение животного', 'КГП на ПХВ «Мугалжарская районная ветеринарная станция» государственного учреждения «Управление ветеринарии Актюбинской области»', 'Ветеринарная станция/служба/сервис', datetime.date(2024, 8, 2), 'Мугалжарский район', 'Не вакцинирован', None]
[2024-08-02T14:24:50.865+0000] {sql.py:496} INFO - Rows affected: 1
[2024-08-02T14:24:50.869+0000] {base.py:84} INFO - Using connection ID 'postgresql_conn' for task execution.
[2024-08-02T14:24:50.873+0000] {sql.py:487} INFO - Running statement: 
        insert into test_animals (chip_id, type, nickname, gender, breed, passport_number, register_date, birthday, status, ownership, 
                                register_type, tagging_location, tagging_place, tagging_date, district_area, date_vaccination, date_sterilization_castration)
        values (%s, %s, %s, %s, %s, %s, %s, %s, %s, %s, %s, %s, %s, %s, %s, %s, %s)
        on conflict (passport_number) do nothing;
    , parameters: ['398010000240617', 'Собака', None, 'Female', 'Метис', 'KZD020824-0189832', datetime.datetime(2024, 8, 2, 16, 32, 21), datetime.date(2021, 8, 28), 'Активный', 'Бродячее', 'Мечение животного', 'ИП Ақбергенов Зауырбек Әбдіхалықұлы', 'Ветеринарная клиника', datetime.date(2024, 8, 2), 'Алматы р.а.', 'Не вакцинирован', datetime.date(2024, 8, 2)]
[2024-08-02T14:24:50.875+0000] {sql.py:496} INFO - Rows affected: 1
[2024-08-02T14:24:50.881+0000] {base.py:84} INFO - Using connection ID 'postgresql_conn' for task execution.
[2024-08-02T14:24:50.883+0000] {sql.py:487} INFO - Running statement: 
        insert into test_animals (chip_id, type, nickname, gender, breed, passport_number, register_date, birthday, status, ownership, 
                                register_type, tagging_location, tagging_place, tagging_date, district_area, date_vaccination, date_sterilization_castration)
        values (%s, %s, %s, %s, %s, %s, %s, %s, %s, %s, %s, %s, %s, %s, %s, %s, %s)
        on conflict (passport_number) do nothing;
    , parameters: ['398010000239357', 'Собака', 'Ариша', 'Female', 'Лабрадор', 'KZD020824-0189831', datetime.datetime(2024, 8, 2, 16, 26, 7), datetime.date(2014, 3, 2), 'Активный', 'Владелец животного', 'Мечение животного', 'КГП на ПХВ "Астана ветсервис" акимата города Астаны', 'Ветеринарная станция/служба/сервис', datetime.date(2024, 8, 2), 'Сарыарка р.а.', 'Не вакцинирован', None]
[2024-08-02T14:24:50.884+0000] {sql.py:496} INFO - Rows affected: 1
[2024-08-02T14:24:50.889+0000] {base.py:84} INFO - Using connection ID 'postgresql_conn' for task execution.
[2024-08-02T14:24:50.891+0000] {sql.py:487} INFO - Running statement: 
        insert into test_animals (chip_id, type, nickname, gender, breed, passport_number, register_date, birthday, status, ownership, 
                                register_type, tagging_location, tagging_place, tagging_date, district_area, date_vaccination, date_sterilization_castration)
        values (%s, %s, %s, %s, %s, %s, %s, %s, %s, %s, %s, %s, %s, %s, %s, %s, %s)
        on conflict (passport_number) do nothing;
    , parameters: ['398010000266026', 'Собака', 'Рыжик', 'Male', 'Беспородная', 'KZD020824-0189830', datetime.datetime(2024, 8, 2, 16, 12, 50), datetime.date(2020, 6, 11), 'Черновик', 'Владелец животного', 'Мечение животного', 'КГП на ПХВ «Мугалжарская районная ветеринарная станция» государственного учреждения «Управление ветеринарии Актюбинской области»', 'Ветеринарная станция/служба/сервис', datetime.date(2024, 8, 2), 'Мугалжарский район', 'Не вакцинирован', None]
[2024-08-02T14:24:50.892+0000] {sql.py:496} INFO - Rows affected: 1
[2024-08-02T14:24:50.896+0000] {base.py:84} INFO - Using connection ID 'postgresql_conn' for task execution.
[2024-08-02T14:24:50.899+0000] {sql.py:487} INFO - Running statement: 
        insert into test_animals (chip_id, type, nickname, gender, breed, passport_number, register_date, birthday, status, ownership, 
                                register_type, tagging_location, tagging_place, tagging_date, district_area, date_vaccination, date_sterilization_castration)
        values (%s, %s, %s, %s, %s, %s, %s, %s, %s, %s, %s, %s, %s, %s, %s, %s, %s)
        on conflict (passport_number) do nothing;
    , parameters: ['398010000451682', 'Собака', 'Добби', 'Male', 'Английский той-терьер (Манчестерский той терьер, Черноподпалый терьер)', 'KZD020824-0189829', datetime.datetime(2024, 8, 2, 15, 49, 45), datetime.date(2019, 4, 2), 'Активный', 'Владелец животного', 'Мечение животного', 'Аймухамбетов', 'Ветеринарная клиника', datetime.date(2024, 8, 2), 'Алматы р.а.', 'Не вакцинирован', None]
[2024-08-02T14:24:50.900+0000] {sql.py:496} INFO - Rows affected: 1
[2024-08-02T14:24:50.904+0000] {base.py:84} INFO - Using connection ID 'postgresql_conn' for task execution.
[2024-08-02T14:24:50.908+0000] {sql.py:487} INFO - Running statement: 
        insert into test_animals (chip_id, type, nickname, gender, breed, passport_number, register_date, birthday, status, ownership, 
                                register_type, tagging_location, tagging_place, tagging_date, district_area, date_vaccination, date_sterilization_castration)
        values (%s, %s, %s, %s, %s, %s, %s, %s, %s, %s, %s, %s, %s, %s, %s, %s, %s)
        on conflict (passport_number) do nothing;
    , parameters: ['398020000154549', 'Кошка', 'Муська', 'Female', 'Беспородная', 'KZC020824-0080778', datetime.datetime(2024, 8, 2, 15, 37, 13), datetime.date(2021, 9, 8), 'Черновик', 'Владелец животного', 'Мечение животного', 'Коммунальное государственное предприятие «Ветеринарная станция Алтынсаринского района» Управления ветеринарии акимата Костанайской области', 'Ветеринарная станция/служба/сервис', datetime.date(2024, 8, 2), 'Алтынсаринский район', 'Не вакцинирован', None]
[2024-08-02T14:24:50.909+0000] {sql.py:496} INFO - Rows affected: 1
[2024-08-02T14:24:50.910+0000] {python.py:237} INFO - Done. Returned value was: None
[2024-08-02T14:24:50.910+0000] {taskinstance.py:441} INFO - ::group::Post task execution logs
[2024-08-02T14:24:50.918+0000] {taskinstance.py:1206} INFO - Marking task as SUCCESS. dag_id=kezekte_etl, task_id=raw_data_to_psdb, run_id=manual__2024-08-02T14:24:41.881979+00:00, execution_date=20240802T142441, start_date=20240802T142450, end_date=20240802T142450
[2024-08-02T14:24:50.954+0000] {local_task_job_runner.py:240} INFO - Task exited with return code 0
[2024-08-02T14:24:50.966+0000] {taskinstance.py:3503} INFO - 0 downstream tasks scheduled from follow-on schedule check
[2024-08-02T14:24:50.967+0000] {local_task_job_runner.py:222} INFO - ::endgroup::
