[2024-07-30T17:13:02.684+0000] {local_task_job_runner.py:120} INFO - ::group::Pre task execution logs
[2024-07-30T17:13:02.692+0000] {taskinstance.py:2076} INFO - Dependencies all met for dep_context=non-requeueable deps ti=<TaskInstance: kezekte_etl.create_table manual__2024-07-30T17:12:56.742637+00:00 [queued]>
[2024-07-30T17:13:02.696+0000] {taskinstance.py:2076} INFO - Dependencies all met for dep_context=requeueable deps ti=<TaskInstance: kezekte_etl.create_table manual__2024-07-30T17:12:56.742637+00:00 [queued]>
[2024-07-30T17:13:02.696+0000] {taskinstance.py:2306} INFO - Starting attempt 1 of 1
[2024-07-30T17:13:02.701+0000] {taskinstance.py:2330} INFO - Executing <Task(SQLExecuteQueryOperator): create_table> on 2024-07-30 17:12:56.742637+00:00
[2024-07-30T17:13:02.706+0000] {warnings.py:112} WARNING - /home/***/.local/lib/python3.12/site-packages/***/task/task_runner/standard_task_runner.py:61: DeprecationWarning: This process (pid=1479) is multi-threaded, use of fork() may lead to deadlocks in the child.
  pid = os.fork()

[2024-07-30T17:13:02.707+0000] {standard_task_runner.py:63} INFO - Started process 1481 to run task
[2024-07-30T17:13:02.707+0000] {standard_task_runner.py:90} INFO - Running: ['***', 'tasks', 'run', 'kezekte_etl', 'create_table', 'manual__2024-07-30T17:12:56.742637+00:00', '--job-id', '70', '--raw', '--subdir', 'DAGS_FOLDER/kezekte_etl.py', '--cfg-path', '/tmp/tmp3yk8z00a']
[2024-07-30T17:13:02.708+0000] {standard_task_runner.py:91} INFO - Job 70: Subtask create_table
[2024-07-30T17:13:02.732+0000] {task_command.py:426} INFO - Running <TaskInstance: kezekte_etl.create_table manual__2024-07-30T17:12:56.742637+00:00 [running]> on host d6d2ff1599d5
[2024-07-30T17:13:02.769+0000] {taskinstance.py:2648} INFO - Exporting env vars: AIRFLOW_CTX_DAG_OWNER='***' AIRFLOW_CTX_DAG_ID='kezekte_etl' AIRFLOW_CTX_TASK_ID='create_table' AIRFLOW_CTX_EXECUTION_DATE='2024-07-30T17:12:56.742637+00:00' AIRFLOW_CTX_TRY_NUMBER='1' AIRFLOW_CTX_DAG_RUN_ID='manual__2024-07-30T17:12:56.742637+00:00'
[2024-07-30T17:13:02.770+0000] {taskinstance.py:430} INFO - ::endgroup::
[2024-07-30T17:13:02.781+0000] {sql.py:276} INFO - Executing: 
            create table if not exists raw_animals (
                chip_id varchar(255) PRIMARY KEY,
                type varchar(255),
                nickname varchar(255),
                gender varchar(255),
                breed varchar(255),
                passport_number varchar(255),
                register_date timestamp,
                birthday date,
                status varchar(255),
                ownership varchar(255),
                register_type varchar(255),
                tagging_location varchar(255),
                tagging_place varchar(255),
                tagging_date date,
                district_area varchar(255),
                date_vaccination date,
                date_sterilization_castration date
            )
        
[2024-07-30T17:13:02.790+0000] {base.py:84} INFO - Using connection ID 'postgresql_conn' for task execution.
[2024-07-30T17:13:02.795+0000] {base.py:84} INFO - Using connection ID 'postgresql_conn' for task execution.
[2024-07-30T17:13:02.799+0000] {sql.py:487} INFO - Running statement: 
            create table if not exists raw_animals (
                chip_id varchar(255) PRIMARY KEY,
                type varchar(255),
                nickname varchar(255),
                gender varchar(255),
                breed varchar(255),
                passport_number varchar(255),
                register_date timestamp,
                birthday date,
                status varchar(255),
                ownership varchar(255),
                register_type varchar(255),
                tagging_location varchar(255),
                tagging_place varchar(255),
                tagging_date date,
                district_area varchar(255),
                date_vaccination date,
                date_sterilization_castration date
            )
        , parameters: None
[2024-07-30T17:13:02.807+0000] {taskinstance.py:441} INFO - ::group::Post task execution logs
[2024-07-30T17:13:02.812+0000] {taskinstance.py:1206} INFO - Marking task as SUCCESS. dag_id=kezekte_etl, task_id=create_table, run_id=manual__2024-07-30T17:12:56.742637+00:00, execution_date=20240730T171256, start_date=20240730T171302, end_date=20240730T171302
[2024-07-30T17:13:02.846+0000] {local_task_job_runner.py:240} INFO - Task exited with return code 0
[2024-07-30T17:13:02.857+0000] {taskinstance.py:3503} INFO - 1 downstream tasks scheduled from follow-on schedule check
[2024-07-30T17:13:02.858+0000] {local_task_job_runner.py:222} INFO - ::endgroup::
