[2024-07-30T15:00:08.692+0000] {local_task_job_runner.py:120} INFO - ::group::Pre task execution logs
[2024-07-30T15:00:08.700+0000] {taskinstance.py:2076} INFO - Dependencies all met for dep_context=non-requeueable deps ti=<TaskInstance: kezekte_etl.page_scrap manual__2024-07-30T15:00:05.999337+00:00 [queued]>
[2024-07-30T15:00:08.703+0000] {taskinstance.py:2076} INFO - Dependencies all met for dep_context=requeueable deps ti=<TaskInstance: kezekte_etl.page_scrap manual__2024-07-30T15:00:05.999337+00:00 [queued]>
[2024-07-30T15:00:08.703+0000] {taskinstance.py:2306} INFO - Starting attempt 1 of 1
[2024-07-30T15:00:08.709+0000] {taskinstance.py:2330} INFO - Executing <Task(PythonOperator): page_scrap> on 2024-07-30 15:00:05.999337+00:00
[2024-07-30T15:00:08.713+0000] {warnings.py:112} WARNING - /home/***/.local/lib/python3.12/site-packages/***/task/task_runner/standard_task_runner.py:61: DeprecationWarning: This process (pid=240) is multi-threaded, use of fork() may lead to deadlocks in the child.
  pid = os.fork()

[2024-07-30T15:00:08.715+0000] {standard_task_runner.py:90} INFO - Running: ['***', 'tasks', 'run', 'kezekte_etl', 'page_scrap', 'manual__2024-07-30T15:00:05.999337+00:00', '--job-id', '35', '--raw', '--subdir', 'DAGS_FOLDER/kezekte_etl.py', '--cfg-path', '/tmp/tmp03ckvurh']
[2024-07-30T15:00:08.716+0000] {standard_task_runner.py:63} INFO - Started process 243 to run task
[2024-07-30T15:00:08.716+0000] {standard_task_runner.py:91} INFO - Job 35: Subtask page_scrap
[2024-07-30T15:00:08.741+0000] {task_command.py:426} INFO - Running <TaskInstance: kezekte_etl.page_scrap manual__2024-07-30T15:00:05.999337+00:00 [running]> on host d6d2ff1599d5
[2024-07-30T15:00:08.784+0000] {taskinstance.py:2648} INFO - Exporting env vars: AIRFLOW_CTX_DAG_OWNER='***' AIRFLOW_CTX_DAG_ID='kezekte_etl' AIRFLOW_CTX_TASK_ID='page_scrap' AIRFLOW_CTX_EXECUTION_DATE='2024-07-30T15:00:05.999337+00:00' AIRFLOW_CTX_TRY_NUMBER='1' AIRFLOW_CTX_DAG_RUN_ID='manual__2024-07-30T15:00:05.999337+00:00'
[2024-07-30T15:00:08.785+0000] {taskinstance.py:430} INFO - ::endgroup::
[2024-07-30T15:00:09.037+0000] {warnings.py:112} WARNING - /home/***/.local/lib/python3.12/site-packages/urllib3/connectionpool.py:1103: InsecureRequestWarning: Unverified HTTPS request is being made to host 'tanba.kezekte.kz'. Adding certificate verification is strongly advised. See: https://urllib3.readthedocs.io/en/latest/advanced-usage.html#tls-warnings
  warnings.warn(

[2024-07-30T15:00:09.661+0000] {python.py:237} INFO - Done. Returned value was: ('398010000259906', 'Собака')
[2024-07-30T15:00:09.664+0000] {taskinstance.py:441} INFO - ::group::Post task execution logs
[2024-07-30T15:00:09.680+0000] {taskinstance.py:1206} INFO - Marking task as SUCCESS. dag_id=kezekte_etl, task_id=page_scrap, run_id=manual__2024-07-30T15:00:05.999337+00:00, execution_date=20240730T150005, start_date=20240730T150008, end_date=20240730T150009
[2024-07-30T15:00:09.722+0000] {local_task_job_runner.py:240} INFO - Task exited with return code 0
[2024-07-30T15:00:09.752+0000] {taskinstance.py:3503} INFO - 0 downstream tasks scheduled from follow-on schedule check
[2024-07-30T15:00:09.752+0000] {local_task_job_runner.py:222} INFO - ::endgroup::
