[2024-08-01T16:30:51.960+0000] {local_task_job_runner.py:120} INFO - ::group::Pre task execution logs
[2024-08-01T16:30:51.968+0000] {taskinstance.py:2076} INFO - Dependencies all met for dep_context=non-requeueable deps ti=<TaskInstance: kezekte_etl.transform_data manual__2024-08-01T16:30:47.884068+00:00 [queued]>
[2024-08-01T16:30:51.971+0000] {taskinstance.py:2076} INFO - Dependencies all met for dep_context=requeueable deps ti=<TaskInstance: kezekte_etl.transform_data manual__2024-08-01T16:30:47.884068+00:00 [queued]>
[2024-08-01T16:30:51.971+0000] {taskinstance.py:2306} INFO - Starting attempt 1 of 1
[2024-08-01T16:30:51.977+0000] {taskinstance.py:2330} INFO - Executing <Task(PythonOperator): transform_data> on 2024-08-01 16:30:47.884068+00:00
[2024-08-01T16:30:51.979+0000] {warnings.py:112} WARNING - /home/***/.local/lib/python3.12/site-packages/***/task/task_runner/standard_task_runner.py:61: DeprecationWarning: This process (pid=292) is multi-threaded, use of fork() may lead to deadlocks in the child.
  pid = os.fork()

[2024-08-01T16:30:51.980+0000] {standard_task_runner.py:90} INFO - Running: ['***', 'tasks', 'run', 'kezekte_etl', 'transform_data', 'manual__2024-08-01T16:30:47.884068+00:00', '--job-id', '135', '--raw', '--subdir', 'DAGS_FOLDER/kezekte_etl.py', '--cfg-path', '/tmp/tmp_ck14l0v']
[2024-08-01T16:30:51.982+0000] {standard_task_runner.py:63} INFO - Started process 294 to run task
[2024-08-01T16:30:51.982+0000] {standard_task_runner.py:91} INFO - Job 135: Subtask transform_data
[2024-08-01T16:30:51.997+0000] {task_command.py:426} INFO - Running <TaskInstance: kezekte_etl.transform_data manual__2024-08-01T16:30:47.884068+00:00 [running]> on host cd4398d9193e
[2024-08-01T16:30:52.026+0000] {taskinstance.py:2648} INFO - Exporting env vars: AIRFLOW_CTX_DAG_OWNER='***' AIRFLOW_CTX_DAG_ID='kezekte_etl' AIRFLOW_CTX_TASK_ID='transform_data' AIRFLOW_CTX_EXECUTION_DATE='2024-08-01T16:30:47.884068+00:00' AIRFLOW_CTX_TRY_NUMBER='1' AIRFLOW_CTX_DAG_RUN_ID='manual__2024-08-01T16:30:47.884068+00:00'
[2024-08-01T16:30:52.027+0000] {taskinstance.py:430} INFO - ::endgroup::
[2024-08-01T16:30:52.040+0000] {base.py:84} INFO - Using connection ID 'postgresql_conn' for task execution.
[2024-08-01T16:30:52.041+0000] {sql.py:487} INFO - Running statement: 
            insert into raw_animals (chip_id, type, nickname, gender, breed, passport_number, register_date, birthday, status, ownership, 
                                    register_type, tagging_location, tagging_place, tagging_date, district_area, date_vaccination, date_sterilization_castration)
            values (%s, %s, %s, %s, %s, %s, %s, %s, %s, %s, %s, %s, %s, %s, %s, %s, %s)
            on conflict (passport_number) do nothing;
        , parameters: ('398010000240641', 'Собака', '-', 'Female', 'Беспородная', 'KZD300724-0189732', '01.08.2024 21:29:11', '20.05.2024', 'На передаче', 'Бродячее', 'Мечение животного', 'ИП Терентенко Д.М.', 'Ветеринарная клиника', '30.07.2024', 'Сарыарка р.а.', 'Не вакцинирован', 'Не стерилизован/кастрирован')
[2024-08-01T16:30:52.042+0000] {sql.py:496} INFO - Rows affected: 1
[2024-08-01T16:30:52.045+0000] {base.py:84} INFO - Using connection ID 'postgresql_conn' for task execution.
[2024-08-01T16:30:52.046+0000] {sql.py:487} INFO - Running statement: 
            insert into raw_animals (chip_id, type, nickname, gender, breed, passport_number, register_date, birthday, status, ownership, 
                                    register_type, tagging_location, tagging_place, tagging_date, district_area, date_vaccination, date_sterilization_castration)
            values (%s, %s, %s, %s, %s, %s, %s, %s, %s, %s, %s, %s, %s, %s, %s, %s, %s)
            on conflict (passport_number) do nothing;
        , parameters: ('398010000240644', 'Собака', '-', 'Female', 'Беспородная', 'KZD300724-0189731', '01.08.2024 21:26:51', '20.05.2024', 'На передаче', 'Бродячее', 'Мечение животного', 'ИП Терентенко Д.М.', 'Ветеринарная клиника', '30.07.2024', 'Сарыарка р.а.', 'Не вакцинирован', 'Не стерилизован/кастрирован')
[2024-08-01T16:30:52.047+0000] {sql.py:496} INFO - Rows affected: 1
[2024-08-01T16:30:52.049+0000] {base.py:84} INFO - Using connection ID 'postgresql_conn' for task execution.
[2024-08-01T16:30:52.050+0000] {sql.py:487} INFO - Running statement: 
            insert into raw_animals (chip_id, type, nickname, gender, breed, passport_number, register_date, birthday, status, ownership, 
                                    register_type, tagging_location, tagging_place, tagging_date, district_area, date_vaccination, date_sterilization_castration)
            values (%s, %s, %s, %s, %s, %s, %s, %s, %s, %s, %s, %s, %s, %s, %s, %s, %s)
            on conflict (passport_number) do nothing;
        , parameters: ('398010000240631', 'Собака', '-', 'Male', 'Беспородная', 'KZD300724-0189730', '01.08.2024 21:24:32', '17.10.2022', 'На передаче', 'Бродячее', 'Мечение животного', 'ИП Терентенко Д.М.', 'Ветеринарная клиника', '30.07.2024', 'Сарыарка р.а.', 'Не вакцинирован', 'Не стерилизован/кастрирован')
[2024-08-01T16:30:52.051+0000] {sql.py:496} INFO - Rows affected: 1
[2024-08-01T16:30:52.053+0000] {base.py:84} INFO - Using connection ID 'postgresql_conn' for task execution.
[2024-08-01T16:30:52.054+0000] {sql.py:487} INFO - Running statement: 
            insert into raw_animals (chip_id, type, nickname, gender, breed, passport_number, register_date, birthday, status, ownership, 
                                    register_type, tagging_location, tagging_place, tagging_date, district_area, date_vaccination, date_sterilization_castration)
            values (%s, %s, %s, %s, %s, %s, %s, %s, %s, %s, %s, %s, %s, %s, %s, %s, %s)
            on conflict (passport_number) do nothing;
        , parameters: ('398010000240638', 'Собака', '-', 'Male', 'Беспородная', 'KZD300724-0189729', '01.08.2024 21:22:06', '17.08.2022', 'На передаче', 'Бродячее', 'Мечение животного', 'ИП Терентенко Д.М.', 'Ветеринарная клиника', '30.07.2024', 'Сарыарка р.а.', 'Не вакцинирован', 'Не стерилизован/кастрирован')
[2024-08-01T16:30:52.054+0000] {sql.py:496} INFO - Rows affected: 1
[2024-08-01T16:30:52.056+0000] {base.py:84} INFO - Using connection ID 'postgresql_conn' for task execution.
[2024-08-01T16:30:52.057+0000] {sql.py:487} INFO - Running statement: 
            insert into raw_animals (chip_id, type, nickname, gender, breed, passport_number, register_date, birthday, status, ownership, 
                                    register_type, tagging_location, tagging_place, tagging_date, district_area, date_vaccination, date_sterilization_castration)
            values (%s, %s, %s, %s, %s, %s, %s, %s, %s, %s, %s, %s, %s, %s, %s, %s, %s)
            on conflict (passport_number) do nothing;
        , parameters: ('398010000259435', 'Собака', '9435', 'Male', 'Беспородная', 'KZD310724-0189728', '01.08.2024 20:50:15', '14.12.2023', 'Активный', 'Безнадзорное', 'Мечение животного', 'Общественное объединение "Надежда плюс kst"', 'Реабилитационный центр для животных', '31.07.2024', 'Костанай г.а.', 'Не вакцинирован', 'Не стерилизован/кастрирован')
[2024-08-01T16:30:52.057+0000] {sql.py:496} INFO - Rows affected: 0
[2024-08-01T16:30:52.059+0000] {base.py:84} INFO - Using connection ID 'postgresql_conn' for task execution.
[2024-08-01T16:30:52.060+0000] {sql.py:487} INFO - Running statement: 
            insert into raw_animals (chip_id, type, nickname, gender, breed, passport_number, register_date, birthday, status, ownership, 
                                    register_type, tagging_location, tagging_place, tagging_date, district_area, date_vaccination, date_sterilization_castration)
            values (%s, %s, %s, %s, %s, %s, %s, %s, %s, %s, %s, %s, %s, %s, %s, %s, %s)
            on conflict (passport_number) do nothing;
        , parameters: ('398010000259433', 'Собака', '9433', 'Female', 'Беспородная', 'KZD300724-0189727', '01.08.2024 20:46:01', '06.03.2024', 'Активный', 'Безнадзорное', 'Мечение животного', 'Общественное объединение "Надежда плюс kst"', 'Реабилитационный центр для животных', '30.07.2024', 'Костанай г.а.', 'Не вакцинирован', 'Не стерилизован/кастрирован')
[2024-08-01T16:30:52.061+0000] {sql.py:496} INFO - Rows affected: 0
[2024-08-01T16:30:52.063+0000] {base.py:84} INFO - Using connection ID 'postgresql_conn' for task execution.
[2024-08-01T16:30:52.064+0000] {sql.py:487} INFO - Running statement: 
            insert into raw_animals (chip_id, type, nickname, gender, breed, passport_number, register_date, birthday, status, ownership, 
                                    register_type, tagging_location, tagging_place, tagging_date, district_area, date_vaccination, date_sterilization_castration)
            values (%s, %s, %s, %s, %s, %s, %s, %s, %s, %s, %s, %s, %s, %s, %s, %s, %s)
            on conflict (passport_number) do nothing;
        , parameters: ('398010000259430', 'Собака', '9430', 'Female', 'Беспородная', 'KZD310724-0189726', '01.08.2024 20:41:50', '06.03.2024', 'Активный', 'Безнадзорное', 'Мечение животного', 'Общественное объединение "Надежда плюс kst"', 'Реабилитационный центр для животных', '31.07.2024', 'Костанай г.а.', 'Не вакцинирован', 'Не стерилизован/кастрирован')
[2024-08-01T16:30:52.064+0000] {sql.py:496} INFO - Rows affected: 0
[2024-08-01T16:30:52.066+0000] {base.py:84} INFO - Using connection ID 'postgresql_conn' for task execution.
[2024-08-01T16:30:52.067+0000] {sql.py:487} INFO - Running statement: 
            insert into raw_animals (chip_id, type, nickname, gender, breed, passport_number, register_date, birthday, status, ownership, 
                                    register_type, tagging_location, tagging_place, tagging_date, district_area, date_vaccination, date_sterilization_castration)
            values (%s, %s, %s, %s, %s, %s, %s, %s, %s, %s, %s, %s, %s, %s, %s, %s, %s)
            on conflict (passport_number) do nothing;
        , parameters: ('398010000259294', 'Собака', '9294', 'Female', 'Беспородная', 'KZD300724-0189725', '01.08.2024 20:36:51', '22.02.2024', 'Активный', 'Безнадзорное', 'Мечение животного', 'Общественное объединение "Надежда плюс kst"', 'Реабилитационный центр для животных', '30.07.2024', 'Костанай г.а.', 'Не вакцинирован', 'Не стерилизован/кастрирован')
[2024-08-01T16:30:52.068+0000] {sql.py:496} INFO - Rows affected: 0
[2024-08-01T16:30:52.070+0000] {base.py:84} INFO - Using connection ID 'postgresql_conn' for task execution.
[2024-08-01T16:30:52.071+0000] {sql.py:487} INFO - Running statement: 
            insert into raw_animals (chip_id, type, nickname, gender, breed, passport_number, register_date, birthday, status, ownership, 
                                    register_type, tagging_location, tagging_place, tagging_date, district_area, date_vaccination, date_sterilization_castration)
            values (%s, %s, %s, %s, %s, %s, %s, %s, %s, %s, %s, %s, %s, %s, %s, %s, %s)
            on conflict (passport_number) do nothing;
        , parameters: ('398010000259298', 'Собака', '9298', 'Female', 'Беспородная', 'KZD300724-0189724', '01.08.2024 20:32:10', '09.09.2023', 'Активный', 'Безнадзорное', 'Мечение животного', 'Общественное объединение "Надежда плюс kst"', 'Реабилитационный центр для животных', '30.07.2024', 'Костанай г.а.', 'Не вакцинирован', 'Не стерилизован/кастрирован')
[2024-08-01T16:30:52.072+0000] {sql.py:496} INFO - Rows affected: 0
[2024-08-01T16:30:52.074+0000] {base.py:84} INFO - Using connection ID 'postgresql_conn' for task execution.
[2024-08-01T16:30:52.075+0000] {sql.py:487} INFO - Running statement: 
            insert into raw_animals (chip_id, type, nickname, gender, breed, passport_number, register_date, birthday, status, ownership, 
                                    register_type, tagging_location, tagging_place, tagging_date, district_area, date_vaccination, date_sterilization_castration)
            values (%s, %s, %s, %s, %s, %s, %s, %s, %s, %s, %s, %s, %s, %s, %s, %s, %s)
            on conflict (passport_number) do nothing;
        , parameters: ('398010000259308', 'Собака', '9308', 'Female', 'Беспородная', 'KZD300724-0189723', '01.08.2024 20:18:09', '02.05.2023', 'Активный', 'Безнадзорное', 'Мечение животного', 'Общественное объединение "Надежда плюс kst"', 'Реабилитационный центр для животных', '30.07.2024', 'Костанай г.а.', 'Не вакцинирован', 'Не стерилизован/кастрирован')
[2024-08-01T16:30:52.076+0000] {sql.py:496} INFO - Rows affected: 0
[2024-08-01T16:30:52.078+0000] {base.py:84} INFO - Using connection ID 'postgresql_conn' for task execution.
[2024-08-01T16:30:52.079+0000] {sql.py:487} INFO - Running statement: 
            insert into raw_animals (chip_id, type, nickname, gender, breed, passport_number, register_date, birthday, status, ownership, 
                                    register_type, tagging_location, tagging_place, tagging_date, district_area, date_vaccination, date_sterilization_castration)
            values (%s, %s, %s, %s, %s, %s, %s, %s, %s, %s, %s, %s, %s, %s, %s, %s, %s)
            on conflict (passport_number) do nothing;
        , parameters: ('398010000291250', 'Собака', 'Цербер', 'Male', 'Беспородная', 'KZD010824-0189722', '01.08.2024 20:16:13', '01.12.2020', 'Активный', 'Владелец животного', 'Мечение животного', 'TOO "Вита-Фауна"', 'Ветеринарная клиника', '01.08.2024', 'Рудный г.а.', 'Не вакцинирован', '07.10.2021')
[2024-08-01T16:30:52.080+0000] {sql.py:496} INFO - Rows affected: 0
[2024-08-01T16:30:52.082+0000] {base.py:84} INFO - Using connection ID 'postgresql_conn' for task execution.
[2024-08-01T16:30:52.083+0000] {sql.py:487} INFO - Running statement: 
            insert into raw_animals (chip_id, type, nickname, gender, breed, passport_number, register_date, birthday, status, ownership, 
                                    register_type, tagging_location, tagging_place, tagging_date, district_area, date_vaccination, date_sterilization_castration)
            values (%s, %s, %s, %s, %s, %s, %s, %s, %s, %s, %s, %s, %s, %s, %s, %s, %s)
            on conflict (passport_number) do nothing;
        , parameters: ('398010000259296', 'Собака', '9296', 'Female', 'Беспородная', 'KZD310724-0189721', '01.08.2024 20:13:34', '01.07.2023', 'Активный', 'Безнадзорное', 'Мечение животного', 'Общественное объединение "Надежда плюс kst"', 'Реабилитационный центр для животных', '31.07.2024', 'Костанай г.а.', 'Не вакцинирован', 'Не стерилизован/кастрирован')
[2024-08-01T16:30:52.083+0000] {sql.py:496} INFO - Rows affected: 0
[2024-08-01T16:30:52.086+0000] {base.py:84} INFO - Using connection ID 'postgresql_conn' for task execution.
[2024-08-01T16:30:52.087+0000] {sql.py:487} INFO - Running statement: 
            insert into raw_animals (chip_id, type, nickname, gender, breed, passport_number, register_date, birthday, status, ownership, 
                                    register_type, tagging_location, tagging_place, tagging_date, district_area, date_vaccination, date_sterilization_castration)
            values (%s, %s, %s, %s, %s, %s, %s, %s, %s, %s, %s, %s, %s, %s, %s, %s, %s)
            on conflict (passport_number) do nothing;
        , parameters: ('398020000122260', 'Кошка', 'Марс', 'Male', 'Беспородная', 'KZC010824-0080757', '01.08.2024 20:07:58', '01.03.2021', 'Активный', 'Владелец животного', 'Мечение животного', 'TOO "Вита-Фауна"', 'Ветеринарная клиника', '01.08.2024', 'Рудный г.а.', 'Не вакцинирован', '13.02.2023')
[2024-08-01T16:30:52.087+0000] {sql.py:496} INFO - Rows affected: 0
[2024-08-01T16:30:52.089+0000] {base.py:84} INFO - Using connection ID 'postgresql_conn' for task execution.
[2024-08-01T16:30:52.090+0000] {sql.py:487} INFO - Running statement: 
            insert into raw_animals (chip_id, type, nickname, gender, breed, passport_number, register_date, birthday, status, ownership, 
                                    register_type, tagging_location, tagging_place, tagging_date, district_area, date_vaccination, date_sterilization_castration)
            values (%s, %s, %s, %s, %s, %s, %s, %s, %s, %s, %s, %s, %s, %s, %s, %s, %s)
            on conflict (passport_number) do nothing;
        , parameters: ('398020000085002', 'Кошка', '5002', 'Female', 'Беспородная', 'KZC300724-0080756', '01.08.2024 20:07:48', '07.11.2023', 'Активный', 'Безнадзорное', 'Мечение животного', 'Общественное объединение "Надежда плюс kst"', 'Реабилитационный центр для животных', '30.07.2024', 'Костанай г.а.', 'Не вакцинирован', 'Не стерилизован/кастрирован')
[2024-08-01T16:30:52.091+0000] {sql.py:496} INFO - Rows affected: 0
[2024-08-01T16:30:52.093+0000] {base.py:84} INFO - Using connection ID 'postgresql_conn' for task execution.
[2024-08-01T16:30:52.094+0000] {sql.py:487} INFO - Running statement: 
            insert into raw_animals (chip_id, type, nickname, gender, breed, passport_number, register_date, birthday, status, ownership, 
                                    register_type, tagging_location, tagging_place, tagging_date, district_area, date_vaccination, date_sterilization_castration)
            values (%s, %s, %s, %s, %s, %s, %s, %s, %s, %s, %s, %s, %s, %s, %s, %s, %s)
            on conflict (passport_number) do nothing;
        , parameters: ('398010000259307', 'Собака', '9307', 'Male', 'Беспородная', 'KZD300724-0189720', '01.08.2024 20:02:29', '09.08.2023', 'Активный', 'Безнадзорное', 'Мечение животного', 'Общественное объединение "Надежда плюс kst"', 'Реабилитационный центр для животных', '30.07.2024', 'Костанай г.а.', 'Не вакцинирован', 'Не стерилизован/кастрирован')
[2024-08-01T16:30:52.094+0000] {sql.py:496} INFO - Rows affected: 0
[2024-08-01T16:30:52.095+0000] {python.py:237} INFO - Done. Returned value was: None
[2024-08-01T16:30:52.095+0000] {taskinstance.py:441} INFO - ::group::Post task execution logs
[2024-08-01T16:30:52.098+0000] {taskinstance.py:1206} INFO - Marking task as SUCCESS. dag_id=kezekte_etl, task_id=transform_data, run_id=manual__2024-08-01T16:30:47.884068+00:00, execution_date=20240801T163047, start_date=20240801T163051, end_date=20240801T163052
[2024-08-01T16:30:52.123+0000] {local_task_job_runner.py:240} INFO - Task exited with return code 0
[2024-08-01T16:30:52.129+0000] {taskinstance.py:3503} INFO - 0 downstream tasks scheduled from follow-on schedule check
[2024-08-01T16:30:52.130+0000] {local_task_job_runner.py:222} INFO - ::endgroup::
