[2024-08-02T11:13:14.236+0000] {local_task_job_runner.py:120} INFO - ::group::Pre task execution logs
[2024-08-02T11:13:14.244+0000] {taskinstance.py:2076} INFO - Dependencies all met for dep_context=non-requeueable deps ti=<TaskInstance: kezekte_etl.transform_data manual__2024-08-02T11:13:10.078234+00:00 [queued]>
[2024-08-02T11:13:14.246+0000] {taskinstance.py:2076} INFO - Dependencies all met for dep_context=requeueable deps ti=<TaskInstance: kezekte_etl.transform_data manual__2024-08-02T11:13:10.078234+00:00 [queued]>
[2024-08-02T11:13:14.247+0000] {taskinstance.py:2306} INFO - Starting attempt 1 of 1
[2024-08-02T11:13:14.253+0000] {taskinstance.py:2330} INFO - Executing <Task(PythonOperator): transform_data> on 2024-08-02 11:13:10.078234+00:00
[2024-08-02T11:13:14.255+0000] {warnings.py:112} WARNING - /home/***/.local/lib/python3.12/site-packages/***/task/task_runner/standard_task_runner.py:61: DeprecationWarning: This process (pid=178) is multi-threaded, use of fork() may lead to deadlocks in the child.
  pid = os.fork()

[2024-08-02T11:13:14.256+0000] {standard_task_runner.py:63} INFO - Started process 180 to run task
[2024-08-02T11:13:14.256+0000] {standard_task_runner.py:90} INFO - Running: ['***', 'tasks', 'run', 'kezekte_etl', 'transform_data', 'manual__2024-08-02T11:13:10.078234+00:00', '--job-id', '144', '--raw', '--subdir', 'DAGS_FOLDER/kezekte_etl.py', '--cfg-path', '/tmp/tmp3trgsv21']
[2024-08-02T11:13:14.257+0000] {standard_task_runner.py:91} INFO - Job 144: Subtask transform_data
[2024-08-02T11:13:14.273+0000] {task_command.py:426} INFO - Running <TaskInstance: kezekte_etl.transform_data manual__2024-08-02T11:13:10.078234+00:00 [running]> on host cd4398d9193e
[2024-08-02T11:13:14.302+0000] {taskinstance.py:2648} INFO - Exporting env vars: AIRFLOW_CTX_DAG_OWNER='***' AIRFLOW_CTX_DAG_ID='kezekte_etl' AIRFLOW_CTX_TASK_ID='transform_data' AIRFLOW_CTX_EXECUTION_DATE='2024-08-02T11:13:10.078234+00:00' AIRFLOW_CTX_TRY_NUMBER='1' AIRFLOW_CTX_DAG_RUN_ID='manual__2024-08-02T11:13:10.078234+00:00'
[2024-08-02T11:13:14.302+0000] {taskinstance.py:430} INFO - ::endgroup::
[2024-08-02T11:13:14.315+0000] {base.py:84} INFO - Using connection ID 'postgresql_conn' for task execution.
[2024-08-02T11:13:14.316+0000] {sql.py:487} INFO - Running statement: 
            insert into raw_animals (chip_id, type, nickname, gender, breed, passport_number, register_date, birthday, status, ownership, 
                                    register_type, tagging_location, tagging_place, tagging_date, district_area, date_vaccination, date_sterilization_castration)
            values (%s, %s, %s, %s, %s, %s, %s, %s, %s, %s, %s, %s, %s, %s, %s, %s, %s)
            on conflict (passport_number) do nothing;
        , parameters: ('398010000266026', 'Собака', 'Рыжик', 'Male', 'Беспородная', 'KZD020824-0189830', datetime.datetime(2024, 8, 2, 16, 12, 50), datetime.date(2020, 6, 11), 'Черновик', 'Владелец животного', 'Мечение животного', 'КГП на ПХВ «Мугалжарская районная ветеринарная станция» государственного учреждения «Управление ветеринарии Актюбинской области»', 'Ветеринарная станция/служба/сервис', datetime.date(2024, 8, 2), 'Мугалжарский район', 'Не вакцинирован', 'Не стерилизован/кастрирован')
[2024-08-02T11:13:14.317+0000] {sql.py:496} INFO - Rows affected: 1
[2024-08-02T11:13:14.319+0000] {base.py:84} INFO - Using connection ID 'postgresql_conn' for task execution.
[2024-08-02T11:13:14.320+0000] {sql.py:487} INFO - Running statement: 
            insert into raw_animals (chip_id, type, nickname, gender, breed, passport_number, register_date, birthday, status, ownership, 
                                    register_type, tagging_location, tagging_place, tagging_date, district_area, date_vaccination, date_sterilization_castration)
            values (%s, %s, %s, %s, %s, %s, %s, %s, %s, %s, %s, %s, %s, %s, %s, %s, %s)
            on conflict (passport_number) do nothing;
        , parameters: ('398010000451682', 'Собака', 'Добби', 'Male', 'Английский той-терьер (Манчестерский той терьер, Черноподпалый терьер)', 'KZD020824-0189829', datetime.datetime(2024, 8, 2, 15, 49, 45), datetime.date(2019, 4, 2), 'Активный', 'Владелец животного', 'Мечение животного', 'Аймухамбетов', 'Ветеринарная клиника', datetime.date(2024, 8, 2), 'Алматы р.а.', 'Не вакцинирован', 'Не стерилизован/кастрирован')
[2024-08-02T11:13:14.321+0000] {sql.py:496} INFO - Rows affected: 1
[2024-08-02T11:13:14.323+0000] {base.py:84} INFO - Using connection ID 'postgresql_conn' for task execution.
[2024-08-02T11:13:14.324+0000] {sql.py:487} INFO - Running statement: 
            insert into raw_animals (chip_id, type, nickname, gender, breed, passport_number, register_date, birthday, status, ownership, 
                                    register_type, tagging_location, tagging_place, tagging_date, district_area, date_vaccination, date_sterilization_castration)
            values (%s, %s, %s, %s, %s, %s, %s, %s, %s, %s, %s, %s, %s, %s, %s, %s, %s)
            on conflict (passport_number) do nothing;
        , parameters: ('398020000154549', 'Кошка', 'муська', 'Female', 'Беспородная', 'KZC020824-0080778', datetime.datetime(2024, 8, 2, 15, 37, 13), datetime.date(2021, 9, 8), 'Черновик', 'Владелец животного', 'Мечение животного', 'Коммунальное государственное предприятие «Ветеринарная станция Алтынсаринского района» Управления ветеринарии акимата Костанайской области', 'Ветеринарная станция/служба/сервис', datetime.date(2024, 8, 2), 'Алтынсаринский район', 'Не вакцинирован', 'Не стерилизован/кастрирован')
[2024-08-02T11:13:14.324+0000] {sql.py:496} INFO - Rows affected: 1
[2024-08-02T11:13:14.327+0000] {base.py:84} INFO - Using connection ID 'postgresql_conn' for task execution.
[2024-08-02T11:13:14.328+0000] {sql.py:487} INFO - Running statement: 
            insert into raw_animals (chip_id, type, nickname, gender, breed, passport_number, register_date, birthday, status, ownership, 
                                    register_type, tagging_location, tagging_place, tagging_date, district_area, date_vaccination, date_sterilization_castration)
            values (%s, %s, %s, %s, %s, %s, %s, %s, %s, %s, %s, %s, %s, %s, %s, %s, %s)
            on conflict (passport_number) do nothing;
        , parameters: ('398010000505562', 'Собака', 'тузик', 'Male', 'Беспородная', 'KZD020824-0189828', datetime.datetime(2024, 8, 2, 15, 35, 23), datetime.date(2024, 1, 2), 'Черновик', 'Владелец животного', 'Мечение животного', 'Коммунальное государственное предприятие «Ветеринарная станция Алтынсаринского района» Управления ветеринарии акимата Костанайской области', 'Ветеринарная станция/служба/сервис', datetime.date(2024, 8, 2), 'Алтынсаринский район', 'Не вакцинирован', 'Не стерилизован/кастрирован')
[2024-08-02T11:13:14.329+0000] {sql.py:496} INFO - Rows affected: 1
[2024-08-02T11:13:14.334+0000] {base.py:84} INFO - Using connection ID 'postgresql_conn' for task execution.
[2024-08-02T11:13:14.335+0000] {sql.py:487} INFO - Running statement: 
            insert into raw_animals (chip_id, type, nickname, gender, breed, passport_number, register_date, birthday, status, ownership, 
                                    register_type, tagging_location, tagging_place, tagging_date, district_area, date_vaccination, date_sterilization_castration)
            values (%s, %s, %s, %s, %s, %s, %s, %s, %s, %s, %s, %s, %s, %s, %s, %s, %s)
            on conflict (passport_number) do nothing;
        , parameters: ('398010000505563', 'Собака', 'Лайка', 'Male', 'Беспородная', 'KZD020824-0189827', datetime.datetime(2024, 8, 2, 15, 34, 29), datetime.date(2023, 11, 16), 'Черновик', 'Владелец животного', 'Мечение животного', 'Коммунальное государственное предприятие «Ветеринарная станция Алтынсаринского района» Управления ветеринарии акимата Костанайской области', 'Ветеринарная станция/служба/сервис', datetime.date(2024, 8, 2), 'Алтынсаринский район', 'Не вакцинирован', 'Не стерилизован/кастрирован')
[2024-08-02T11:13:14.336+0000] {sql.py:496} INFO - Rows affected: 1
[2024-08-02T11:13:14.338+0000] {base.py:84} INFO - Using connection ID 'postgresql_conn' for task execution.
[2024-08-02T11:13:14.340+0000] {sql.py:487} INFO - Running statement: 
            insert into raw_animals (chip_id, type, nickname, gender, breed, passport_number, register_date, birthday, status, ownership, 
                                    register_type, tagging_location, tagging_place, tagging_date, district_area, date_vaccination, date_sterilization_castration)
            values (%s, %s, %s, %s, %s, %s, %s, %s, %s, %s, %s, %s, %s, %s, %s, %s, %s)
            on conflict (passport_number) do nothing;
        , parameters: ('398010000552466', 'Собака', 'Максик', 'Male', 'Беспородная', 'KZD020824-0189826', datetime.datetime(2024, 8, 2, 15, 32, 40), datetime.date(2020, 6, 18), 'Черновик', 'Владелец животного', 'Мечение животного', 'КГП на ПХВ "Глубокое-Вет" управления сельского хозяйства Восточно-Казахстанской области', 'Пункт временного содержания животных', datetime.date(2024, 8, 2), 'Глубоковский район', 'Не вакцинирован', 'Не стерилизован/кастрирован')
[2024-08-02T11:13:14.340+0000] {sql.py:496} INFO - Rows affected: 1
[2024-08-02T11:13:14.343+0000] {base.py:84} INFO - Using connection ID 'postgresql_conn' for task execution.
[2024-08-02T11:13:14.344+0000] {sql.py:487} INFO - Running statement: 
            insert into raw_animals (chip_id, type, nickname, gender, breed, passport_number, register_date, birthday, status, ownership, 
                                    register_type, tagging_location, tagging_place, tagging_date, district_area, date_vaccination, date_sterilization_castration)
            values (%s, %s, %s, %s, %s, %s, %s, %s, %s, %s, %s, %s, %s, %s, %s, %s, %s)
            on conflict (passport_number) do nothing;
        , parameters: ('398010000552470', 'Собака', 'Джесси', 'Male', 'Беспородная', 'KZD020824-0189825', datetime.datetime(2024, 8, 2, 15, 30, 59), datetime.date(2019, 2, 6), 'Черновик', 'Владелец животного', 'Мечение животного', 'КГП на ПХВ "Глубокое-Вет" управления сельского хозяйства Восточно-Казахстанской области', 'Пункт временного содержания животных', datetime.date(2024, 8, 2), 'Глубоковский район', 'Не вакцинирован', 'Не стерилизован/кастрирован')
[2024-08-02T11:13:14.345+0000] {sql.py:496} INFO - Rows affected: 1
[2024-08-02T11:13:14.349+0000] {base.py:84} INFO - Using connection ID 'postgresql_conn' for task execution.
[2024-08-02T11:13:14.352+0000] {sql.py:487} INFO - Running statement: 
            insert into raw_animals (chip_id, type, nickname, gender, breed, passport_number, register_date, birthday, status, ownership, 
                                    register_type, tagging_location, tagging_place, tagging_date, district_area, date_vaccination, date_sterilization_castration)
            values (%s, %s, %s, %s, %s, %s, %s, %s, %s, %s, %s, %s, %s, %s, %s, %s, %s)
            on conflict (passport_number) do nothing;
        , parameters: ('398020000154548', 'Кошка', 'Феликс', 'Male', 'Беспородная', 'KZC020824-0080777', datetime.datetime(2024, 8, 2, 15, 28), datetime.date(2024, 5, 7), 'Активный', 'Владелец животного', 'Мечение животного', 'Коммунальное государственное предприятие «Ветеринарная станция Алтынсаринского района» Управления ветеринарии акимата Костанайской области', 'Ветеринарная станция/служба/сервис', datetime.date(2024, 8, 2), 'Алтынсаринский район', 'Не вакцинирован', 'Не стерилизован/кастрирован')
[2024-08-02T11:13:14.353+0000] {sql.py:496} INFO - Rows affected: 1
[2024-08-02T11:13:14.357+0000] {base.py:84} INFO - Using connection ID 'postgresql_conn' for task execution.
[2024-08-02T11:13:14.359+0000] {sql.py:487} INFO - Running statement: 
            insert into raw_animals (chip_id, type, nickname, gender, breed, passport_number, register_date, birthday, status, ownership, 
                                    register_type, tagging_location, tagging_place, tagging_date, district_area, date_vaccination, date_sterilization_castration)
            values (%s, %s, %s, %s, %s, %s, %s, %s, %s, %s, %s, %s, %s, %s, %s, %s, %s)
            on conflict (passport_number) do nothing;
        , parameters: ('398020000154553', 'Кошка', 'Рыжык', 'Male', 'Беспородная', 'KZC020824-0080776', datetime.datetime(2024, 8, 2, 15, 26, 52), datetime.date(2023, 11, 15), 'Активный', 'Владелец животного', 'Мечение животного', 'Коммунальное государственное предприятие «Ветеринарная станция Алтынсаринского района» Управления ветеринарии акимата Костанайской области', 'Ветеринарная станция/служба/сервис', datetime.date(2024, 8, 2), 'Алтынсаринский район', 'Не вакцинирован', 'Не стерилизован/кастрирован')
[2024-08-02T11:13:14.360+0000] {sql.py:496} INFO - Rows affected: 1
[2024-08-02T11:13:14.367+0000] {base.py:84} INFO - Using connection ID 'postgresql_conn' for task execution.
[2024-08-02T11:13:14.370+0000] {sql.py:487} INFO - Running statement: 
            insert into raw_animals (chip_id, type, nickname, gender, breed, passport_number, register_date, birthday, status, ownership, 
                                    register_type, tagging_location, tagging_place, tagging_date, district_area, date_vaccination, date_sterilization_castration)
            values (%s, %s, %s, %s, %s, %s, %s, %s, %s, %s, %s, %s, %s, %s, %s, %s, %s)
            on conflict (passport_number) do nothing;
        , parameters: ('398010000505565', 'Собака', 'Бим', 'Male', 'Беспородная', 'KZD020824-0189824', datetime.datetime(2024, 8, 2, 15, 24, 37), datetime.date(2023, 12, 7), 'Активный', 'Владелец животного', 'Мечение животного', 'Коммунальное государственное предприятие «Ветеринарная станция Алтынсаринского района» Управления ветеринарии акимата Костанайской области', 'Ветеринарная станция/служба/сервис', datetime.date(2024, 8, 2), 'Алтынсаринский район', 'Не вакцинирован', 'Не стерилизован/кастрирован')
[2024-08-02T11:13:14.371+0000] {sql.py:496} INFO - Rows affected: 1
[2024-08-02T11:13:14.375+0000] {base.py:84} INFO - Using connection ID 'postgresql_conn' for task execution.
[2024-08-02T11:13:14.376+0000] {sql.py:487} INFO - Running statement: 
            insert into raw_animals (chip_id, type, nickname, gender, breed, passport_number, register_date, birthday, status, ownership, 
                                    register_type, tagging_location, tagging_place, tagging_date, district_area, date_vaccination, date_sterilization_castration)
            values (%s, %s, %s, %s, %s, %s, %s, %s, %s, %s, %s, %s, %s, %s, %s, %s, %s)
            on conflict (passport_number) do nothing;
        , parameters: ('398010000552475', 'Собака', 'Рик', 'Female', 'Беспородная', 'KZD020824-0189823', datetime.datetime(2024, 8, 2, 15, 20, 12), datetime.date(2019, 1, 13), 'Черновик', 'Владелец животного', 'Мечение животного', 'КГП на ПХВ "Глубокое-Вет" управления сельского хозяйства Восточно-Казахстанской области', 'Пункт временного содержания животных', datetime.date(2024, 8, 2), 'Глубоковский район', 'Не вакцинирован', 'Не стерилизован/кастрирован')
[2024-08-02T11:13:14.377+0000] {sql.py:496} INFO - Rows affected: 1
[2024-08-02T11:13:14.381+0000] {base.py:84} INFO - Using connection ID 'postgresql_conn' for task execution.
[2024-08-02T11:13:14.383+0000] {sql.py:487} INFO - Running statement: 
            insert into raw_animals (chip_id, type, nickname, gender, breed, passport_number, register_date, birthday, status, ownership, 
                                    register_type, tagging_location, tagging_place, tagging_date, district_area, date_vaccination, date_sterilization_castration)
            values (%s, %s, %s, %s, %s, %s, %s, %s, %s, %s, %s, %s, %s, %s, %s, %s, %s)
            on conflict (passport_number) do nothing;
        , parameters: ('398010000552472', 'Собака', 'Дин', 'Female', 'Беспородная', 'KZD020824-0189822', datetime.datetime(2024, 8, 2, 15, 18, 35), datetime.date(2020, 2, 5), 'Черновик', 'Владелец животного', 'Мечение животного', 'КГП на ПХВ "Глубокое-Вет" управления сельского хозяйства Восточно-Казахстанской области', 'Пункт временного содержания животных', datetime.date(2024, 8, 2), 'Глубоковский район', 'Не вакцинирован', 'Не стерилизован/кастрирован')
[2024-08-02T11:13:14.383+0000] {sql.py:496} INFO - Rows affected: 1
[2024-08-02T11:13:14.387+0000] {base.py:84} INFO - Using connection ID 'postgresql_conn' for task execution.
[2024-08-02T11:13:14.388+0000] {sql.py:487} INFO - Running statement: 
            insert into raw_animals (chip_id, type, nickname, gender, breed, passport_number, register_date, birthday, status, ownership, 
                                    register_type, tagging_location, tagging_place, tagging_date, district_area, date_vaccination, date_sterilization_castration)
            values (%s, %s, %s, %s, %s, %s, %s, %s, %s, %s, %s, %s, %s, %s, %s, %s, %s)
            on conflict (passport_number) do nothing;
        , parameters: ('398010000552433', 'Собака', 'Диана', 'Female', 'Беспородная', 'KZD020824-0189821', datetime.datetime(2024, 8, 2, 15, 14, 6), datetime.date(2022, 4, 9), 'Черновик', 'Владелец животного', 'Мечение животного', 'КГП на ПХВ "Глубокое-Вет" управления сельского хозяйства Восточно-Казахстанской области', 'Пункт временного содержания животных', datetime.date(2024, 8, 2), 'Глубоковский район', 'Не вакцинирован', 'Не стерилизован/кастрирован')
[2024-08-02T11:13:14.389+0000] {sql.py:496} INFO - Rows affected: 1
[2024-08-02T11:13:14.392+0000] {base.py:84} INFO - Using connection ID 'postgresql_conn' for task execution.
[2024-08-02T11:13:14.394+0000] {sql.py:487} INFO - Running statement: 
            insert into raw_animals (chip_id, type, nickname, gender, breed, passport_number, register_date, birthday, status, ownership, 
                                    register_type, tagging_location, tagging_place, tagging_date, district_area, date_vaccination, date_sterilization_castration)
            values (%s, %s, %s, %s, %s, %s, %s, %s, %s, %s, %s, %s, %s, %s, %s, %s, %s)
            on conflict (passport_number) do nothing;
        , parameters: ('398010000552434', 'Собака', 'Диана', 'Male', 'Беспородная', 'KZD020824-0189820', datetime.datetime(2024, 8, 2, 15, 11, 45), datetime.date(2019, 7, 4), 'Черновик', 'Владелец животного', 'Мечение животного', 'КГП на ПХВ "Глубокое-Вет" управления сельского хозяйства Восточно-Казахстанской области', 'Пункт временного содержания животных', datetime.date(2024, 8, 2), 'Глубоковский район', 'Не вакцинирован', 'Не стерилизован/кастрирован')
[2024-08-02T11:13:14.394+0000] {sql.py:496} INFO - Rows affected: 1
[2024-08-02T11:13:14.399+0000] {base.py:84} INFO - Using connection ID 'postgresql_conn' for task execution.
[2024-08-02T11:13:14.400+0000] {sql.py:487} INFO - Running statement: 
            insert into raw_animals (chip_id, type, nickname, gender, breed, passport_number, register_date, birthday, status, ownership, 
                                    register_type, tagging_location, tagging_place, tagging_date, district_area, date_vaccination, date_sterilization_castration)
            values (%s, %s, %s, %s, %s, %s, %s, %s, %s, %s, %s, %s, %s, %s, %s, %s, %s)
            on conflict (passport_number) do nothing;
        , parameters: ('398010000552439', 'Собака', 'Урга', 'Female', 'Беспородная', 'KZD020824-0189819', datetime.datetime(2024, 8, 2, 15, 10, 18), datetime.date(2019, 7, 19), 'Черновик', 'Владелец животного', 'Мечение животного', 'КГП на ПХВ "Глубокое-Вет" управления сельского хозяйства Восточно-Казахстанской области', 'Пункт временного содержания животных', datetime.date(2024, 8, 2), 'Глубоковский район', 'Не вакцинирован', 'Не стерилизован/кастрирован')
[2024-08-02T11:13:14.401+0000] {sql.py:496} INFO - Rows affected: 1
[2024-08-02T11:13:14.401+0000] {python.py:237} INFO - Done. Returned value was: None
[2024-08-02T11:13:14.402+0000] {taskinstance.py:441} INFO - ::group::Post task execution logs
[2024-08-02T11:13:14.408+0000] {taskinstance.py:1206} INFO - Marking task as SUCCESS. dag_id=kezekte_etl, task_id=transform_data, run_id=manual__2024-08-02T11:13:10.078234+00:00, execution_date=20240802T111310, start_date=20240802T111314, end_date=20240802T111314
[2024-08-02T11:13:14.437+0000] {local_task_job_runner.py:240} INFO - Task exited with return code 0
[2024-08-02T11:13:14.448+0000] {taskinstance.py:3503} INFO - 0 downstream tasks scheduled from follow-on schedule check
[2024-08-02T11:13:14.448+0000] {local_task_job_runner.py:222} INFO - ::endgroup::
