[2024-07-30T17:18:10.768+0000] {local_task_job_runner.py:120} INFO - ::group::Pre task execution logs
[2024-07-30T17:18:10.774+0000] {taskinstance.py:2076} INFO - Dependencies all met for dep_context=non-requeueable deps ti=<TaskInstance: kezekte_etl.transform_data manual__2024-07-30T17:18:05.263700+00:00 [queued]>
[2024-07-30T17:18:10.777+0000] {taskinstance.py:2076} INFO - Dependencies all met for dep_context=requeueable deps ti=<TaskInstance: kezekte_etl.transform_data manual__2024-07-30T17:18:05.263700+00:00 [queued]>
[2024-07-30T17:18:10.777+0000] {taskinstance.py:2306} INFO - Starting attempt 1 of 1
[2024-07-30T17:18:10.781+0000] {taskinstance.py:2330} INFO - Executing <Task(PythonOperator): transform_data> on 2024-07-30 17:18:05.263700+00:00
[2024-07-30T17:18:10.784+0000] {warnings.py:112} WARNING - /home/***/.local/lib/python3.12/site-packages/***/task/task_runner/standard_task_runner.py:61: DeprecationWarning: This process (pid=1561) is multi-threaded, use of fork() may lead to deadlocks in the child.
  pid = os.fork()

[2024-07-30T17:18:10.785+0000] {standard_task_runner.py:63} INFO - Started process 1563 to run task
[2024-07-30T17:18:10.786+0000] {standard_task_runner.py:90} INFO - Running: ['***', 'tasks', 'run', 'kezekte_etl', 'transform_data', 'manual__2024-07-30T17:18:05.263700+00:00', '--job-id', '74', '--raw', '--subdir', 'DAGS_FOLDER/kezekte_etl.py', '--cfg-path', '/tmp/tmp48wyc3ug']
[2024-07-30T17:18:10.787+0000] {standard_task_runner.py:91} INFO - Job 74: Subtask transform_data
[2024-07-30T17:18:10.803+0000] {task_command.py:426} INFO - Running <TaskInstance: kezekte_etl.transform_data manual__2024-07-30T17:18:05.263700+00:00 [running]> on host d6d2ff1599d5
[2024-07-30T17:18:10.833+0000] {taskinstance.py:2648} INFO - Exporting env vars: AIRFLOW_CTX_DAG_OWNER='***' AIRFLOW_CTX_DAG_ID='kezekte_etl' AIRFLOW_CTX_TASK_ID='transform_data' AIRFLOW_CTX_EXECUTION_DATE='2024-07-30T17:18:05.263700+00:00' AIRFLOW_CTX_TRY_NUMBER='1' AIRFLOW_CTX_DAG_RUN_ID='manual__2024-07-30T17:18:05.263700+00:00'
[2024-07-30T17:18:10.833+0000] {taskinstance.py:430} INFO - ::endgroup::
[2024-07-30T17:18:10.847+0000] {base.py:84} INFO - Using connection ID 'postgresql_conn' for task execution.
[2024-07-30T17:18:10.848+0000] {sql.py:487} INFO - Running statement: 
        insert into raw_animals (chip_id, type, nickname, gender, breed, passport_number, register_date, birthday, status, ownership, 
                                register_type, tagging_location, tagging_place, tagging_date, district_area, date_vaccination, date_sterilization_castration)
        values (%s, %s, %s, %s, %s, %s, %s, %s, %s, %s, %s, %s, %s, %s, %s, %s, %s)
    , parameters: ('398010000240645', 'Собака', '-', 'Самец', 'Беспородная', 'KZD290724-0189473', '30.07.2024 15:36:34', '15.08.2021', 'На передаче', 'Бродячее', 'Мечение животного', 'Частный фонд "СтопОтлов"', 'Приют для животных', '29.07.2024', 'Сарыарка р.а.', '30.07.2024', 'Не стерилизован/кастрирован')
[2024-07-30T17:18:10.849+0000] {sql.py:496} INFO - Rows affected: 1
[2024-07-30T17:18:10.849+0000] {python.py:237} INFO - Done. Returned value was: None
[2024-07-30T17:18:10.850+0000] {taskinstance.py:441} INFO - ::group::Post task execution logs
[2024-07-30T17:18:10.853+0000] {taskinstance.py:1206} INFO - Marking task as SUCCESS. dag_id=kezekte_etl, task_id=transform_data, run_id=manual__2024-07-30T17:18:05.263700+00:00, execution_date=20240730T171805, start_date=20240730T171810, end_date=20240730T171810
[2024-07-30T17:18:10.884+0000] {local_task_job_runner.py:240} INFO - Task exited with return code 0
[2024-07-30T17:18:10.896+0000] {taskinstance.py:3503} INFO - 0 downstream tasks scheduled from follow-on schedule check
[2024-07-30T17:18:10.897+0000] {local_task_job_runner.py:222} INFO - ::endgroup::
