[2024-08-01T16:17:54.868+0000] {local_task_job_runner.py:120} INFO - ::group::Pre task execution logs
[2024-08-01T16:17:54.900+0000] {taskinstance.py:2076} INFO - Dependencies all met for dep_context=non-requeueable deps ti=<TaskInstance: kezekte_etl.transform_data manual__2024-08-01T16:17:50.905740+00:00 [queued]>
[2024-08-01T16:17:54.905+0000] {taskinstance.py:2076} INFO - Dependencies all met for dep_context=requeueable deps ti=<TaskInstance: kezekte_etl.transform_data manual__2024-08-01T16:17:50.905740+00:00 [queued]>
[2024-08-01T16:17:54.905+0000] {taskinstance.py:2306} INFO - Starting attempt 1 of 1
[2024-08-01T16:17:54.912+0000] {taskinstance.py:2330} INFO - Executing <Task(PythonOperator): transform_data> on 2024-08-01 16:17:50.905740+00:00
[2024-08-01T16:17:54.917+0000] {warnings.py:112} WARNING - /home/***/.local/lib/python3.12/site-packages/***/task/task_runner/standard_task_runner.py:61: DeprecationWarning: This process (pid=199) is multi-threaded, use of fork() may lead to deadlocks in the child.
  pid = os.fork()

[2024-08-01T16:17:54.920+0000] {standard_task_runner.py:63} INFO - Started process 201 to run task
[2024-08-01T16:17:54.920+0000] {standard_task_runner.py:90} INFO - Running: ['***', 'tasks', 'run', 'kezekte_etl', 'transform_data', 'manual__2024-08-01T16:17:50.905740+00:00', '--job-id', '132', '--raw', '--subdir', 'DAGS_FOLDER/kezekte_etl.py', '--cfg-path', '/tmp/tmpvuxoldb1']
[2024-08-01T16:17:54.924+0000] {standard_task_runner.py:91} INFO - Job 132: Subtask transform_data
[2024-08-01T16:17:54.986+0000] {task_command.py:426} INFO - Running <TaskInstance: kezekte_etl.transform_data manual__2024-08-01T16:17:50.905740+00:00 [running]> on host cd4398d9193e
[2024-08-01T16:17:55.042+0000] {taskinstance.py:2648} INFO - Exporting env vars: AIRFLOW_CTX_DAG_OWNER='***' AIRFLOW_CTX_DAG_ID='kezekte_etl' AIRFLOW_CTX_TASK_ID='transform_data' AIRFLOW_CTX_EXECUTION_DATE='2024-08-01T16:17:50.905740+00:00' AIRFLOW_CTX_TRY_NUMBER='1' AIRFLOW_CTX_DAG_RUN_ID='manual__2024-08-01T16:17:50.905740+00:00'
[2024-08-01T16:17:55.044+0000] {taskinstance.py:430} INFO - ::endgroup::
[2024-08-01T16:17:55.066+0000] {base.py:84} INFO - Using connection ID 'postgresql_conn' for task execution.
[2024-08-01T16:17:55.069+0000] {sql.py:487} INFO - Running statement: 
            insert into raw_animals (chip_id, type, nickname, gender, breed, passport_number, register_date, birthday, status, ownership, 
                                    register_type, tagging_location, tagging_place, tagging_date, district_area, date_vaccination, date_sterilization_castration)
            values (%s, %s, %s, %s, %s, %s, %s, %s, %s, %s, %s, %s, %s, %s, %s, %s, %s)
            on conflict (passport_number) do nothing;
        , parameters: ('398010000259435', 'Собака', '9435', 'Male', 'Беспородная', 'KZD310724-0189728', '01.08.2024 20:50:15', '14.12.2023', 'Активный', 'Безнадзорное', 'Мечение животного', 'Общественное объединение "Надежда плюс kst"', 'Реабилитационный центр для животных', '31.07.2024', 'Костанай г.а.', 'Не вакцинирован', 'Не стерилизован/кастрирован')
[2024-08-01T16:17:55.072+0000] {sql.py:496} INFO - Rows affected: 1
[2024-08-01T16:17:55.078+0000] {base.py:84} INFO - Using connection ID 'postgresql_conn' for task execution.
[2024-08-01T16:17:55.079+0000] {sql.py:487} INFO - Running statement: 
            insert into raw_animals (chip_id, type, nickname, gender, breed, passport_number, register_date, birthday, status, ownership, 
                                    register_type, tagging_location, tagging_place, tagging_date, district_area, date_vaccination, date_sterilization_castration)
            values (%s, %s, %s, %s, %s, %s, %s, %s, %s, %s, %s, %s, %s, %s, %s, %s, %s)
            on conflict (passport_number) do nothing;
        , parameters: ('398010000259433', 'Собака', '9433', 'Female', 'Беспородная', 'KZD300724-0189727', '01.08.2024 20:46:01', '06.03.2024', 'Активный', 'Безнадзорное', 'Мечение животного', 'Общественное объединение "Надежда плюс kst"', 'Реабилитационный центр для животных', '30.07.2024', 'Костанай г.а.', 'Не вакцинирован', 'Не стерилизован/кастрирован')
[2024-08-01T16:17:55.080+0000] {sql.py:496} INFO - Rows affected: 1
[2024-08-01T16:17:55.082+0000] {base.py:84} INFO - Using connection ID 'postgresql_conn' for task execution.
[2024-08-01T16:17:55.083+0000] {sql.py:487} INFO - Running statement: 
            insert into raw_animals (chip_id, type, nickname, gender, breed, passport_number, register_date, birthday, status, ownership, 
                                    register_type, tagging_location, tagging_place, tagging_date, district_area, date_vaccination, date_sterilization_castration)
            values (%s, %s, %s, %s, %s, %s, %s, %s, %s, %s, %s, %s, %s, %s, %s, %s, %s)
            on conflict (passport_number) do nothing;
        , parameters: ('398010000259430', 'Собака', '9430', 'Female', 'Беспородная', 'KZD310724-0189726', '01.08.2024 20:41:50', '06.03.2024', 'Активный', 'Безнадзорное', 'Мечение животного', 'Общественное объединение "Надежда плюс kst"', 'Реабилитационный центр для животных', '31.07.2024', 'Костанай г.а.', 'Не вакцинирован', 'Не стерилизован/кастрирован')
[2024-08-01T16:17:55.084+0000] {sql.py:496} INFO - Rows affected: 1
[2024-08-01T16:17:55.087+0000] {base.py:84} INFO - Using connection ID 'postgresql_conn' for task execution.
[2024-08-01T16:17:55.088+0000] {sql.py:487} INFO - Running statement: 
            insert into raw_animals (chip_id, type, nickname, gender, breed, passport_number, register_date, birthday, status, ownership, 
                                    register_type, tagging_location, tagging_place, tagging_date, district_area, date_vaccination, date_sterilization_castration)
            values (%s, %s, %s, %s, %s, %s, %s, %s, %s, %s, %s, %s, %s, %s, %s, %s, %s)
            on conflict (passport_number) do nothing;
        , parameters: ('398010000259294', 'Собака', '9294', 'Female', 'Беспородная', 'KZD300724-0189725', '01.08.2024 20:36:51', '22.02.2024', 'Активный', 'Безнадзорное', 'Мечение животного', 'Общественное объединение "Надежда плюс kst"', 'Реабилитационный центр для животных', '30.07.2024', 'Костанай г.а.', 'Не вакцинирован', 'Не стерилизован/кастрирован')
[2024-08-01T16:17:55.088+0000] {sql.py:496} INFO - Rows affected: 1
[2024-08-01T16:17:55.092+0000] {base.py:84} INFO - Using connection ID 'postgresql_conn' for task execution.
[2024-08-01T16:17:55.094+0000] {sql.py:487} INFO - Running statement: 
            insert into raw_animals (chip_id, type, nickname, gender, breed, passport_number, register_date, birthday, status, ownership, 
                                    register_type, tagging_location, tagging_place, tagging_date, district_area, date_vaccination, date_sterilization_castration)
            values (%s, %s, %s, %s, %s, %s, %s, %s, %s, %s, %s, %s, %s, %s, %s, %s, %s)
            on conflict (passport_number) do nothing;
        , parameters: ('398010000259298', 'Собака', '9298', 'Female', 'Беспородная', 'KZD300724-0189724', '01.08.2024 20:32:10', '09.09.2023', 'Активный', 'Безнадзорное', 'Мечение животного', 'Общественное объединение "Надежда плюс kst"', 'Реабилитационный центр для животных', '30.07.2024', 'Костанай г.а.', 'Не вакцинирован', 'Не стерилизован/кастрирован')
[2024-08-01T16:17:55.094+0000] {sql.py:496} INFO - Rows affected: 1
[2024-08-01T16:17:55.097+0000] {base.py:84} INFO - Using connection ID 'postgresql_conn' for task execution.
[2024-08-01T16:17:55.098+0000] {sql.py:487} INFO - Running statement: 
            insert into raw_animals (chip_id, type, nickname, gender, breed, passport_number, register_date, birthday, status, ownership, 
                                    register_type, tagging_location, tagging_place, tagging_date, district_area, date_vaccination, date_sterilization_castration)
            values (%s, %s, %s, %s, %s, %s, %s, %s, %s, %s, %s, %s, %s, %s, %s, %s, %s)
            on conflict (passport_number) do nothing;
        , parameters: ('398010000259308', 'Собака', '9308', 'Female', 'Беспородная', 'KZD300724-0189723', '01.08.2024 20:18:09', '02.05.2023', 'Активный', 'Безнадзорное', 'Мечение животного', 'Общественное объединение "Надежда плюс kst"', 'Реабилитационный центр для животных', '30.07.2024', 'Костанай г.а.', 'Не вакцинирован', 'Не стерилизован/кастрирован')
[2024-08-01T16:17:55.099+0000] {sql.py:496} INFO - Rows affected: 1
[2024-08-01T16:17:55.102+0000] {base.py:84} INFO - Using connection ID 'postgresql_conn' for task execution.
[2024-08-01T16:17:55.103+0000] {sql.py:487} INFO - Running statement: 
            insert into raw_animals (chip_id, type, nickname, gender, breed, passport_number, register_date, birthday, status, ownership, 
                                    register_type, tagging_location, tagging_place, tagging_date, district_area, date_vaccination, date_sterilization_castration)
            values (%s, %s, %s, %s, %s, %s, %s, %s, %s, %s, %s, %s, %s, %s, %s, %s, %s)
            on conflict (passport_number) do nothing;
        , parameters: ('398010000291250', 'Собака', 'Цербер', 'Male', 'Беспородная', 'KZD010824-0189722', '01.08.2024 20:16:13', '01.12.2020', 'Активный', 'Владелец животного', 'Мечение животного', 'TOO "Вита-Фауна"', 'Ветеринарная клиника', '01.08.2024', 'Рудный г.а.', 'Не вакцинирован', '07.10.2021')
[2024-08-01T16:17:55.103+0000] {sql.py:496} INFO - Rows affected: 1
[2024-08-01T16:17:55.106+0000] {base.py:84} INFO - Using connection ID 'postgresql_conn' for task execution.
[2024-08-01T16:17:55.108+0000] {sql.py:487} INFO - Running statement: 
            insert into raw_animals (chip_id, type, nickname, gender, breed, passport_number, register_date, birthday, status, ownership, 
                                    register_type, tagging_location, tagging_place, tagging_date, district_area, date_vaccination, date_sterilization_castration)
            values (%s, %s, %s, %s, %s, %s, %s, %s, %s, %s, %s, %s, %s, %s, %s, %s, %s)
            on conflict (passport_number) do nothing;
        , parameters: ('398010000259296', 'Собака', '9296', 'Female', 'Беспородная', 'KZD310724-0189721', '01.08.2024 20:13:34', '01.07.2023', 'Активный', 'Безнадзорное', 'Мечение животного', 'Общественное объединение "Надежда плюс kst"', 'Реабилитационный центр для животных', '31.07.2024', 'Костанай г.а.', 'Не вакцинирован', 'Не стерилизован/кастрирован')
[2024-08-01T16:17:55.108+0000] {sql.py:496} INFO - Rows affected: 1
[2024-08-01T16:17:55.111+0000] {base.py:84} INFO - Using connection ID 'postgresql_conn' for task execution.
[2024-08-01T16:17:55.112+0000] {sql.py:487} INFO - Running statement: 
            insert into raw_animals (chip_id, type, nickname, gender, breed, passport_number, register_date, birthday, status, ownership, 
                                    register_type, tagging_location, tagging_place, tagging_date, district_area, date_vaccination, date_sterilization_castration)
            values (%s, %s, %s, %s, %s, %s, %s, %s, %s, %s, %s, %s, %s, %s, %s, %s, %s)
            on conflict (passport_number) do nothing;
        , parameters: ('398020000122260', 'Кошка', 'Марс', 'Male', 'Беспородная', 'KZC010824-0080757', '01.08.2024 20:07:58', '01.03.2021', 'Активный', 'Владелец животного', 'Мечение животного', 'TOO "Вита-Фауна"', 'Ветеринарная клиника', '01.08.2024', 'Рудный г.а.', 'Не вакцинирован', '13.02.2023')
[2024-08-01T16:17:55.113+0000] {sql.py:496} INFO - Rows affected: 1
[2024-08-01T16:17:55.116+0000] {base.py:84} INFO - Using connection ID 'postgresql_conn' for task execution.
[2024-08-01T16:17:55.117+0000] {sql.py:487} INFO - Running statement: 
            insert into raw_animals (chip_id, type, nickname, gender, breed, passport_number, register_date, birthday, status, ownership, 
                                    register_type, tagging_location, tagging_place, tagging_date, district_area, date_vaccination, date_sterilization_castration)
            values (%s, %s, %s, %s, %s, %s, %s, %s, %s, %s, %s, %s, %s, %s, %s, %s, %s)
            on conflict (passport_number) do nothing;
        , parameters: ('398020000085002', 'Кошка', '5002', 'Female', 'Беспородная', 'KZC300724-0080756', '01.08.2024 20:07:48', '07.11.2023', 'Активный', 'Безнадзорное', 'Мечение животного', 'Общественное объединение "Надежда плюс kst"', 'Реабилитационный центр для животных', '30.07.2024', 'Костанай г.а.', 'Не вакцинирован', 'Не стерилизован/кастрирован')
[2024-08-01T16:17:55.118+0000] {sql.py:496} INFO - Rows affected: 1
[2024-08-01T16:17:55.121+0000] {base.py:84} INFO - Using connection ID 'postgresql_conn' for task execution.
[2024-08-01T16:17:55.122+0000] {sql.py:487} INFO - Running statement: 
            insert into raw_animals (chip_id, type, nickname, gender, breed, passport_number, register_date, birthday, status, ownership, 
                                    register_type, tagging_location, tagging_place, tagging_date, district_area, date_vaccination, date_sterilization_castration)
            values (%s, %s, %s, %s, %s, %s, %s, %s, %s, %s, %s, %s, %s, %s, %s, %s, %s)
            on conflict (passport_number) do nothing;
        , parameters: ('398010000259307', 'Собака', '9307', 'Male', 'Беспородная', 'KZD300724-0189720', '01.08.2024 20:02:29', '09.08.2023', 'Активный', 'Безнадзорное', 'Мечение животного', 'Общественное объединение "Надежда плюс kst"', 'Реабилитационный центр для животных', '30.07.2024', 'Костанай г.а.', 'Не вакцинирован', 'Не стерилизован/кастрирован')
[2024-08-01T16:17:55.124+0000] {sql.py:496} INFO - Rows affected: 1
[2024-08-01T16:17:55.129+0000] {base.py:84} INFO - Using connection ID 'postgresql_conn' for task execution.
[2024-08-01T16:17:55.132+0000] {sql.py:487} INFO - Running statement: 
            insert into raw_animals (chip_id, type, nickname, gender, breed, passport_number, register_date, birthday, status, ownership, 
                                    register_type, tagging_location, tagging_place, tagging_date, district_area, date_vaccination, date_sterilization_castration)
            values (%s, %s, %s, %s, %s, %s, %s, %s, %s, %s, %s, %s, %s, %s, %s, %s, %s)
            on conflict (passport_number) do nothing;
        , parameters: ('398020000122261', 'Кошка', 'Тор', 'Male', 'Беспородная', 'KZC010824-0080755', '01.08.2024 19:56:07', '27.03.2022', 'Активный', 'Владелец животного', 'Мечение животного', 'TOO "Вита-Фауна"', 'Ветеринарная клиника', '01.08.2024', 'Рудный г.а.', 'Не вакцинирован', '10.02.2023')
[2024-08-01T16:17:55.133+0000] {sql.py:496} INFO - Rows affected: 1
[2024-08-01T16:17:55.137+0000] {base.py:84} INFO - Using connection ID 'postgresql_conn' for task execution.
[2024-08-01T16:17:55.139+0000] {sql.py:487} INFO - Running statement: 
            insert into raw_animals (chip_id, type, nickname, gender, breed, passport_number, register_date, birthday, status, ownership, 
                                    register_type, tagging_location, tagging_place, tagging_date, district_area, date_vaccination, date_sterilization_castration)
            values (%s, %s, %s, %s, %s, %s, %s, %s, %s, %s, %s, %s, %s, %s, %s, %s, %s)
            on conflict (passport_number) do nothing;
        , parameters: ('398010000259464', 'Собака', '6494', 'Female', 'Беспородная', 'KZD300724-0189719', '01.08.2024 19:42:01', '25.11.2022', 'Активный', 'Безнадзорное', 'Мечение животного', 'Общественное объединение "Надежда плюс kst"', 'Реабилитационный центр для животных', '30.07.2024', 'Костанай г.а.', 'Не вакцинирован', 'Не стерилизован/кастрирован')
[2024-08-01T16:17:55.139+0000] {sql.py:496} INFO - Rows affected: 1
[2024-08-01T16:17:55.143+0000] {base.py:84} INFO - Using connection ID 'postgresql_conn' for task execution.
[2024-08-01T16:17:55.144+0000] {sql.py:487} INFO - Running statement: 
            insert into raw_animals (chip_id, type, nickname, gender, breed, passport_number, register_date, birthday, status, ownership, 
                                    register_type, tagging_location, tagging_place, tagging_date, district_area, date_vaccination, date_sterilization_castration)
            values (%s, %s, %s, %s, %s, %s, %s, %s, %s, %s, %s, %s, %s, %s, %s, %s, %s)
            on conflict (passport_number) do nothing;
        , parameters: ('398010000115411', 'Собака', 'нет', 'Female', 'Беспородная', 'KZD300724-0189718', '01.08.2024 19:16:36', '27.07.2022', 'Активный', 'Бродячее', 'Мечение животного', 'Государственное коммунальное предприятие "Кобдинская районная ветеринарная станция" на праве хозяйственного ведения ГУ "Управление ветеринарии Актюбинской области"', 'Пункт временного содержания животных', '30.07.2024', 'Хобдинский район', 'Не вакцинирован', 'Не стерилизован/кастрирован')
[2024-08-01T16:17:55.145+0000] {sql.py:496} INFO - Rows affected: 1
[2024-08-01T16:17:55.148+0000] {base.py:84} INFO - Using connection ID 'postgresql_conn' for task execution.
[2024-08-01T16:17:55.150+0000] {sql.py:487} INFO - Running statement: 
            insert into raw_animals (chip_id, type, nickname, gender, breed, passport_number, register_date, birthday, status, ownership, 
                                    register_type, tagging_location, tagging_place, tagging_date, district_area, date_vaccination, date_sterilization_castration)
            values (%s, %s, %s, %s, %s, %s, %s, %s, %s, %s, %s, %s, %s, %s, %s, %s, %s)
            on conflict (passport_number) do nothing;
        , parameters: ('398010000115410', 'Собака', 'нет', 'Female', 'Беспородная', 'KZD300724-0189717', '01.08.2024 19:09:45', '13.07.2023', 'Активный', 'Бродячее', 'Мечение животного', 'Государственное коммунальное предприятие "Кобдинская районная ветеринарная станция" на праве хозяйственного ведения ГУ "Управление ветеринарии Актюбинской области"', 'Пункт временного содержания животных', '30.07.2024', 'Хобдинский район', 'Не вакцинирован', 'Не стерилизован/кастрирован')
[2024-08-01T16:17:55.150+0000] {sql.py:496} INFO - Rows affected: 1
[2024-08-01T16:17:55.151+0000] {python.py:237} INFO - Done. Returned value was: None
[2024-08-01T16:17:55.152+0000] {taskinstance.py:441} INFO - ::group::Post task execution logs
[2024-08-01T16:17:55.164+0000] {taskinstance.py:1206} INFO - Marking task as SUCCESS. dag_id=kezekte_etl, task_id=transform_data, run_id=manual__2024-08-01T16:17:50.905740+00:00, execution_date=20240801T161750, start_date=20240801T161754, end_date=20240801T161755
[2024-08-01T16:17:55.236+0000] {local_task_job_runner.py:240} INFO - Task exited with return code 0
[2024-08-01T16:17:55.251+0000] {taskinstance.py:3503} INFO - 0 downstream tasks scheduled from follow-on schedule check
[2024-08-01T16:17:55.252+0000] {local_task_job_runner.py:222} INFO - ::endgroup::
