[2024-09-05T12:44:21.385+0000] {local_task_job_runner.py:120} INFO - ::group::Pre task execution logs
[2024-09-05T12:44:21.394+0000] {taskinstance.py:2076} INFO - Dependencies all met for dep_context=non-requeueable deps ti=<TaskInstance: kezekte_etl.create_table manual__2024-09-05T12:43:55.296551+00:00 [queued]>
[2024-09-05T12:44:21.398+0000] {taskinstance.py:2076} INFO - Dependencies all met for dep_context=requeueable deps ti=<TaskInstance: kezekte_etl.create_table manual__2024-09-05T12:43:55.296551+00:00 [queued]>
[2024-09-05T12:44:21.398+0000] {taskinstance.py:2306} INFO - Starting attempt 1 of 1
[2024-09-05T12:44:21.403+0000] {taskinstance.py:2330} INFO - Executing <Task(SQLExecuteQueryOperator): create_table> on 2024-09-05 12:43:55.296551+00:00
[2024-09-05T12:44:21.409+0000] {warnings.py:112} WARNING - /home/***/.local/lib/python3.12/site-packages/***/task/task_runner/standard_task_runner.py:61: DeprecationWarning: This process (pid=240) is multi-threaded, use of fork() may lead to deadlocks in the child.
  pid = os.fork()

[2024-09-05T12:44:21.411+0000] {standard_task_runner.py:63} INFO - Started process 242 to run task
[2024-09-05T12:44:21.410+0000] {standard_task_runner.py:90} INFO - Running: ['***', 'tasks', 'run', 'kezekte_etl', 'create_table', 'manual__2024-09-05T12:43:55.296551+00:00', '--job-id', '349', '--raw', '--subdir', 'DAGS_FOLDER/kezekte_etl.py', '--cfg-path', '/tmp/tmpw_c1s7xe']
[2024-09-05T12:44:21.412+0000] {standard_task_runner.py:91} INFO - Job 349: Subtask create_table
[2024-09-05T12:44:21.450+0000] {task_command.py:426} INFO - Running <TaskInstance: kezekte_etl.create_table manual__2024-09-05T12:43:55.296551+00:00 [running]> on host 701147df7d7a
[2024-09-05T12:44:21.494+0000] {taskinstance.py:2648} INFO - Exporting env vars: AIRFLOW_CTX_DAG_OWNER='***' AIRFLOW_CTX_DAG_ID='kezekte_etl' AIRFLOW_CTX_TASK_ID='create_table' AIRFLOW_CTX_EXECUTION_DATE='2024-09-05T12:43:55.296551+00:00' AIRFLOW_CTX_TRY_NUMBER='1' AIRFLOW_CTX_DAG_RUN_ID='manual__2024-09-05T12:43:55.296551+00:00'
[2024-09-05T12:44:21.496+0000] {taskinstance.py:430} INFO - ::endgroup::
[2024-09-05T12:44:21.504+0000] {sql.py:276} INFO - Executing: 
            create table if not exists transformed_animals (
                id serial PRIMARY KEY,
                chip_id varchar(255),
                type varchar(255),
                nickname varchar(255),
                gender varchar(255),
                breed varchar(255),
                passport_number varchar(255),
                register_date timestamp,
                birthday date,
                status varchar(255),
                ownership varchar(255),
                register_type varchar(255),
                tagging_location varchar(255),
                tagging_place varchar(255),
                tagging_date date,
                district_area varchar(255),
                date_vaccination varchar(255),
                date_sterilization_castration date,
                CONSTRAINT unique_passport unique (passport_number)
            )
        
[2024-09-05T12:44:21.510+0000] {base.py:84} INFO - Using connection ID 'postgresql_conn' for task execution.
[2024-09-05T12:44:21.516+0000] {base.py:84} INFO - Using connection ID 'postgresql_conn' for task execution.
[2024-09-05T12:44:21.518+0000] {sql.py:487} INFO - Running statement: 
            create table if not exists transformed_animals (
                id serial PRIMARY KEY,
                chip_id varchar(255),
                type varchar(255),
                nickname varchar(255),
                gender varchar(255),
                breed varchar(255),
                passport_number varchar(255),
                register_date timestamp,
                birthday date,
                status varchar(255),
                ownership varchar(255),
                register_type varchar(255),
                tagging_location varchar(255),
                tagging_place varchar(255),
                tagging_date date,
                district_area varchar(255),
                date_vaccination varchar(255),
                date_sterilization_castration date,
                CONSTRAINT unique_passport unique (passport_number)
            )
        , parameters: None
[2024-09-05T12:44:21.519+0000] {taskinstance.py:441} INFO - ::group::Post task execution logs
[2024-09-05T12:44:21.523+0000] {taskinstance.py:1206} INFO - Marking task as SUCCESS. dag_id=kezekte_etl, task_id=create_table, run_id=manual__2024-09-05T12:43:55.296551+00:00, execution_date=20240905T124355, start_date=20240905T124421, end_date=20240905T124421
[2024-09-05T12:44:21.551+0000] {local_task_job_runner.py:240} INFO - Task exited with return code 0
[2024-09-05T12:44:21.564+0000] {taskinstance.py:3503} INFO - 1 downstream tasks scheduled from follow-on schedule check
[2024-09-05T12:44:21.564+0000] {local_task_job_runner.py:222} INFO - ::endgroup::
