[2024-08-01T16:14:41.234+0000] {local_task_job_runner.py:120} INFO - ::group::Pre task execution logs
[2024-08-01T16:14:41.242+0000] {taskinstance.py:2076} INFO - Dependencies all met for dep_context=non-requeueable deps ti=<TaskInstance: kezekte_etl.transform_data manual__2024-08-01T16:14:37.252951+00:00 [queued]>
[2024-08-01T16:14:41.245+0000] {taskinstance.py:2076} INFO - Dependencies all met for dep_context=requeueable deps ti=<TaskInstance: kezekte_etl.transform_data manual__2024-08-01T16:14:37.252951+00:00 [queued]>
[2024-08-01T16:14:41.245+0000] {taskinstance.py:2306} INFO - Starting attempt 1 of 1
[2024-08-01T16:14:41.250+0000] {taskinstance.py:2330} INFO - Executing <Task(PythonOperator): transform_data> on 2024-08-01 16:14:37.252951+00:00
[2024-08-01T16:14:41.253+0000] {warnings.py:112} WARNING - /home/***/.local/lib/python3.12/site-packages/***/task/task_runner/standard_task_runner.py:61: DeprecationWarning: This process (pid=139) is multi-threaded, use of fork() may lead to deadlocks in the child.
  pid = os.fork()

[2024-08-01T16:14:41.254+0000] {standard_task_runner.py:63} INFO - Started process 141 to run task
[2024-08-01T16:14:41.255+0000] {standard_task_runner.py:90} INFO - Running: ['***', 'tasks', 'run', 'kezekte_etl', 'transform_data', 'manual__2024-08-01T16:14:37.252951+00:00', '--job-id', '126', '--raw', '--subdir', 'DAGS_FOLDER/kezekte_etl.py', '--cfg-path', '/tmp/tmpzihjrcsu']
[2024-08-01T16:14:41.256+0000] {standard_task_runner.py:91} INFO - Job 126: Subtask transform_data
[2024-08-01T16:14:41.274+0000] {task_command.py:426} INFO - Running <TaskInstance: kezekte_etl.transform_data manual__2024-08-01T16:14:37.252951+00:00 [running]> on host cd4398d9193e
[2024-08-01T16:14:41.325+0000] {taskinstance.py:2648} INFO - Exporting env vars: AIRFLOW_CTX_DAG_OWNER='***' AIRFLOW_CTX_DAG_ID='kezekte_etl' AIRFLOW_CTX_TASK_ID='transform_data' AIRFLOW_CTX_EXECUTION_DATE='2024-08-01T16:14:37.252951+00:00' AIRFLOW_CTX_TRY_NUMBER='1' AIRFLOW_CTX_DAG_RUN_ID='manual__2024-08-01T16:14:37.252951+00:00'
[2024-08-01T16:14:41.326+0000] {taskinstance.py:430} INFO - ::endgroup::
[2024-08-01T16:14:41.344+0000] {base.py:84} INFO - Using connection ID 'postgresql_conn' for task execution.
[2024-08-01T16:14:41.348+0000] {sql.py:487} INFO - Running statement: 
            insert into raw_animals (chip_id, type, nickname, gender, breed, passport_number, register_date, birthday, status, ownership, 
                                    register_type, tagging_location, tagging_place, tagging_date, district_area, date_vaccination, date_sterilization_castration)
            values (%s, %s, %s, %s, %s, %s, %s, %s, %s, %s, %s, %s, %s, %s, %s, %s, %s)
            on conflict (passport_number) do nothing;
        , parameters: ('398010000259435', 'Собака', '9435', 'Самец', 'Беспородная', 'KZD310724-0189728', '01.08.2024 20:50:15', '14.12.2023', 'Активный', 'Безнадзорное', 'Мечение животного', 'Общественное объединение "Надежда плюс kst"', 'Реабилитационный центр для животных', '31.07.2024', 'Костанай г.а.', 'Не вакцинирован', 'Не стерилизован/кастрирован')
[2024-08-01T16:14:41.350+0000] {sql.py:496} INFO - Rows affected: 1
[2024-08-01T16:14:41.369+0000] {base.py:84} INFO - Using connection ID 'postgresql_conn' for task execution.
[2024-08-01T16:14:41.374+0000] {sql.py:487} INFO - Running statement: 
            insert into raw_animals (chip_id, type, nickname, gender, breed, passport_number, register_date, birthday, status, ownership, 
                                    register_type, tagging_location, tagging_place, tagging_date, district_area, date_vaccination, date_sterilization_castration)
            values (%s, %s, %s, %s, %s, %s, %s, %s, %s, %s, %s, %s, %s, %s, %s, %s, %s)
            on conflict (passport_number) do nothing;
        , parameters: ('398010000259433', 'Собака', '9433', 'Самка', 'Беспородная', 'KZD300724-0189727', '01.08.2024 20:46:01', '06.03.2024', 'Активный', 'Безнадзорное', 'Мечение животного', 'Общественное объединение "Надежда плюс kst"', 'Реабилитационный центр для животных', '30.07.2024', 'Костанай г.а.', 'Не вакцинирован', 'Не стерилизован/кастрирован')
[2024-08-01T16:14:41.376+0000] {sql.py:496} INFO - Rows affected: 1
[2024-08-01T16:14:41.384+0000] {base.py:84} INFO - Using connection ID 'postgresql_conn' for task execution.
[2024-08-01T16:14:41.386+0000] {sql.py:487} INFO - Running statement: 
            insert into raw_animals (chip_id, type, nickname, gender, breed, passport_number, register_date, birthday, status, ownership, 
                                    register_type, tagging_location, tagging_place, tagging_date, district_area, date_vaccination, date_sterilization_castration)
            values (%s, %s, %s, %s, %s, %s, %s, %s, %s, %s, %s, %s, %s, %s, %s, %s, %s)
            on conflict (passport_number) do nothing;
        , parameters: ('398010000259430', 'Собака', '9430', 'Самка', 'Беспородная', 'KZD310724-0189726', '01.08.2024 20:41:50', '06.03.2024', 'Активный', 'Безнадзорное', 'Мечение животного', 'Общественное объединение "Надежда плюс kst"', 'Реабилитационный центр для животных', '31.07.2024', 'Костанай г.а.', 'Не вакцинирован', 'Не стерилизован/кастрирован')
[2024-08-01T16:14:41.386+0000] {sql.py:496} INFO - Rows affected: 1
[2024-08-01T16:14:41.390+0000] {base.py:84} INFO - Using connection ID 'postgresql_conn' for task execution.
[2024-08-01T16:14:41.392+0000] {sql.py:487} INFO - Running statement: 
            insert into raw_animals (chip_id, type, nickname, gender, breed, passport_number, register_date, birthday, status, ownership, 
                                    register_type, tagging_location, tagging_place, tagging_date, district_area, date_vaccination, date_sterilization_castration)
            values (%s, %s, %s, %s, %s, %s, %s, %s, %s, %s, %s, %s, %s, %s, %s, %s, %s)
            on conflict (passport_number) do nothing;
        , parameters: ('398010000259294', 'Собака', '9294', 'Самка', 'Беспородная', 'KZD300724-0189725', '01.08.2024 20:36:51', '22.02.2024', 'Активный', 'Безнадзорное', 'Мечение животного', 'Общественное объединение "Надежда плюс kst"', 'Реабилитационный центр для животных', '30.07.2024', 'Костанай г.а.', 'Не вакцинирован', 'Не стерилизован/кастрирован')
[2024-08-01T16:14:41.393+0000] {sql.py:496} INFO - Rows affected: 1
[2024-08-01T16:14:41.400+0000] {base.py:84} INFO - Using connection ID 'postgresql_conn' for task execution.
[2024-08-01T16:14:41.403+0000] {sql.py:487} INFO - Running statement: 
            insert into raw_animals (chip_id, type, nickname, gender, breed, passport_number, register_date, birthday, status, ownership, 
                                    register_type, tagging_location, tagging_place, tagging_date, district_area, date_vaccination, date_sterilization_castration)
            values (%s, %s, %s, %s, %s, %s, %s, %s, %s, %s, %s, %s, %s, %s, %s, %s, %s)
            on conflict (passport_number) do nothing;
        , parameters: ('398010000259298', 'Собака', '9298', 'Самка', 'Беспородная', 'KZD300724-0189724', '01.08.2024 20:32:10', '09.09.2023', 'Активный', 'Безнадзорное', 'Мечение животного', 'Общественное объединение "Надежда плюс kst"', 'Реабилитационный центр для животных', '30.07.2024', 'Костанай г.а.', 'Не вакцинирован', 'Не стерилизован/кастрирован')
[2024-08-01T16:14:41.404+0000] {sql.py:496} INFO - Rows affected: 1
[2024-08-01T16:14:41.412+0000] {base.py:84} INFO - Using connection ID 'postgresql_conn' for task execution.
[2024-08-01T16:14:41.415+0000] {sql.py:487} INFO - Running statement: 
            insert into raw_animals (chip_id, type, nickname, gender, breed, passport_number, register_date, birthday, status, ownership, 
                                    register_type, tagging_location, tagging_place, tagging_date, district_area, date_vaccination, date_sterilization_castration)
            values (%s, %s, %s, %s, %s, %s, %s, %s, %s, %s, %s, %s, %s, %s, %s, %s, %s)
            on conflict (passport_number) do nothing;
        , parameters: ('398010000259308', 'Собака', '9308', 'Самка', 'Беспородная', 'KZD300724-0189723', '01.08.2024 20:18:09', '02.05.2023', 'Активный', 'Безнадзорное', 'Мечение животного', 'Общественное объединение "Надежда плюс kst"', 'Реабилитационный центр для животных', '30.07.2024', 'Костанай г.а.', 'Не вакцинирован', 'Не стерилизован/кастрирован')
[2024-08-01T16:14:41.416+0000] {sql.py:496} INFO - Rows affected: 1
[2024-08-01T16:14:41.424+0000] {base.py:84} INFO - Using connection ID 'postgresql_conn' for task execution.
[2024-08-01T16:14:41.429+0000] {sql.py:487} INFO - Running statement: 
            insert into raw_animals (chip_id, type, nickname, gender, breed, passport_number, register_date, birthday, status, ownership, 
                                    register_type, tagging_location, tagging_place, tagging_date, district_area, date_vaccination, date_sterilization_castration)
            values (%s, %s, %s, %s, %s, %s, %s, %s, %s, %s, %s, %s, %s, %s, %s, %s, %s)
            on conflict (passport_number) do nothing;
        , parameters: ('398010000291250', 'Собака', 'Цербер', 'Самец', 'Беспородная', 'KZD010824-0189722', '01.08.2024 20:16:13', '01.12.2020', 'Активный', 'Владелец животного', 'Мечение животного', 'TOO "Вита-Фауна"', 'Ветеринарная клиника', '01.08.2024', 'Рудный г.а.', 'Не вакцинирован', '07.10.2021')
[2024-08-01T16:14:41.431+0000] {sql.py:496} INFO - Rows affected: 1
[2024-08-01T16:14:41.438+0000] {base.py:84} INFO - Using connection ID 'postgresql_conn' for task execution.
[2024-08-01T16:14:41.440+0000] {sql.py:487} INFO - Running statement: 
            insert into raw_animals (chip_id, type, nickname, gender, breed, passport_number, register_date, birthday, status, ownership, 
                                    register_type, tagging_location, tagging_place, tagging_date, district_area, date_vaccination, date_sterilization_castration)
            values (%s, %s, %s, %s, %s, %s, %s, %s, %s, %s, %s, %s, %s, %s, %s, %s, %s)
            on conflict (passport_number) do nothing;
        , parameters: ('398010000259296', 'Собака', '9296', 'Самка', 'Беспородная', 'KZD310724-0189721', '01.08.2024 20:13:34', '01.07.2023', 'Активный', 'Безнадзорное', 'Мечение животного', 'Общественное объединение "Надежда плюс kst"', 'Реабилитационный центр для животных', '31.07.2024', 'Костанай г.а.', 'Не вакцинирован', 'Не стерилизован/кастрирован')
[2024-08-01T16:14:41.441+0000] {sql.py:496} INFO - Rows affected: 1
[2024-08-01T16:14:41.446+0000] {base.py:84} INFO - Using connection ID 'postgresql_conn' for task execution.
[2024-08-01T16:14:41.448+0000] {sql.py:487} INFO - Running statement: 
            insert into raw_animals (chip_id, type, nickname, gender, breed, passport_number, register_date, birthday, status, ownership, 
                                    register_type, tagging_location, tagging_place, tagging_date, district_area, date_vaccination, date_sterilization_castration)
            values (%s, %s, %s, %s, %s, %s, %s, %s, %s, %s, %s, %s, %s, %s, %s, %s, %s)
            on conflict (passport_number) do nothing;
        , parameters: ('398020000122260', 'Кошка', 'Марс', 'Самец', 'Беспородная', 'KZC010824-0080757', '01.08.2024 20:07:58', '01.03.2021', 'Активный', 'Владелец животного', 'Мечение животного', 'TOO "Вита-Фауна"', 'Ветеринарная клиника', '01.08.2024', 'Рудный г.а.', 'Не вакцинирован', '13.02.2023')
[2024-08-01T16:14:41.449+0000] {sql.py:496} INFO - Rows affected: 1
[2024-08-01T16:14:41.452+0000] {base.py:84} INFO - Using connection ID 'postgresql_conn' for task execution.
[2024-08-01T16:14:41.454+0000] {sql.py:487} INFO - Running statement: 
            insert into raw_animals (chip_id, type, nickname, gender, breed, passport_number, register_date, birthday, status, ownership, 
                                    register_type, tagging_location, tagging_place, tagging_date, district_area, date_vaccination, date_sterilization_castration)
            values (%s, %s, %s, %s, %s, %s, %s, %s, %s, %s, %s, %s, %s, %s, %s, %s, %s)
            on conflict (passport_number) do nothing;
        , parameters: ('398020000085002', 'Кошка', '5002', 'Самка', 'Беспородная', 'KZC300724-0080756', '01.08.2024 20:07:48', '07.11.2023', 'Активный', 'Безнадзорное', 'Мечение животного', 'Общественное объединение "Надежда плюс kst"', 'Реабилитационный центр для животных', '30.07.2024', 'Костанай г.а.', 'Не вакцинирован', 'Не стерилизован/кастрирован')
[2024-08-01T16:14:41.455+0000] {sql.py:496} INFO - Rows affected: 1
[2024-08-01T16:14:41.458+0000] {base.py:84} INFO - Using connection ID 'postgresql_conn' for task execution.
[2024-08-01T16:14:41.461+0000] {sql.py:487} INFO - Running statement: 
            insert into raw_animals (chip_id, type, nickname, gender, breed, passport_number, register_date, birthday, status, ownership, 
                                    register_type, tagging_location, tagging_place, tagging_date, district_area, date_vaccination, date_sterilization_castration)
            values (%s, %s, %s, %s, %s, %s, %s, %s, %s, %s, %s, %s, %s, %s, %s, %s, %s)
            on conflict (passport_number) do nothing;
        , parameters: ('398010000259307', 'Собака', '9307', 'Самец', 'Беспородная', 'KZD300724-0189720', '01.08.2024 20:02:29', '09.08.2023', 'Активный', 'Безнадзорное', 'Мечение животного', 'Общественное объединение "Надежда плюс kst"', 'Реабилитационный центр для животных', '30.07.2024', 'Костанай г.а.', 'Не вакцинирован', 'Не стерилизован/кастрирован')
[2024-08-01T16:14:41.461+0000] {sql.py:496} INFO - Rows affected: 1
[2024-08-01T16:14:41.465+0000] {base.py:84} INFO - Using connection ID 'postgresql_conn' for task execution.
[2024-08-01T16:14:41.466+0000] {sql.py:487} INFO - Running statement: 
            insert into raw_animals (chip_id, type, nickname, gender, breed, passport_number, register_date, birthday, status, ownership, 
                                    register_type, tagging_location, tagging_place, tagging_date, district_area, date_vaccination, date_sterilization_castration)
            values (%s, %s, %s, %s, %s, %s, %s, %s, %s, %s, %s, %s, %s, %s, %s, %s, %s)
            on conflict (passport_number) do nothing;
        , parameters: ('398020000122261', 'Кошка', 'Тор', 'Самец', 'Беспородная', 'KZC010824-0080755', '01.08.2024 19:56:07', '27.03.2022', 'Активный', 'Владелец животного', 'Мечение животного', 'TOO "Вита-Фауна"', 'Ветеринарная клиника', '01.08.2024', 'Рудный г.а.', 'Не вакцинирован', '10.02.2023')
[2024-08-01T16:14:41.469+0000] {sql.py:496} INFO - Rows affected: 1
[2024-08-01T16:14:41.473+0000] {base.py:84} INFO - Using connection ID 'postgresql_conn' for task execution.
[2024-08-01T16:14:41.475+0000] {sql.py:487} INFO - Running statement: 
            insert into raw_animals (chip_id, type, nickname, gender, breed, passport_number, register_date, birthday, status, ownership, 
                                    register_type, tagging_location, tagging_place, tagging_date, district_area, date_vaccination, date_sterilization_castration)
            values (%s, %s, %s, %s, %s, %s, %s, %s, %s, %s, %s, %s, %s, %s, %s, %s, %s)
            on conflict (passport_number) do nothing;
        , parameters: ('398010000259464', 'Собака', '6494', 'Самка', 'Беспородная', 'KZD300724-0189719', '01.08.2024 19:42:01', '25.11.2022', 'Активный', 'Безнадзорное', 'Мечение животного', 'Общественное объединение "Надежда плюс kst"', 'Реабилитационный центр для животных', '30.07.2024', 'Костанай г.а.', 'Не вакцинирован', 'Не стерилизован/кастрирован')
[2024-08-01T16:14:41.477+0000] {sql.py:496} INFO - Rows affected: 1
[2024-08-01T16:14:41.482+0000] {base.py:84} INFO - Using connection ID 'postgresql_conn' for task execution.
[2024-08-01T16:14:41.484+0000] {sql.py:487} INFO - Running statement: 
            insert into raw_animals (chip_id, type, nickname, gender, breed, passport_number, register_date, birthday, status, ownership, 
                                    register_type, tagging_location, tagging_place, tagging_date, district_area, date_vaccination, date_sterilization_castration)
            values (%s, %s, %s, %s, %s, %s, %s, %s, %s, %s, %s, %s, %s, %s, %s, %s, %s)
            on conflict (passport_number) do nothing;
        , parameters: ('398010000115411', 'Собака', 'нет', 'Самка', 'Беспородная', 'KZD300724-0189718', '01.08.2024 19:16:36', '27.07.2022', 'Активный', 'Бродячее', 'Мечение животного', 'Государственное коммунальное предприятие "Кобдинская районная ветеринарная станция" на праве хозяйственного ведения ГУ "Управление ветеринарии Актюбинской области"', 'Пункт временного содержания животных', '30.07.2024', 'Хобдинский район', 'Не вакцинирован', 'Не стерилизован/кастрирован')
[2024-08-01T16:14:41.485+0000] {sql.py:496} INFO - Rows affected: 1
[2024-08-01T16:14:41.490+0000] {base.py:84} INFO - Using connection ID 'postgresql_conn' for task execution.
[2024-08-01T16:14:41.491+0000] {sql.py:487} INFO - Running statement: 
            insert into raw_animals (chip_id, type, nickname, gender, breed, passport_number, register_date, birthday, status, ownership, 
                                    register_type, tagging_location, tagging_place, tagging_date, district_area, date_vaccination, date_sterilization_castration)
            values (%s, %s, %s, %s, %s, %s, %s, %s, %s, %s, %s, %s, %s, %s, %s, %s, %s)
            on conflict (passport_number) do nothing;
        , parameters: ('398010000115410', 'Собака', 'нет', 'Самка', 'Беспородная', 'KZD300724-0189717', '01.08.2024 19:09:45', '13.07.2023', 'Активный', 'Бродячее', 'Мечение животного', 'Государственное коммунальное предприятие "Кобдинская районная ветеринарная станция" на праве хозяйственного ведения ГУ "Управление ветеринарии Актюбинской области"', 'Пункт временного содержания животных', '30.07.2024', 'Хобдинский район', 'Не вакцинирован', 'Не стерилизован/кастрирован')
[2024-08-01T16:14:41.492+0000] {sql.py:496} INFO - Rows affected: 1
[2024-08-01T16:14:41.492+0000] {python.py:237} INFO - Done. Returned value was: None
[2024-08-01T16:14:41.493+0000] {taskinstance.py:441} INFO - ::group::Post task execution logs
[2024-08-01T16:14:41.498+0000] {taskinstance.py:1206} INFO - Marking task as SUCCESS. dag_id=kezekte_etl, task_id=transform_data, run_id=manual__2024-08-01T16:14:37.252951+00:00, execution_date=20240801T161437, start_date=20240801T161441, end_date=20240801T161441
[2024-08-01T16:14:41.522+0000] {local_task_job_runner.py:240} INFO - Task exited with return code 0
[2024-08-01T16:14:41.530+0000] {taskinstance.py:3503} INFO - 0 downstream tasks scheduled from follow-on schedule check
[2024-08-01T16:14:41.531+0000] {local_task_job_runner.py:222} INFO - ::endgroup::
